{
  "stats": {
    "suites": 12,
    "tests": 41,
    "passes": 24,
    "pending": 0,
    "failures": 17,
    "start": "2022-01-26T13:30:55.539Z",
    "end": "2022-01-26T13:32:17.983Z",
    "duration": 82444,
    "testsRegistered": 41,
    "passPercent": 58.536585365853654,
    "pendingPercent": 0,
    "other": 0,
    "hasOther": false,
    "skipped": 0,
    "hasSkipped": false
  },
  "results": [
    {
      "uuid": "c933a3f8-8c19-437b-90ac-292bc97c758e",
      "title": "",
      "fullFile": "cypress/integration/project.spec.js",
      "file": "cypress/integration/project.spec.js",
      "beforeHooks": [],
      "afterHooks": [],
      "tests": [],
      "suites": [
        {
          "uuid": "05661c62-f955-47d4-b72d-d25aafb1874b",
          "title": "1 - Adicione à página o título \"Paleta de Cores\".",
          "fullFile": "",
          "file": "",
          "beforeHooks": [],
          "afterHooks": [],
          "tests": [
            {
              "title": "Verifica se contém um elemento `h1` com o id `title` com o título correto",
              "fullTitle": "1 - Adicione à página o título \"Paleta de Cores\". Verifica se contém um elemento `h1` com o id `title` com o título correto",
              "timedOut": null,
              "duration": 242,
              "state": "passed",
              "speed": "slow",
              "pass": true,
              "fail": false,
              "pending": false,
              "context": null,
              "code": "cy.get('h1#title').should('contain.text', 'Paleta de Cores');",
              "err": {},
              "uuid": "cc6f1111-1e95-4289-96e1-99fc431f6c90",
              "parentUUID": "05661c62-f955-47d4-b72d-d25aafb1874b",
              "isHook": false,
              "skipped": false
            }
          ],
          "suites": [],
          "passes": [
            "cc6f1111-1e95-4289-96e1-99fc431f6c90"
          ],
          "failures": [],
          "pending": [],
          "skipped": [],
          "duration": 242,
          "root": false,
          "rootEmpty": false,
          "_timeout": 2000
        },
        {
          "uuid": "fd5abb3f-f6e5-473f-87eb-c5b706238d24",
          "title": "2 - Adicione à página uma paleta de quatro cores distintas.",
          "fullFile": "",
          "file": "",
          "beforeHooks": [],
          "afterHooks": [],
          "tests": [
            {
              "title": "A paleta de cores deve ser um elemento com `id` denominado `color-palette`",
              "fullTitle": "2 - Adicione à página uma paleta de quatro cores distintas. A paleta de cores deve ser um elemento com `id` denominado `color-palette`",
              "timedOut": null,
              "duration": 222,
              "state": "passed",
              "speed": "slow",
              "pass": true,
              "fail": false,
              "pending": false,
              "context": null,
              "code": "cy.get('#color-palette').should('be.visible');\ncy.get('#color-palette').children('.color');",
              "err": {},
              "uuid": "be83aa96-1a8f-4adc-8d80-2527c604eb37",
              "parentUUID": "fd5abb3f-f6e5-473f-87eb-c5b706238d24",
              "isHook": false,
              "skipped": false
            },
            {
              "title": "Verifica se cada cor individual da paleta de cores possui a `classe` chamada `color`.",
              "fullTitle": "2 - Adicione à página uma paleta de quatro cores distintas. Verifica se cada cor individual da paleta de cores possui a `classe` chamada `color`.",
              "timedOut": null,
              "duration": 181,
              "state": "passed",
              "speed": "slow",
              "pass": true,
              "fail": false,
              "pending": false,
              "context": null,
              "code": "cy.get('.color').should('have.length', 4).then(function (colors) {\n  for (var i = 0; i < colors.length; i++) {\n    cy.wrap(colors[i]).should('be.visible');\n  }\n});",
              "err": {},
              "uuid": "c7935d1c-abee-4c14-bd4b-5b262a74eb53",
              "parentUUID": "fd5abb3f-f6e5-473f-87eb-c5b706238d24",
              "isHook": false,
              "skipped": false
            },
            {
              "title": "Verifica se a cor de fundo de cada elemento da paleta é a cor que o elemento representa. **A única cor não permitida na paleta é a cor branca.**",
              "fullTitle": "2 - Adicione à página uma paleta de quatro cores distintas. Verifica se a cor de fundo de cada elemento da paleta é a cor que o elemento representa. **A única cor não permitida na paleta é a cor branca.**",
              "timedOut": null,
              "duration": 224,
              "state": "passed",
              "speed": "slow",
              "pass": true,
              "fail": false,
              "pending": false,
              "context": null,
              "code": "cy.get('.color').each(function (color) {\n  cy.wrap(color).should('have.class', 'color').and('not.have.css', 'background-color', WHITE);\n  cy.wrap(color).should('have.css', 'background-color');\n});",
              "err": {},
              "uuid": "4185a79a-918e-4f3e-8240-d2ea29c27c1b",
              "parentUUID": "fd5abb3f-f6e5-473f-87eb-c5b706238d24",
              "isHook": false,
              "skipped": false
            },
            {
              "title": "Verifica se cada elemento da paleta de cores tem uma borda preta, sólida e com 1 pixel de largura;",
              "fullTitle": "2 - Adicione à página uma paleta de quatro cores distintas. Verifica se cada elemento da paleta de cores tem uma borda preta, sólida e com 1 pixel de largura;",
              "timedOut": null,
              "duration": 197,
              "state": "passed",
              "speed": "slow",
              "pass": true,
              "fail": false,
              "pending": false,
              "context": null,
              "code": "cy.get('.color').each(function (color) {\n  cy.wrap(color).and('have.css', 'border', \"1px solid \".concat(BLACK)).and('have.class', 'color');\n});",
              "err": {},
              "uuid": "20d80aa8-f0fe-4ce1-a2b5-34acdad71cc8",
              "parentUUID": "fd5abb3f-f6e5-473f-87eb-c5b706238d24",
              "isHook": false,
              "skipped": false
            },
            {
              "title": "Verifica se a paleta lista todas as cores disponíveis para utilização, lado a lado.",
              "fullTitle": "2 - Adicione à página uma paleta de quatro cores distintas. Verifica se a paleta lista todas as cores disponíveis para utilização, lado a lado.",
              "timedOut": null,
              "duration": 114,
              "state": "passed",
              "speed": "slow",
              "pass": true,
              "fail": false,
              "pending": false,
              "context": null,
              "code": "cy.get('.color').then(function (colors) {\n  for (var index = 1; index < colors.length; index += 1) {\n    var currentColor = colors[index];\n    var previousColor = colors[index - 1];\n    cy.wrap(currentColor).should('be.onTheRightOf', previousColor).and('be.horizontallyAlignedWith', previousColor);\n  }\n});",
              "err": {},
              "uuid": "66377343-0cbb-415d-9c16-d35e8e01a5fe",
              "parentUUID": "fd5abb3f-f6e5-473f-87eb-c5b706238d24",
              "isHook": false,
              "skipped": false
            },
            {
              "title": "Verifica se a paleta de cores está posicionada abaixo do título 'Paleta de Cores'",
              "fullTitle": "2 - Adicione à página uma paleta de quatro cores distintas. Verifica se a paleta de cores está posicionada abaixo do título 'Paleta de Cores'",
              "timedOut": null,
              "duration": 149,
              "state": "passed",
              "speed": "slow",
              "pass": true,
              "fail": false,
              "pending": false,
              "context": null,
              "code": "cy.get('h1#title').then(function (title) {\n  cy.get('#color-palette').should('be.belowOf', title);\n});",
              "err": {},
              "uuid": "037f5f3c-2886-4284-bc51-17e502004751",
              "parentUUID": "fd5abb3f-f6e5-473f-87eb-c5b706238d24",
              "isHook": false,
              "skipped": false
            },
            {
              "title": "Verifica se a paleta de cores não contém cores repetidas.",
              "fullTitle": "2 - Adicione à página uma paleta de quatro cores distintas. Verifica se a paleta de cores não contém cores repetidas.",
              "timedOut": null,
              "duration": 106,
              "state": "passed",
              "speed": "slow",
              "pass": true,
              "fail": false,
              "pending": false,
              "context": null,
              "code": "cy.get('.color').then(function (colors) {\n  var allColors = Array.from(colors).map(function (color) {\n    return Cypress.$(color).css('background-color');\n  });\n  cy.log(allColors);\n  var uniqColors = (0, _toConsumableArray2[\"default\"])(new Set(allColors));\n  cy.log(uniqColors);\n  expect(allColors.length).to.eq(uniqColors.length);\n});",
              "err": {},
              "uuid": "61d5d1e6-e358-4a6e-94f3-35aac8db690c",
              "parentUUID": "fd5abb3f-f6e5-473f-87eb-c5b706238d24",
              "isHook": false,
              "skipped": false
            }
          ],
          "suites": [],
          "passes": [
            "be83aa96-1a8f-4adc-8d80-2527c604eb37",
            "c7935d1c-abee-4c14-bd4b-5b262a74eb53",
            "4185a79a-918e-4f3e-8240-d2ea29c27c1b",
            "20d80aa8-f0fe-4ce1-a2b5-34acdad71cc8",
            "66377343-0cbb-415d-9c16-d35e8e01a5fe",
            "037f5f3c-2886-4284-bc51-17e502004751",
            "61d5d1e6-e358-4a6e-94f3-35aac8db690c"
          ],
          "failures": [],
          "pending": [],
          "skipped": [],
          "duration": 1193,
          "root": false,
          "rootEmpty": false,
          "_timeout": 2000
        },
        {
          "uuid": "ecbe894e-7fa8-4c89-a1d9-6aa759f14a43",
          "title": "3 - Adicione a cor **preta** como a primeira cor da paleta de cores.",
          "fullFile": "",
          "file": "",
          "beforeHooks": [],
          "afterHooks": [],
          "tests": [
            {
              "title": "Verifica se a primeira cor da paleta é preta",
              "fullTitle": "3 - Adicione a cor **preta** como a primeira cor da paleta de cores. Verifica se a primeira cor da paleta é preta",
              "timedOut": null,
              "duration": 154,
              "state": "passed",
              "speed": "slow",
              "pass": true,
              "fail": false,
              "pending": false,
              "context": null,
              "code": "cy.get('.color').first().should('have.css', 'background-color', BLACK);",
              "err": {},
              "uuid": "e892cc60-5e69-4167-ad14-863f636dd416",
              "parentUUID": "ecbe894e-7fa8-4c89-a1d9-6aa759f14a43",
              "isHook": false,
              "skipped": false
            },
            {
              "title": "Verifica se as demais cores podem ser escolhidas livremente.",
              "fullTitle": "3 - Adicione a cor **preta** como a primeira cor da paleta de cores. Verifica se as demais cores podem ser escolhidas livremente.",
              "timedOut": null,
              "duration": 198,
              "state": "passed",
              "speed": "slow",
              "pass": true,
              "fail": false,
              "pending": false,
              "context": null,
              "code": "cy.get('.color').eq(1).should('not.have.css', 'background-color', BLACK);\ncy.get('.color').eq(1).should('not.have.css', 'background-color', WHITE);\ncy.get('.color').eq(1).should('not.have.css', 'background-color', 'rgba(0, 0, 0, 0)');\ncy.get('.color').eq(1).should('have.css', 'background-color');\ncy.get('.color').eq(2).should('not.have.css', 'background-color', BLACK);\ncy.get('.color').eq(2).should('not.have.css', 'background-color', WHITE);\ncy.get('.color').eq(2).should('not.have.css', 'background-color', 'rgba(0, 0, 0, 0)');\ncy.get('.color').eq(2).should('have.css', 'background-color');\ncy.get('.color').eq(3).should('not.have.css', 'background-color', BLACK);\ncy.get('.color').eq(3).should('not.have.css', 'background-color', WHITE);\ncy.get('.color').eq(3).should('not.have.css', 'background-color', 'rgba(0, 0, 0, 0)');\ncy.get('.color').eq(3).should('have.css', 'background-color');",
              "err": {},
              "uuid": "5403ac09-18cf-4644-b3d7-a3f2aef8fd1b",
              "parentUUID": "ecbe894e-7fa8-4c89-a1d9-6aa759f14a43",
              "isHook": false,
              "skipped": false
            }
          ],
          "suites": [],
          "passes": [
            "e892cc60-5e69-4167-ad14-863f636dd416",
            "5403ac09-18cf-4644-b3d7-a3f2aef8fd1b"
          ],
          "failures": [],
          "pending": [],
          "skipped": [],
          "duration": 352,
          "root": false,
          "rootEmpty": false,
          "_timeout": 2000
        },
        {
          "uuid": "12d8b425-1c25-4918-b4f0-54d0bfdd2ffd",
          "title": "4 - Adicione à página um quadro de pixels, com 25 pixels.",
          "fullFile": "",
          "file": "",
          "beforeHooks": [],
          "afterHooks": [],
          "tests": [
            {
              "title": "Verifica se o quadro de pixels possui o `id` denominado `pixel-board`",
              "fullTitle": "4 - Adicione à página um quadro de pixels, com 25 pixels. Verifica se o quadro de pixels possui o `id` denominado `pixel-board`",
              "timedOut": null,
              "duration": 148,
              "state": "passed",
              "speed": "slow",
              "pass": true,
              "fail": false,
              "pending": false,
              "context": null,
              "code": "cy.get('#pixel-board').should('be.visible');",
              "err": {},
              "uuid": "81f08a6a-7cb6-49d3-8e79-367d4c78d0d9",
              "parentUUID": "12d8b425-1c25-4918-b4f0-54d0bfdd2ffd",
              "isHook": false,
              "skipped": false
            },
            {
              "title": "Verifica se cada pixel individual dentro do quadro possui a `classe` denominada `pixel`.",
              "fullTitle": "4 - Adicione à página um quadro de pixels, com 25 pixels. Verifica se cada pixel individual dentro do quadro possui a `classe` denominada `pixel`.",
              "timedOut": null,
              "duration": 149,
              "state": "passed",
              "speed": "slow",
              "pass": true,
              "fail": false,
              "pending": false,
              "context": null,
              "code": "cy.get('.pixel').should('have.length', 25);",
              "err": {},
              "uuid": "e2c2e654-85c5-42f8-88a6-0285ce6a4ddf",
              "parentUUID": "12d8b425-1c25-4918-b4f0-54d0bfdd2ffd",
              "isHook": false,
              "skipped": false
            },
            {
              "title": "Verifica se a cor inicial dos pixels dentro do quadro, ao abrir a página, é branca.",
              "fullTitle": "4 - Adicione à página um quadro de pixels, com 25 pixels. Verifica se a cor inicial dos pixels dentro do quadro, ao abrir a página, é branca.",
              "timedOut": null,
              "duration": 254,
              "state": "passed",
              "speed": "slow",
              "pass": true,
              "fail": false,
              "pending": false,
              "context": null,
              "code": "cy.get('.pixel').should('have.length', 25).each(function (pixel) {\n  expect(pixel).to.have.css('background-color', WHITE);\n});",
              "err": {},
              "uuid": "1666d264-f2d4-46e0-8542-e1704adb126b",
              "parentUUID": "12d8b425-1c25-4918-b4f0-54d0bfdd2ffd",
              "isHook": false,
              "skipped": false
            },
            {
              "title": "Verifica se o quadro de pixels aparece abaixo da paleta de cores",
              "fullTitle": "4 - Adicione à página um quadro de pixels, com 25 pixels. Verifica se o quadro de pixels aparece abaixo da paleta de cores",
              "timedOut": null,
              "duration": 115,
              "state": "passed",
              "speed": "slow",
              "pass": true,
              "fail": false,
              "pending": false,
              "context": null,
              "code": "cy.get('#color-palette').then(function (palette) {\n  cy.get('#pixel-board').should('be.belowOf', palette);\n});",
              "err": {},
              "uuid": "46b610c7-9d32-46e0-90e8-a6bf910b9146",
              "parentUUID": "12d8b425-1c25-4918-b4f0-54d0bfdd2ffd",
              "isHook": false,
              "skipped": false
            }
          ],
          "suites": [],
          "passes": [
            "81f08a6a-7cb6-49d3-8e79-367d4c78d0d9",
            "e2c2e654-85c5-42f8-88a6-0285ce6a4ddf",
            "1666d264-f2d4-46e0-8542-e1704adb126b",
            "46b610c7-9d32-46e0-90e8-a6bf910b9146"
          ],
          "failures": [],
          "pending": [],
          "skipped": [],
          "duration": 666,
          "root": false,
          "rootEmpty": false,
          "_timeout": 2000
        },
        {
          "uuid": "eabc691d-bb6f-4d01-b9d6-bb1eee454dd3",
          "title": "5 - Faça com que cada elemento do quadro de pixels possua 40 pixels de largura, 40 pixels de altura e seja delimitado por uma borda preta de 1 pixel.",
          "fullFile": "",
          "file": "",
          "beforeHooks": [],
          "afterHooks": [],
          "tests": [
            {
              "title": "Verifica se o quadro de pixels tem altura e comprimento de 5 elementos",
              "fullTitle": "5 - Faça com que cada elemento do quadro de pixels possua 40 pixels de largura, 40 pixels de altura e seja delimitado por uma borda preta de 1 pixel. Verifica se o quadro de pixels tem altura e comprimento de 5 elementos",
              "timedOut": null,
              "duration": 303,
              "state": "passed",
              "speed": "slow",
              "pass": true,
              "fail": false,
              "pending": false,
              "context": null,
              "code": "cy.get('.pixel').should('have.length', 25).each(function (pixel) {\n  expect(pixel).to.have.css('background-color', WHITE);\n}).and(function (pixels) {\n  var rows = chunk(pixels, 5);\n  rows.forEach(function (row) {\n    for (var index = 1; index < row.length; index += 1) {\n      var current = pixels[index];\n      var previous = pixels[index - 1];\n      cy.wrap(current).should('be.onTheRightOf', previous).and('be.horizontallyAlignedWith', previous);\n    }\n  });\n  for (var index = 1; index < 5; index += 1) {\n    expect(pixels[index * 5]).to.be.belowOf(pixels[(index - 1) * 5]);\n  }\n});",
              "err": {},
              "uuid": "cdc3b03a-3950-4c77-b106-829a5d651451",
              "parentUUID": "eabc691d-bb6f-4d01-b9d6-bb1eee454dd3",
              "isHook": false,
              "skipped": false
            },
            {
              "title": "Verifica se 40 pixels é o tamanho total do elemento, incluindo seu conteúdo e excluindo a borda preta, que deve ser criada à parte.",
              "fullTitle": "5 - Faça com que cada elemento do quadro de pixels possua 40 pixels de largura, 40 pixels de altura e seja delimitado por uma borda preta de 1 pixel. Verifica se 40 pixels é o tamanho total do elemento, incluindo seu conteúdo e excluindo a borda preta, que deve ser criada à parte.",
              "timedOut": null,
              "duration": 283,
              "state": "passed",
              "speed": "slow",
              "pass": true,
              "fail": false,
              "pending": false,
              "context": null,
              "code": "cy.get('.pixel').each(function (pixel) {\n  cy.wrap(pixel).should('have.css', 'height', '40px').and('have.css', 'width', '40px').and('have.css', 'border', \"1px solid \".concat(BLACK));\n});",
              "err": {},
              "uuid": "030a281e-a882-400f-ab09-70fd33b9013f",
              "parentUUID": "eabc691d-bb6f-4d01-b9d6-bb1eee454dd3",
              "isHook": false,
              "skipped": false
            }
          ],
          "suites": [],
          "passes": [
            "cdc3b03a-3950-4c77-b106-829a5d651451",
            "030a281e-a882-400f-ab09-70fd33b9013f"
          ],
          "failures": [],
          "pending": [],
          "skipped": [],
          "duration": 586,
          "root": false,
          "rootEmpty": false,
          "_timeout": 2000
        },
        {
          "uuid": "0abdd2aa-b94d-4f9b-9119-597961eb8313",
          "title": "6 - Defina a cor preta como cor inicial. Ao carregar a página a cor preta já deve estar selecionada para pintar os pixels",
          "fullFile": "",
          "file": "",
          "beforeHooks": [],
          "afterHooks": [],
          "tests": [
            {
              "title": "Verifica se o elemento da cor preta possui, inicialmente, a `classe` `selected`",
              "fullTitle": "6 - Defina a cor preta como cor inicial. Ao carregar a página a cor preta já deve estar selecionada para pintar os pixels Verifica se o elemento da cor preta possui, inicialmente, a `classe` `selected`",
              "timedOut": null,
              "duration": 162,
              "state": "passed",
              "speed": "slow",
              "pass": true,
              "fail": false,
              "pending": false,
              "context": null,
              "code": "cy.get('.selected').first().should('have.css', 'background-color', BLACK);",
              "err": {},
              "uuid": "2b4a2df2-20dd-48fd-af60-8404696841df",
              "parentUUID": "0abdd2aa-b94d-4f9b-9119-597961eb8313",
              "isHook": false,
              "skipped": false
            },
            {
              "title": "Verifica se nenhuma outra cor da paleta tem a `classe` `selected`",
              "fullTitle": "6 - Defina a cor preta como cor inicial. Ao carregar a página a cor preta já deve estar selecionada para pintar os pixels Verifica se nenhuma outra cor da paleta tem a `classe` `selected`",
              "timedOut": null,
              "duration": 130,
              "state": "passed",
              "speed": "slow",
              "pass": true,
              "fail": false,
              "pending": false,
              "context": null,
              "code": "cy.get('.color:not(:first-child)').each(function (color) {\n  cy.wrap(color).should('not.have.class', 'selected');\n});",
              "err": {},
              "uuid": "8125728d-a291-4f7d-b83f-23e50415f8ed",
              "parentUUID": "0abdd2aa-b94d-4f9b-9119-597961eb8313",
              "isHook": false,
              "skipped": false
            }
          ],
          "suites": [],
          "passes": [
            "2b4a2df2-20dd-48fd-af60-8404696841df",
            "8125728d-a291-4f7d-b83f-23e50415f8ed"
          ],
          "failures": [],
          "pending": [],
          "skipped": [],
          "duration": 292,
          "root": false,
          "rootEmpty": false,
          "_timeout": 2000
        },
        {
          "uuid": "3db25af1-43af-4e9b-99aa-4e6eac221e1c",
          "title": "7 - Clicar em uma das cores da paleta, faz com que ela seja selecionada e utilizada para preencher os pixels no quadro.",
          "fullFile": "",
          "file": "",
          "beforeHooks": [],
          "afterHooks": [],
          "tests": [
            {
              "title": "Verifica se somente uma cor da paleta de cores tem a classe `selected` de cada vez",
              "fullTitle": "7 - Clicar em uma das cores da paleta, faz com que ela seja selecionada e utilizada para preencher os pixels no quadro. Verifica se somente uma cor da paleta de cores tem a classe `selected` de cada vez",
              "timedOut": null,
              "duration": 487,
              "state": "passed",
              "speed": "slow",
              "pass": true,
              "fail": false,
              "pending": false,
              "context": null,
              "code": "cy.get('.color').each(function (selectedColor, selectedColorIndex) {\n  cy.wrap(selectedColor).click();\n  cy.get('.color').each(function (color, colorIndex) {\n    if (colorIndex === selectedColorIndex) {\n      expect(color).to.have[\"class\"]('selected');\n    } else {\n      expect(color).not.to.have[\"class\"]('selected');\n    }\n  });\n});",
              "err": {},
              "uuid": "90256d3c-11c7-4a96-91fd-6f11102fa38a",
              "parentUUID": "3db25af1-43af-4e9b-99aa-4e6eac221e1c",
              "isHook": false,
              "skipped": false
            },
            {
              "title": "Verifica se os pixels dentro do quadro não têm a classe `selected` quando são clicados",
              "fullTitle": "7 - Clicar em uma das cores da paleta, faz com que ela seja selecionada e utilizada para preencher os pixels no quadro. Verifica se os pixels dentro do quadro não têm a classe `selected` quando são clicados",
              "timedOut": null,
              "duration": 8742,
              "state": "passed",
              "speed": "slow",
              "pass": true,
              "fail": false,
              "pending": false,
              "context": null,
              "code": "cy.get('.color').each(function (color) {\n  var backgroundColor = color.css('background-color');\n  cy.wrap(color).click();\n  cy.get('.pixel').each(function (pixel) {\n    cy.wrap(pixel).click().should('not.have.class', 'selected');\n  });\n});",
              "err": {},
              "uuid": "89af9542-cceb-4c71-bcdf-2a8f1915cf81",
              "parentUUID": "3db25af1-43af-4e9b-99aa-4e6eac221e1c",
              "isHook": false,
              "skipped": false
            }
          ],
          "suites": [],
          "passes": [
            "90256d3c-11c7-4a96-91fd-6f11102fa38a",
            "89af9542-cceb-4c71-bcdf-2a8f1915cf81"
          ],
          "failures": [],
          "pending": [],
          "skipped": [],
          "duration": 9229,
          "root": false,
          "rootEmpty": false,
          "_timeout": 2000
        },
        {
          "uuid": "eb2c61ac-fbb2-4c70-8e76-d2d93f265bc7",
          "title": "8 - Clicar em um pixel dentro do quadro após selecionar uma cor na paleta, faz com que o pixel seja preenchido com a cor selecionada.",
          "fullFile": "",
          "file": "",
          "beforeHooks": [],
          "afterHooks": [],
          "tests": [
            {
              "title": "Verifica se ao carregar a página deve ser possível pintar os pixels de preto",
              "fullTitle": "8 - Clicar em um pixel dentro do quadro após selecionar uma cor na paleta, faz com que o pixel seja preenchido com a cor selecionada. Verifica se ao carregar a página deve ser possível pintar os pixels de preto",
              "timedOut": null,
              "duration": 4460,
              "state": "failed",
              "speed": null,
              "pass": false,
              "fail": true,
              "pending": false,
              "context": null,
              "code": "cy.get('.pixel').each(function (pixel) {\n  cy.wrap(pixel).click().should('have.css', 'background-color', BLACK);\n});",
              "err": {
                "message": "CypressError: Timed out retrying: expected '<div.pixel>' to have CSS property 'background-color' with the value 'rgb(0, 0, 0)', but the value was 'rgb(255, 255, 255)'",
                "estack": "CypressError: Timed out retrying: expected '<div.pixel>' to have CSS property 'background-color' with the value 'rgb(0, 0, 0)', but the value was 'rgb(255, 255, 255)'\n    at cypressErr (http://localhost:42435/__cypress/runner/cypress_runner.js:149934:9)\n    at throwErr (http://localhost:42435/__cypress/runner/cypress_runner.js:149867:11)\n    at Object.throwErrByPath (http://localhost:42435/__cypress/runner/cypress_runner.js:149915:3)\n    at retry (http://localhost:42435/__cypress/runner/cypress_runner.js:144197:19)\n    at onFailFn (http://localhost:42435/__cypress/runner/cypress_runner.js:132448:16)\n    at tryCatcher (http://localhost:42435/__cypress/runner/cypress_runner.js:167415:23)\n    at Promise._settlePromiseFromHandler (http://localhost:42435/__cypress/runner/cypress_runner.js:165351:31)\n    at Promise._settlePromise (http://localhost:42435/__cypress/runner/cypress_runner.js:165408:18)\n    at Promise._settlePromise0 (http://localhost:42435/__cypress/runner/cypress_runner.js:165453:10)\n    at Promise._settlePromises (http://localhost:42435/__cypress/runner/cypress_runner.js:165528:18)\n    at Async../node_modules/bluebird/js/release/async.js.Async._drainQueue (http://localhost:42435/__cypress/runner/cypress_runner.js:162140:16)\n    at Async../node_modules/bluebird/js/release/async.js.Async._drainQueues (http://localhost:42435/__cypress/runner/cypress_runner.js:162150:10)\n    at Async.drainQueues (http://localhost:42435/__cypress/runner/cypress_runner.js:162024:14)",
                "diff": null
              },
              "uuid": "478d6ecc-d8a9-40ea-8315-1b52c291ece1",
              "parentUUID": "eb2c61ac-fbb2-4c70-8e76-d2d93f265bc7",
              "isHook": false,
              "skipped": false
            },
            {
              "title": "Verifica se após selecionar uma outra cor na paleta, é possível pintar os pixels com essa cor",
              "fullTitle": "8 - Clicar em um pixel dentro do quadro após selecionar uma cor na paleta, faz com que o pixel seja preenchido com a cor selecionada. Verifica se após selecionar uma outra cor na paleta, é possível pintar os pixels com essa cor",
              "timedOut": null,
              "duration": 4556,
              "state": "failed",
              "speed": null,
              "pass": false,
              "fail": true,
              "pending": false,
              "context": null,
              "code": "cy.get('.color').each(function (color) {\n  var backgroundColor = color.css('background-color');\n  cy.wrap(color).click();\n  cy.get('.pixel').each(function (pixel) {\n    cy.wrap(pixel).click().should('have.css', 'background-color', backgroundColor);\n  });\n});",
              "err": {
                "message": "CypressError: Timed out retrying: expected '<div.pixel>' to have CSS property 'background-color' with the value 'rgb(0, 0, 0)', but the value was 'rgb(255, 255, 255)'",
                "estack": "CypressError: Timed out retrying: expected '<div.pixel>' to have CSS property 'background-color' with the value 'rgb(0, 0, 0)', but the value was 'rgb(255, 255, 255)'\n    at cypressErr (http://localhost:42435/__cypress/runner/cypress_runner.js:149934:9)\n    at throwErr (http://localhost:42435/__cypress/runner/cypress_runner.js:149867:11)\n    at Object.throwErrByPath (http://localhost:42435/__cypress/runner/cypress_runner.js:149915:3)\n    at retry (http://localhost:42435/__cypress/runner/cypress_runner.js:144197:19)\n    at onFailFn (http://localhost:42435/__cypress/runner/cypress_runner.js:132448:16)\n    at tryCatcher (http://localhost:42435/__cypress/runner/cypress_runner.js:167415:23)\n    at Promise._settlePromiseFromHandler (http://localhost:42435/__cypress/runner/cypress_runner.js:165351:31)\n    at Promise._settlePromise (http://localhost:42435/__cypress/runner/cypress_runner.js:165408:18)\n    at Promise._settlePromise0 (http://localhost:42435/__cypress/runner/cypress_runner.js:165453:10)\n    at Promise._settlePromises (http://localhost:42435/__cypress/runner/cypress_runner.js:165528:18)\n    at Async../node_modules/bluebird/js/release/async.js.Async._drainQueue (http://localhost:42435/__cypress/runner/cypress_runner.js:162140:16)\n    at Async../node_modules/bluebird/js/release/async.js.Async._drainQueues (http://localhost:42435/__cypress/runner/cypress_runner.js:162150:10)\n    at Async.drainQueues (http://localhost:42435/__cypress/runner/cypress_runner.js:162024:14)",
                "diff": null
              },
              "uuid": "800da916-8241-447d-823e-461ee211d299",
              "parentUUID": "eb2c61ac-fbb2-4c70-8e76-d2d93f265bc7",
              "isHook": false,
              "skipped": false
            },
            {
              "title": "Verifica se somente o pixel que foi clicado foi preenchido com a cor selecionada, sem influenciar na cor dos demais pixels.",
              "fullTitle": "8 - Clicar em um pixel dentro do quadro após selecionar uma cor na paleta, faz com que o pixel seja preenchido com a cor selecionada. Verifica se somente o pixel que foi clicado foi preenchido com a cor selecionada, sem influenciar na cor dos demais pixels.",
              "timedOut": null,
              "duration": 1588,
              "state": "passed",
              "speed": "slow",
              "pass": true,
              "fail": false,
              "pending": false,
              "context": null,
              "code": "var colorToPixelIndexMap = {\n  0: 6,\n  1: 8,\n  2: 16,\n  3: 18\n};\ncy.get('.color').each(function (color, index) {\n  cy.wrap(color).click();\n  var backgroundColor = color.css('background-color');\n  var clickedPixelIndex = colorToPixelIndexMap[index];\n  cy.get('.pixel').eq(clickedPixelIndex).click();\n  cy.get('.pixel').eq(clickedPixelIndex - 1).should('not.have.css', 'background-color', backgroundColor);\n  cy.get('.pixel').eq(clickedPixelIndex + 1).should('not.have.css', 'background-color', backgroundColor);\n  cy.get('.pixel').eq(clickedPixelIndex - 5).should('not.have.css', 'background-color', backgroundColor);\n  cy.get('.pixel').eq(clickedPixelIndex + 5).should('not.have.css', 'background-color', backgroundColor);\n  cy.get('.pixel').eq(clickedPixelIndex - 6).should('not.have.css', 'background-color', backgroundColor);\n  cy.get('.pixel').eq(clickedPixelIndex - 4).should('not.have.css', 'background-color', backgroundColor);\n  cy.get('.pixel').eq(clickedPixelIndex + 4).should('not.have.css', 'background-color', backgroundColor);\n  cy.get('.pixel').eq(clickedPixelIndex + 6).should('not.have.css', 'background-color', backgroundColor);\n});",
              "err": {},
              "uuid": "a7e7c964-bdb6-4349-b3fe-30f3f7a75896",
              "parentUUID": "eb2c61ac-fbb2-4c70-8e76-d2d93f265bc7",
              "isHook": false,
              "skipped": false
            }
          ],
          "suites": [],
          "passes": [
            "a7e7c964-bdb6-4349-b3fe-30f3f7a75896"
          ],
          "failures": [
            "478d6ecc-d8a9-40ea-8315-1b52c291ece1",
            "800da916-8241-447d-823e-461ee211d299"
          ],
          "pending": [],
          "skipped": [],
          "duration": 10604,
          "root": false,
          "rootEmpty": false,
          "_timeout": 2000
        },
        {
          "uuid": "8c6b3031-d785-4d76-8e13-362587c06987",
          "title": "9 - Crie um botão que, ao ser clicado, limpa o quadro preenchendo a cor de todos seus pixels com branco.",
          "fullFile": "",
          "file": "",
          "beforeHooks": [],
          "afterHooks": [],
          "tests": [
            {
              "title": "Verifica se o botão tem o `id` denominado `clear-board`",
              "fullTitle": "9 - Crie um botão que, ao ser clicado, limpa o quadro preenchendo a cor de todos seus pixels com branco. Verifica se o botão tem o `id` denominado `clear-board`",
              "timedOut": null,
              "duration": 223,
              "state": "passed",
              "speed": "slow",
              "pass": true,
              "fail": false,
              "pending": false,
              "context": null,
              "code": "cy.get('#clear-board').should('be.visible');",
              "err": {},
              "uuid": "9c571ef5-458c-4de0-97df-b8358caa7ec6",
              "parentUUID": "8c6b3031-d785-4d76-8e13-362587c06987",
              "isHook": false,
              "skipped": false
            },
            {
              "title": "Verifica se o botão está posicionado entre a paleta de cores e o quadro de pixels",
              "fullTitle": "9 - Crie um botão que, ao ser clicado, limpa o quadro preenchendo a cor de todos seus pixels com branco. Verifica se o botão está posicionado entre a paleta de cores e o quadro de pixels",
              "timedOut": null,
              "duration": 133,
              "state": "passed",
              "speed": "slow",
              "pass": true,
              "fail": false,
              "pending": false,
              "context": null,
              "code": "cy.get('#color-palette').then(function (palette) {\n  cy.get('#clear-board').should('be.belowOf', palette);\n});\ncy.get('#clear-board').then(function (clearBtn) {\n  cy.get('#pixel-board').should('be.belowOf', clearBtn);\n});",
              "err": {},
              "uuid": "2a576f7f-8169-4835-a056-f5342791b61e",
              "parentUUID": "8c6b3031-d785-4d76-8e13-362587c06987",
              "isHook": false,
              "skipped": false
            },
            {
              "title": "Verifica se o texto do botão é 'Limpar'",
              "fullTitle": "9 - Crie um botão que, ao ser clicado, limpa o quadro preenchendo a cor de todos seus pixels com branco. Verifica se o texto do botão é 'Limpar'",
              "timedOut": null,
              "duration": 95,
              "state": "passed",
              "speed": "slow",
              "pass": true,
              "fail": false,
              "pending": false,
              "context": null,
              "code": "cy.get('#clear-board').should('contain.text', 'Limpar');",
              "err": {},
              "uuid": "e38ea515-0986-49c2-969b-e94c2578b25b",
              "parentUUID": "8c6b3031-d785-4d76-8e13-362587c06987",
              "isHook": false,
              "skipped": false
            },
            {
              "title": "Verifica se ao clicar no botão, o quadro de pixels é totalmente preenchido de branco",
              "fullTitle": "9 - Crie um botão que, ao ser clicado, limpa o quadro preenchendo a cor de todos seus pixels com branco. Verifica se ao clicar no botão, o quadro de pixels é totalmente preenchido de branco",
              "timedOut": null,
              "duration": 4414,
              "state": "failed",
              "speed": null,
              "pass": false,
              "fail": true,
              "pending": false,
              "context": null,
              "code": "cy.get('.color').eq(1).then(function (color) {\n  var backgroundColor = color.css('background-color');\n  cy.wrap(color).click();\n  cy.get('.pixel').each(function (pixel) {\n    cy.wrap(pixel).click().should('have.css', 'background-color', backgroundColor);\n  });\n});\ncy.get('#clear-board').click();\ncy.get('.pixel').each(function (pixel) {\n  cy.wrap(pixel).should('have.css', 'background-color', WHITE);\n});",
              "err": {
                "message": "CypressError: Timed out retrying: expected '<div.pixel>' to have CSS property 'background-color' with the value 'rgb(0, 128, 0)', but the value was 'rgb(255, 255, 255)'",
                "estack": "CypressError: Timed out retrying: expected '<div.pixel>' to have CSS property 'background-color' with the value 'rgb(0, 128, 0)', but the value was 'rgb(255, 255, 255)'\n    at cypressErr (http://localhost:42435/__cypress/runner/cypress_runner.js:149934:9)\n    at throwErr (http://localhost:42435/__cypress/runner/cypress_runner.js:149867:11)\n    at Object.throwErrByPath (http://localhost:42435/__cypress/runner/cypress_runner.js:149915:3)\n    at retry (http://localhost:42435/__cypress/runner/cypress_runner.js:144197:19)\n    at onFailFn (http://localhost:42435/__cypress/runner/cypress_runner.js:132448:16)\n    at tryCatcher (http://localhost:42435/__cypress/runner/cypress_runner.js:167415:23)\n    at Promise._settlePromiseFromHandler (http://localhost:42435/__cypress/runner/cypress_runner.js:165351:31)\n    at Promise._settlePromise (http://localhost:42435/__cypress/runner/cypress_runner.js:165408:18)\n    at Promise._settlePromise0 (http://localhost:42435/__cypress/runner/cypress_runner.js:165453:10)\n    at Promise._settlePromises (http://localhost:42435/__cypress/runner/cypress_runner.js:165528:18)\n    at Async../node_modules/bluebird/js/release/async.js.Async._drainQueue (http://localhost:42435/__cypress/runner/cypress_runner.js:162140:16)\n    at Async../node_modules/bluebird/js/release/async.js.Async._drainQueues (http://localhost:42435/__cypress/runner/cypress_runner.js:162150:10)\n    at Async.drainQueues (http://localhost:42435/__cypress/runner/cypress_runner.js:162024:14)",
                "diff": null
              },
              "uuid": "594a6ab8-1e8f-4858-8b1a-4db1dd546ad2",
              "parentUUID": "8c6b3031-d785-4d76-8e13-362587c06987",
              "isHook": false,
              "skipped": false
            }
          ],
          "suites": [],
          "passes": [
            "9c571ef5-458c-4de0-97df-b8358caa7ec6",
            "2a576f7f-8169-4835-a056-f5342791b61e",
            "e38ea515-0986-49c2-969b-e94c2578b25b"
          ],
          "failures": [
            "594a6ab8-1e8f-4858-8b1a-4db1dd546ad2"
          ],
          "pending": [],
          "skipped": [],
          "duration": 4865,
          "root": false,
          "rootEmpty": false,
          "_timeout": 2000
        },
        {
          "uuid": "de0e4749-240d-4547-b5ae-511f21113d6f",
          "title": "10 - Faça o quadro de pixels ter seu tamanho definido pelo usuário.",
          "fullFile": "",
          "file": "",
          "beforeHooks": [],
          "afterHooks": [],
          "tests": [
            {
              "title": "Verifica se existe um input com o id `board-size`",
              "fullTitle": "10 - Faça o quadro de pixels ter seu tamanho definido pelo usuário. Verifica se existe um input com o id `board-size`",
              "timedOut": null,
              "duration": 4415,
              "state": "failed",
              "speed": null,
              "pass": false,
              "fail": true,
              "pending": false,
              "context": null,
              "code": "cy.get('#board-size').should('be.visible');",
              "err": {
                "message": "CypressError: Timed out retrying: Expected to find element: '#board-size', but never found it.",
                "estack": "CypressError: Timed out retrying: Expected to find element: '#board-size', but never found it.\n    at cypressErr (http://localhost:42435/__cypress/runner/cypress_runner.js:149934:9)\n    at throwErr (http://localhost:42435/__cypress/runner/cypress_runner.js:149867:11)\n    at Object.throwErrByPath (http://localhost:42435/__cypress/runner/cypress_runner.js:149915:3)\n    at retry (http://localhost:42435/__cypress/runner/cypress_runner.js:144197:19)\n    at onFailFn (http://localhost:42435/__cypress/runner/cypress_runner.js:132448:16)\n    at tryCatcher (http://localhost:42435/__cypress/runner/cypress_runner.js:167415:23)\n    at Promise._settlePromiseFromHandler (http://localhost:42435/__cypress/runner/cypress_runner.js:165351:31)\n    at Promise._settlePromise (http://localhost:42435/__cypress/runner/cypress_runner.js:165408:18)\n    at Promise._settlePromise0 (http://localhost:42435/__cypress/runner/cypress_runner.js:165453:10)\n    at Promise._settlePromises (http://localhost:42435/__cypress/runner/cypress_runner.js:165528:18)\n    at Async../node_modules/bluebird/js/release/async.js.Async._drainQueue (http://localhost:42435/__cypress/runner/cypress_runner.js:162140:16)\n    at Async../node_modules/bluebird/js/release/async.js.Async._drainQueues (http://localhost:42435/__cypress/runner/cypress_runner.js:162150:10)\n    at Async.drainQueues (http://localhost:42435/__cypress/runner/cypress_runner.js:162024:14)",
                "diff": null
              },
              "uuid": "4fc3bdd4-867c-45d3-8bf9-d8d49fe08545",
              "parentUUID": "de0e4749-240d-4547-b5ae-511f21113d6f",
              "isHook": false,
              "skipped": false
            },
            {
              "title": "Verifica se existe um botão com o id `generate-board`",
              "fullTitle": "10 - Faça o quadro de pixels ter seu tamanho definido pelo usuário. Verifica se existe um botão com o id `generate-board`",
              "timedOut": null,
              "duration": 4359,
              "state": "failed",
              "speed": null,
              "pass": false,
              "fail": true,
              "pending": false,
              "context": null,
              "code": "cy.get('#generate-board').should('be.visible');",
              "err": {
                "message": "CypressError: Timed out retrying: Expected to find element: '#generate-board', but never found it.",
                "estack": "CypressError: Timed out retrying: Expected to find element: '#generate-board', but never found it.\n    at cypressErr (http://localhost:42435/__cypress/runner/cypress_runner.js:149934:9)\n    at throwErr (http://localhost:42435/__cypress/runner/cypress_runner.js:149867:11)\n    at Object.throwErrByPath (http://localhost:42435/__cypress/runner/cypress_runner.js:149915:3)\n    at retry (http://localhost:42435/__cypress/runner/cypress_runner.js:144197:19)\n    at onFailFn (http://localhost:42435/__cypress/runner/cypress_runner.js:132448:16)\n    at tryCatcher (http://localhost:42435/__cypress/runner/cypress_runner.js:167415:23)\n    at Promise._settlePromiseFromHandler (http://localhost:42435/__cypress/runner/cypress_runner.js:165351:31)\n    at Promise._settlePromise (http://localhost:42435/__cypress/runner/cypress_runner.js:165408:18)\n    at Promise._settlePromise0 (http://localhost:42435/__cypress/runner/cypress_runner.js:165453:10)\n    at Promise._settlePromises (http://localhost:42435/__cypress/runner/cypress_runner.js:165528:18)\n    at Async../node_modules/bluebird/js/release/async.js.Async._drainQueue (http://localhost:42435/__cypress/runner/cypress_runner.js:162140:16)\n    at Async../node_modules/bluebird/js/release/async.js.Async._drainQueues (http://localhost:42435/__cypress/runner/cypress_runner.js:162150:10)\n    at Async.drainQueues (http://localhost:42435/__cypress/runner/cypress_runner.js:162024:14)",
                "diff": null
              },
              "uuid": "b8c122e6-b0d1-4624-953e-74de67fef4aa",
              "parentUUID": "de0e4749-240d-4547-b5ae-511f21113d6f",
              "isHook": false,
              "skipped": false
            },
            {
              "title": "Verifica se o input só aceita número maiores que zero. Essa restrição deve ser feita usando os atributos do elemento `input`",
              "fullTitle": "10 - Faça o quadro de pixels ter seu tamanho definido pelo usuário. Verifica se o input só aceita número maiores que zero. Essa restrição deve ser feita usando os atributos do elemento `input`",
              "timedOut": null,
              "duration": 4395,
              "state": "failed",
              "speed": null,
              "pass": false,
              "fail": true,
              "pending": false,
              "context": null,
              "code": "cy.get('#board-size[type=\\'number\\'][min=\\'1\\']');",
              "err": {
                "message": "CypressError: Timed out retrying: Expected to find element: '#board-size[type='number'][min='1']', but never found it.",
                "estack": "CypressError: Timed out retrying: Expected to find element: '#board-size[type='number'][min='1']', but never found it.\n    at cypressErr (http://localhost:42435/__cypress/runner/cypress_runner.js:149934:9)\n    at throwErr (http://localhost:42435/__cypress/runner/cypress_runner.js:149867:11)\n    at Object.throwErrByPath (http://localhost:42435/__cypress/runner/cypress_runner.js:149915:3)\n    at retry (http://localhost:42435/__cypress/runner/cypress_runner.js:144197:19)\n    at onFailFn (http://localhost:42435/__cypress/runner/cypress_runner.js:132448:16)\n    at tryCatcher (http://localhost:42435/__cypress/runner/cypress_runner.js:167415:23)\n    at Promise._settlePromiseFromHandler (http://localhost:42435/__cypress/runner/cypress_runner.js:165351:31)\n    at Promise._settlePromise (http://localhost:42435/__cypress/runner/cypress_runner.js:165408:18)\n    at Promise._settlePromise0 (http://localhost:42435/__cypress/runner/cypress_runner.js:165453:10)\n    at Promise._settlePromises (http://localhost:42435/__cypress/runner/cypress_runner.js:165528:18)\n    at Async../node_modules/bluebird/js/release/async.js.Async._drainQueue (http://localhost:42435/__cypress/runner/cypress_runner.js:162140:16)\n    at Async../node_modules/bluebird/js/release/async.js.Async._drainQueues (http://localhost:42435/__cypress/runner/cypress_runner.js:162150:10)\n    at Async.drainQueues (http://localhost:42435/__cypress/runner/cypress_runner.js:162024:14)",
                "diff": null
              },
              "uuid": "f1076fd4-14d3-45ba-b8fb-359de644546c",
              "parentUUID": "de0e4749-240d-4547-b5ae-511f21113d6f",
              "isHook": false,
              "skipped": false
            },
            {
              "title": "Verifica se o botão contém o texto 'VQV'",
              "fullTitle": "10 - Faça o quadro de pixels ter seu tamanho definido pelo usuário. Verifica se o botão contém o texto 'VQV'",
              "timedOut": null,
              "duration": 4346,
              "state": "failed",
              "speed": null,
              "pass": false,
              "fail": true,
              "pending": false,
              "context": null,
              "code": "cy.get('#generate-board').contains(/vqv/i);",
              "err": {
                "message": "CypressError: Timed out retrying: Expected to find element: '#generate-board', but never found it.",
                "estack": "CypressError: Timed out retrying: Expected to find element: '#generate-board', but never found it.\n    at cypressErr (http://localhost:42435/__cypress/runner/cypress_runner.js:149934:9)\n    at throwErr (http://localhost:42435/__cypress/runner/cypress_runner.js:149867:11)\n    at Object.throwErrByPath (http://localhost:42435/__cypress/runner/cypress_runner.js:149915:3)\n    at retry (http://localhost:42435/__cypress/runner/cypress_runner.js:144197:19)\n    at onFailFn (http://localhost:42435/__cypress/runner/cypress_runner.js:132448:16)\n    at tryCatcher (http://localhost:42435/__cypress/runner/cypress_runner.js:167415:23)\n    at Promise._settlePromiseFromHandler (http://localhost:42435/__cypress/runner/cypress_runner.js:165351:31)\n    at Promise._settlePromise (http://localhost:42435/__cypress/runner/cypress_runner.js:165408:18)\n    at Promise._settlePromise0 (http://localhost:42435/__cypress/runner/cypress_runner.js:165453:10)\n    at Promise._settlePromises (http://localhost:42435/__cypress/runner/cypress_runner.js:165528:18)\n    at Async../node_modules/bluebird/js/release/async.js.Async._drainQueue (http://localhost:42435/__cypress/runner/cypress_runner.js:162140:16)\n    at Async../node_modules/bluebird/js/release/async.js.Async._drainQueues (http://localhost:42435/__cypress/runner/cypress_runner.js:162150:10)\n    at Async.drainQueues (http://localhost:42435/__cypress/runner/cypress_runner.js:162024:14)",
                "diff": null
              },
              "uuid": "320f9073-73d0-41e0-aec7-a37fafb15f83",
              "parentUUID": "de0e4749-240d-4547-b5ae-511f21113d6f",
              "isHook": false,
              "skipped": false
            },
            {
              "title": "Verifica se o input está posicionado entre a paleta de cores e o quadro de pixels",
              "fullTitle": "10 - Faça o quadro de pixels ter seu tamanho definido pelo usuário. Verifica se o input está posicionado entre a paleta de cores e o quadro de pixels",
              "timedOut": null,
              "duration": 4371,
              "state": "failed",
              "speed": null,
              "pass": false,
              "fail": true,
              "pending": false,
              "context": null,
              "code": "cy.get('#color-palette').then(function (palette) {\n  cy.get('#board-size').should('be.belowOf', palette);\n});\ncy.get('#board-size').then(function (palette) {\n  cy.get('#pixel-board').should('be.belowOf', palette);\n});",
              "err": {
                "message": "CypressError: Timed out retrying: Expected to find element: '#board-size', but never found it.",
                "estack": "CypressError: Timed out retrying: Expected to find element: '#board-size', but never found it.\n    at cypressErr (http://localhost:42435/__cypress/runner/cypress_runner.js:149934:9)\n    at throwErr (http://localhost:42435/__cypress/runner/cypress_runner.js:149867:11)\n    at Object.throwErrByPath (http://localhost:42435/__cypress/runner/cypress_runner.js:149915:3)\n    at retry (http://localhost:42435/__cypress/runner/cypress_runner.js:144197:19)\n    at onFailFn (http://localhost:42435/__cypress/runner/cypress_runner.js:132448:16)\n    at tryCatcher (http://localhost:42435/__cypress/runner/cypress_runner.js:167415:23)\n    at Promise._settlePromiseFromHandler (http://localhost:42435/__cypress/runner/cypress_runner.js:165351:31)\n    at Promise._settlePromise (http://localhost:42435/__cypress/runner/cypress_runner.js:165408:18)\n    at Promise._settlePromise0 (http://localhost:42435/__cypress/runner/cypress_runner.js:165453:10)\n    at Promise._settlePromises (http://localhost:42435/__cypress/runner/cypress_runner.js:165528:18)\n    at Async../node_modules/bluebird/js/release/async.js.Async._drainQueue (http://localhost:42435/__cypress/runner/cypress_runner.js:162140:16)\n    at Async../node_modules/bluebird/js/release/async.js.Async._drainQueues (http://localhost:42435/__cypress/runner/cypress_runner.js:162150:10)\n    at Async.drainQueues (http://localhost:42435/__cypress/runner/cypress_runner.js:162024:14)",
                "diff": null
              },
              "uuid": "82665ee1-07b9-49a5-94e7-67de3a73e308",
              "parentUUID": "de0e4749-240d-4547-b5ae-511f21113d6f",
              "isHook": false,
              "skipped": false
            },
            {
              "title": "Verifica se o botão está posicionado ao lado do input",
              "fullTitle": "10 - Faça o quadro de pixels ter seu tamanho definido pelo usuário. Verifica se o botão está posicionado ao lado do input",
              "timedOut": null,
              "duration": 4347,
              "state": "failed",
              "speed": null,
              "pass": false,
              "fail": true,
              "pending": false,
              "context": null,
              "code": "cy.get('#board-size').then(function (board) {\n  cy.get('#generate-board').should('be.onTheRightOf', board);\n});",
              "err": {
                "message": "CypressError: Timed out retrying: Expected to find element: '#board-size', but never found it.",
                "estack": "CypressError: Timed out retrying: Expected to find element: '#board-size', but never found it.\n    at cypressErr (http://localhost:42435/__cypress/runner/cypress_runner.js:149934:9)\n    at throwErr (http://localhost:42435/__cypress/runner/cypress_runner.js:149867:11)\n    at Object.throwErrByPath (http://localhost:42435/__cypress/runner/cypress_runner.js:149915:3)\n    at retry (http://localhost:42435/__cypress/runner/cypress_runner.js:144197:19)\n    at onFailFn (http://localhost:42435/__cypress/runner/cypress_runner.js:132448:16)\n    at tryCatcher (http://localhost:42435/__cypress/runner/cypress_runner.js:167415:23)\n    at Promise._settlePromiseFromHandler (http://localhost:42435/__cypress/runner/cypress_runner.js:165351:31)\n    at Promise._settlePromise (http://localhost:42435/__cypress/runner/cypress_runner.js:165408:18)\n    at Promise._settlePromise0 (http://localhost:42435/__cypress/runner/cypress_runner.js:165453:10)\n    at Promise._settlePromises (http://localhost:42435/__cypress/runner/cypress_runner.js:165528:18)\n    at Async../node_modules/bluebird/js/release/async.js.Async._drainQueue (http://localhost:42435/__cypress/runner/cypress_runner.js:162140:16)\n    at Async../node_modules/bluebird/js/release/async.js.Async._drainQueues (http://localhost:42435/__cypress/runner/cypress_runner.js:162150:10)\n    at Async.drainQueues (http://localhost:42435/__cypress/runner/cypress_runner.js:162024:14)",
                "diff": null
              },
              "uuid": "c926d089-1ece-40c5-8922-b1d61f223c63",
              "parentUUID": "de0e4749-240d-4547-b5ae-511f21113d6f",
              "isHook": false,
              "skipped": false
            },
            {
              "title": "Verifica se nenhum valor for colocado no input ao clicar no botão, um `alert` é exibido com o texto: 'Board inválido!'",
              "fullTitle": "10 - Faça o quadro de pixels ter seu tamanho definido pelo usuário. Verifica se nenhum valor for colocado no input ao clicar no botão, um `alert` é exibido com o texto: 'Board inválido!'",
              "timedOut": null,
              "duration": 4405,
              "state": "failed",
              "speed": null,
              "pass": false,
              "fail": true,
              "pending": false,
              "context": null,
              "code": "var alerted = false;\ncy.on('window:alert', function (msg) {\n  return alerted = msg;\n});\ncy.get('#generate-board').click().then(function () {\n  return expect(alerted).to.match(/Board inválido!/i);\n});",
              "err": {
                "message": "CypressError: Timed out retrying: Expected to find element: '#generate-board', but never found it.",
                "estack": "CypressError: Timed out retrying: Expected to find element: '#generate-board', but never found it.\n    at cypressErr (http://localhost:42435/__cypress/runner/cypress_runner.js:149934:9)\n    at throwErr (http://localhost:42435/__cypress/runner/cypress_runner.js:149867:11)\n    at Object.throwErrByPath (http://localhost:42435/__cypress/runner/cypress_runner.js:149915:3)\n    at retry (http://localhost:42435/__cypress/runner/cypress_runner.js:144197:19)\n    at onFailFn (http://localhost:42435/__cypress/runner/cypress_runner.js:132448:16)\n    at tryCatcher (http://localhost:42435/__cypress/runner/cypress_runner.js:167415:23)\n    at Promise._settlePromiseFromHandler (http://localhost:42435/__cypress/runner/cypress_runner.js:165351:31)\n    at Promise._settlePromise (http://localhost:42435/__cypress/runner/cypress_runner.js:165408:18)\n    at Promise._settlePromise0 (http://localhost:42435/__cypress/runner/cypress_runner.js:165453:10)\n    at Promise._settlePromises (http://localhost:42435/__cypress/runner/cypress_runner.js:165528:18)\n    at Async../node_modules/bluebird/js/release/async.js.Async._drainQueue (http://localhost:42435/__cypress/runner/cypress_runner.js:162140:16)\n    at Async../node_modules/bluebird/js/release/async.js.Async._drainQueues (http://localhost:42435/__cypress/runner/cypress_runner.js:162150:10)\n    at Async.drainQueues (http://localhost:42435/__cypress/runner/cypress_runner.js:162024:14)",
                "diff": null
              },
              "uuid": "1e6bbb36-1e62-4b8a-892f-eadbb16e6a10",
              "parentUUID": "de0e4749-240d-4547-b5ae-511f21113d6f",
              "isHook": false,
              "skipped": false
            },
            {
              "title": "Verifica se ao clicar no botão com um valor preenchido, o tamanho do board muda.",
              "fullTitle": "10 - Faça o quadro de pixels ter seu tamanho definido pelo usuário. Verifica se ao clicar no botão com um valor preenchido, o tamanho do board muda.",
              "timedOut": null,
              "duration": 4363,
              "state": "failed",
              "speed": null,
              "pass": false,
              "fail": true,
              "pending": false,
              "context": null,
              "code": "cy.get('#board-size').clear().type(10);\ncy.get('#generate-board').click();\ncy.get('.pixel').should('have.length', 100);",
              "err": {
                "message": "CypressError: Timed out retrying: Expected to find element: '#board-size', but never found it.",
                "estack": "CypressError: Timed out retrying: Expected to find element: '#board-size', but never found it.\n    at cypressErr (http://localhost:42435/__cypress/runner/cypress_runner.js:149934:9)\n    at throwErr (http://localhost:42435/__cypress/runner/cypress_runner.js:149867:11)\n    at Object.throwErrByPath (http://localhost:42435/__cypress/runner/cypress_runner.js:149915:3)\n    at retry (http://localhost:42435/__cypress/runner/cypress_runner.js:144197:19)\n    at onFailFn (http://localhost:42435/__cypress/runner/cypress_runner.js:132448:16)\n    at tryCatcher (http://localhost:42435/__cypress/runner/cypress_runner.js:167415:23)\n    at Promise._settlePromiseFromHandler (http://localhost:42435/__cypress/runner/cypress_runner.js:165351:31)\n    at Promise._settlePromise (http://localhost:42435/__cypress/runner/cypress_runner.js:165408:18)\n    at Promise._settlePromise0 (http://localhost:42435/__cypress/runner/cypress_runner.js:165453:10)\n    at Promise._settlePromises (http://localhost:42435/__cypress/runner/cypress_runner.js:165528:18)\n    at Async../node_modules/bluebird/js/release/async.js.Async._drainQueue (http://localhost:42435/__cypress/runner/cypress_runner.js:162140:16)\n    at Async../node_modules/bluebird/js/release/async.js.Async._drainQueues (http://localhost:42435/__cypress/runner/cypress_runner.js:162150:10)\n    at Async.drainQueues (http://localhost:42435/__cypress/runner/cypress_runner.js:162024:14)",
                "diff": null
              },
              "uuid": "098a2ff2-6712-401a-a433-52abd7cb4308",
              "parentUUID": "de0e4749-240d-4547-b5ae-511f21113d6f",
              "isHook": false,
              "skipped": false
            },
            {
              "title": "Verifica se o novo quadro tem todos os pixels preenchidos com a cor branca",
              "fullTitle": "10 - Faça o quadro de pixels ter seu tamanho definido pelo usuário. Verifica se o novo quadro tem todos os pixels preenchidos com a cor branca",
              "timedOut": null,
              "duration": 4346,
              "state": "failed",
              "speed": null,
              "pass": false,
              "fail": true,
              "pending": false,
              "context": null,
              "code": "cy.get('#board-size').clear().type(6);\ncy.get('#generate-board').click();\ncy.get('.pixel').should('have.length', 36).each(function (pixel) {\n  expect(pixel).to.have.css('background-color', WHITE);\n});",
              "err": {
                "message": "CypressError: Timed out retrying: Expected to find element: '#board-size', but never found it.",
                "estack": "CypressError: Timed out retrying: Expected to find element: '#board-size', but never found it.\n    at cypressErr (http://localhost:42435/__cypress/runner/cypress_runner.js:149934:9)\n    at throwErr (http://localhost:42435/__cypress/runner/cypress_runner.js:149867:11)\n    at Object.throwErrByPath (http://localhost:42435/__cypress/runner/cypress_runner.js:149915:3)\n    at retry (http://localhost:42435/__cypress/runner/cypress_runner.js:144197:19)\n    at onFailFn (http://localhost:42435/__cypress/runner/cypress_runner.js:132448:16)\n    at tryCatcher (http://localhost:42435/__cypress/runner/cypress_runner.js:167415:23)\n    at Promise._settlePromiseFromHandler (http://localhost:42435/__cypress/runner/cypress_runner.js:165351:31)\n    at Promise._settlePromise (http://localhost:42435/__cypress/runner/cypress_runner.js:165408:18)\n    at Promise._settlePromise0 (http://localhost:42435/__cypress/runner/cypress_runner.js:165453:10)\n    at Promise._settlePromises (http://localhost:42435/__cypress/runner/cypress_runner.js:165528:18)\n    at Async../node_modules/bluebird/js/release/async.js.Async._drainQueue (http://localhost:42435/__cypress/runner/cypress_runner.js:162140:16)\n    at Async../node_modules/bluebird/js/release/async.js.Async._drainQueues (http://localhost:42435/__cypress/runner/cypress_runner.js:162150:10)\n    at Async.drainQueues (http://localhost:42435/__cypress/runner/cypress_runner.js:162024:14)",
                "diff": null
              },
              "uuid": "a9b94c7b-d2d3-4d4e-b509-e302fdbcdf27",
              "parentUUID": "de0e4749-240d-4547-b5ae-511f21113d6f",
              "isHook": false,
              "skipped": false
            }
          ],
          "suites": [],
          "passes": [],
          "failures": [
            "4fc3bdd4-867c-45d3-8bf9-d8d49fe08545",
            "b8c122e6-b0d1-4624-953e-74de67fef4aa",
            "f1076fd4-14d3-45ba-b8fb-359de644546c",
            "320f9073-73d0-41e0-aec7-a37fafb15f83",
            "82665ee1-07b9-49a5-94e7-67de3a73e308",
            "c926d089-1ece-40c5-8922-b1d61f223c63",
            "1e6bbb36-1e62-4b8a-892f-eadbb16e6a10",
            "098a2ff2-6712-401a-a433-52abd7cb4308",
            "a9b94c7b-d2d3-4d4e-b509-e302fdbcdf27"
          ],
          "pending": [],
          "skipped": [],
          "duration": 39347,
          "root": false,
          "rootEmpty": false,
          "_timeout": 2000
        },
        {
          "uuid": "b063eeb2-54ca-4255-a150-60e5f1d3da48",
          "title": "11 - Limite o tamanho mínimo e máximo do board.",
          "fullFile": "",
          "file": "",
          "beforeHooks": [],
          "afterHooks": [],
          "tests": [
            {
              "title": "Verifica se a altura máxima do board é 50",
              "fullTitle": "11 - Limite o tamanho mínimo e máximo do board. Verifica se a altura máxima do board é 50",
              "timedOut": null,
              "duration": 4355,
              "state": "failed",
              "speed": null,
              "pass": false,
              "fail": true,
              "pending": false,
              "context": null,
              "code": "cy.get('#board-size').clear().type(50);\ncy.get('#generate-board').click();\ncy.get('.pixel').should('have.length', 2500);",
              "err": {
                "message": "CypressError: Timed out retrying: Expected to find element: '#board-size', but never found it.",
                "estack": "CypressError: Timed out retrying: Expected to find element: '#board-size', but never found it.\n    at cypressErr (http://localhost:42435/__cypress/runner/cypress_runner.js:149934:9)\n    at throwErr (http://localhost:42435/__cypress/runner/cypress_runner.js:149867:11)\n    at Object.throwErrByPath (http://localhost:42435/__cypress/runner/cypress_runner.js:149915:3)\n    at retry (http://localhost:42435/__cypress/runner/cypress_runner.js:144197:19)\n    at onFailFn (http://localhost:42435/__cypress/runner/cypress_runner.js:132448:16)\n    at tryCatcher (http://localhost:42435/__cypress/runner/cypress_runner.js:167415:23)\n    at Promise._settlePromiseFromHandler (http://localhost:42435/__cypress/runner/cypress_runner.js:165351:31)\n    at Promise._settlePromise (http://localhost:42435/__cypress/runner/cypress_runner.js:165408:18)\n    at Promise._settlePromise0 (http://localhost:42435/__cypress/runner/cypress_runner.js:165453:10)\n    at Promise._settlePromises (http://localhost:42435/__cypress/runner/cypress_runner.js:165528:18)\n    at Async../node_modules/bluebird/js/release/async.js.Async._drainQueue (http://localhost:42435/__cypress/runner/cypress_runner.js:162140:16)\n    at Async../node_modules/bluebird/js/release/async.js.Async._drainQueues (http://localhost:42435/__cypress/runner/cypress_runner.js:162150:10)\n    at Async.drainQueues (http://localhost:42435/__cypress/runner/cypress_runner.js:162024:14)",
                "diff": null
              },
              "uuid": "e386edfa-64fe-4267-ad36-4de670c5d223",
              "parentUUID": "b063eeb2-54ca-4255-a150-60e5f1d3da48",
              "isHook": false,
              "skipped": false
            },
            {
              "title": "Verifica se a altura do board é 5 quando um valor menor é colocado no input",
              "fullTitle": "11 - Limite o tamanho mínimo e máximo do board. Verifica se a altura do board é 5 quando um valor menor é colocado no input",
              "timedOut": null,
              "duration": 4354,
              "state": "failed",
              "speed": null,
              "pass": false,
              "fail": true,
              "pending": false,
              "context": null,
              "code": "cy.get('#board-size').clear().type(4);\ncy.get('#generate-board').click();\ncy.get('.pixel').should('have.length', 25);",
              "err": {
                "message": "CypressError: Timed out retrying: Expected to find element: '#board-size', but never found it.",
                "estack": "CypressError: Timed out retrying: Expected to find element: '#board-size', but never found it.\n    at cypressErr (http://localhost:42435/__cypress/runner/cypress_runner.js:149934:9)\n    at throwErr (http://localhost:42435/__cypress/runner/cypress_runner.js:149867:11)\n    at Object.throwErrByPath (http://localhost:42435/__cypress/runner/cypress_runner.js:149915:3)\n    at retry (http://localhost:42435/__cypress/runner/cypress_runner.js:144197:19)\n    at onFailFn (http://localhost:42435/__cypress/runner/cypress_runner.js:132448:16)\n    at tryCatcher (http://localhost:42435/__cypress/runner/cypress_runner.js:167415:23)\n    at Promise._settlePromiseFromHandler (http://localhost:42435/__cypress/runner/cypress_runner.js:165351:31)\n    at Promise._settlePromise (http://localhost:42435/__cypress/runner/cypress_runner.js:165408:18)\n    at Promise._settlePromise0 (http://localhost:42435/__cypress/runner/cypress_runner.js:165453:10)\n    at Promise._settlePromises (http://localhost:42435/__cypress/runner/cypress_runner.js:165528:18)\n    at Async../node_modules/bluebird/js/release/async.js.Async._drainQueue (http://localhost:42435/__cypress/runner/cypress_runner.js:162140:16)\n    at Async../node_modules/bluebird/js/release/async.js.Async._drainQueues (http://localhost:42435/__cypress/runner/cypress_runner.js:162150:10)\n    at Async.drainQueues (http://localhost:42435/__cypress/runner/cypress_runner.js:162024:14)",
                "diff": null
              },
              "uuid": "9056724c-55d4-4262-86c3-d71e56ae4579",
              "parentUUID": "b063eeb2-54ca-4255-a150-60e5f1d3da48",
              "isHook": false,
              "skipped": false
            },
            {
              "title": "Verifica se a altura do board é 50 quando um valor maior é colocado no input",
              "fullTitle": "11 - Limite o tamanho mínimo e máximo do board. Verifica se a altura do board é 50 quando um valor maior é colocado no input",
              "timedOut": null,
              "duration": 4323,
              "state": "failed",
              "speed": null,
              "pass": false,
              "fail": true,
              "pending": false,
              "context": null,
              "code": "cy.get('#board-size').clear().type(51);\ncy.get('#generate-board').click();\ncy.get('.pixel').should('have.length', 2500);",
              "err": {
                "message": "CypressError: Timed out retrying: Expected to find element: '#board-size', but never found it.",
                "estack": "CypressError: Timed out retrying: Expected to find element: '#board-size', but never found it.\n    at cypressErr (http://localhost:42435/__cypress/runner/cypress_runner.js:149934:9)\n    at throwErr (http://localhost:42435/__cypress/runner/cypress_runner.js:149867:11)\n    at Object.throwErrByPath (http://localhost:42435/__cypress/runner/cypress_runner.js:149915:3)\n    at retry (http://localhost:42435/__cypress/runner/cypress_runner.js:144197:19)\n    at onFailFn (http://localhost:42435/__cypress/runner/cypress_runner.js:132448:16)\n    at tryCatcher (http://localhost:42435/__cypress/runner/cypress_runner.js:167415:23)\n    at Promise._settlePromiseFromHandler (http://localhost:42435/__cypress/runner/cypress_runner.js:165351:31)\n    at Promise._settlePromise (http://localhost:42435/__cypress/runner/cypress_runner.js:165408:18)\n    at Promise._settlePromise0 (http://localhost:42435/__cypress/runner/cypress_runner.js:165453:10)\n    at Promise._settlePromises (http://localhost:42435/__cypress/runner/cypress_runner.js:165528:18)\n    at Async../node_modules/bluebird/js/release/async.js.Async._drainQueue (http://localhost:42435/__cypress/runner/cypress_runner.js:162140:16)\n    at Async../node_modules/bluebird/js/release/async.js.Async._drainQueues (http://localhost:42435/__cypress/runner/cypress_runner.js:162150:10)\n    at Async.drainQueues (http://localhost:42435/__cypress/runner/cypress_runner.js:162024:14)",
                "diff": null
              },
              "uuid": "cfbb1f50-a50c-40a9-9f6f-d9aa764675df",
              "parentUUID": "b063eeb2-54ca-4255-a150-60e5f1d3da48",
              "isHook": false,
              "skipped": false
            }
          ],
          "suites": [],
          "passes": [],
          "failures": [
            "e386edfa-64fe-4267-ad36-4de670c5d223",
            "9056724c-55d4-4262-86c3-d71e56ae4579",
            "cfbb1f50-a50c-40a9-9f6f-d9aa764675df"
          ],
          "pending": [],
          "skipped": [],
          "duration": 13032,
          "root": false,
          "rootEmpty": false,
          "_timeout": 2000
        },
        {
          "uuid": "036ff2a9-e5a7-4126-b751-da179e170d58",
          "title": "12 - Faça com que as cores da paleta sejam geradas aleatoriamente ao carregar a página.",
          "fullFile": "",
          "file": "",
          "beforeHooks": [],
          "afterHooks": [],
          "tests": [
            {
              "title": "Verifica se as cores geradas na paleta são diferentes a cada carregamento da página",
              "fullTitle": "12 - Faça com que as cores da paleta sejam geradas aleatoriamente ao carregar a página. Verifica se as cores geradas na paleta são diferentes a cada carregamento da página",
              "timedOut": null,
              "duration": 478,
              "state": "failed",
              "speed": null,
              "pass": false,
              "fail": true,
              "pending": false,
              "context": null,
              "code": "cy.get('.color').then(function (colors) {\n  var currentColors;\n  var previousColors;\n  previousColors = Array.from(colors).map(function (color) {\n    return Cypress.$(color).css('background-color');\n  });\n  for (var i = 0; i < 5; i += 1) {\n    cy.reload();\n    cy.get('.color').then(function (colors) {\n      currentColors = Array.from(colors).map(function (color) {\n        return Cypress.$(color).css('background-color');\n      });\n      expect(currentColors).not.to.deep.equal(previousColors);\n      previousColors = currentColors;\n    });\n  }\n});",
              "err": {
                "message": "AssertionError: expected [ Array(4) ] to not deeply equal [ Array(4) ]",
                "estack": "AssertionError: expected [ Array(4) ] to not deeply equal [ Array(4) ]\n    at getRet (http://localhost:42435/__cypress/runner/cypress_runner.js:136585:16)\n    at tryCatcher (http://localhost:42435/__cypress/runner/cypress_runner.js:167415:23)\n    at Function.Promise.attempt.Promise.try (http://localhost:42435/__cypress/runner/cypress_runner.js:164690:29)\n    at Context.thenFn (http://localhost:42435/__cypress/runner/cypress_runner.js:136599:23)\n    at Context.then (http://localhost:42435/__cypress/runner/cypress_runner.js:136971:21)\n    at Context.<anonymous> (http://localhost:42435/__cypress/runner/cypress_runner.js:148875:21)\n    at http://localhost:42435/__cypress/runner/cypress_runner.js:148351:33\n    at tryCatcher (http://localhost:42435/__cypress/runner/cypress_runner.js:167415:23)\n    at Promise._settlePromiseFromHandler (http://localhost:42435/__cypress/runner/cypress_runner.js:165351:31)\n    at Promise._settlePromise (http://localhost:42435/__cypress/runner/cypress_runner.js:165408:18)\n    at Promise._settlePromiseCtx (http://localhost:42435/__cypress/runner/cypress_runner.js:165445:10)\n    at Async../node_modules/bluebird/js/release/async.js.Async._drainQueue (http://localhost:42435/__cypress/runner/cypress_runner.js:162145:12)\n    at Async../node_modules/bluebird/js/release/async.js.Async._drainQueues (http://localhost:42435/__cypress/runner/cypress_runner.js:162150:10)\n    at Async.drainQueues (http://localhost:42435/__cypress/runner/cypress_runner.js:162024:14)",
                "diff": ""
              },
              "uuid": "bed1074f-51cc-4ce7-ab0a-30c4bfb573a9",
              "parentUUID": "036ff2a9-e5a7-4126-b751-da179e170d58",
              "isHook": false,
              "skipped": false
            },
            {
              "title": "Verifica se a cor preta ainda está presente e é a primeira na sua paleta de cores",
              "fullTitle": "12 - Faça com que as cores da paleta sejam geradas aleatoriamente ao carregar a página. Verifica se a cor preta ainda está presente e é a primeira na sua paleta de cores",
              "timedOut": null,
              "duration": 422,
              "state": "failed",
              "speed": null,
              "pass": false,
              "fail": true,
              "pending": false,
              "context": null,
              "code": "cy.get('.color').then(function (colors) {\n  var currentColors;\n  var previousColors;\n  previousColors = Array.from(colors).map(function (color) {\n    return Cypress.$(color).css('background-color');\n  });\n  expect(previousColors[0]).to.eq(BLACK);\n  for (var i = 0; i < 5; i += 1) {\n    cy.reload();\n    cy.get('.color').then(function (colors) {\n      currentColors = Array.from(colors).map(function (color) {\n        return Cypress.$(color).css('background-color');\n      });\n      expect(currentColors[0]).to.eq(BLACK);\n      expect(currentColors).not.to.deep.equal(previousColors);\n      previousColors = currentColors;\n    });\n  }\n});",
              "err": {
                "message": "AssertionError: expected [ Array(4) ] to not deeply equal [ Array(4) ]",
                "estack": "AssertionError: expected [ Array(4) ] to not deeply equal [ Array(4) ]\n    at getRet (http://localhost:42435/__cypress/runner/cypress_runner.js:136585:16)\n    at tryCatcher (http://localhost:42435/__cypress/runner/cypress_runner.js:167415:23)\n    at Function.Promise.attempt.Promise.try (http://localhost:42435/__cypress/runner/cypress_runner.js:164690:29)\n    at Context.thenFn (http://localhost:42435/__cypress/runner/cypress_runner.js:136599:23)\n    at Context.then (http://localhost:42435/__cypress/runner/cypress_runner.js:136971:21)\n    at Context.<anonymous> (http://localhost:42435/__cypress/runner/cypress_runner.js:148875:21)\n    at http://localhost:42435/__cypress/runner/cypress_runner.js:148351:33\n    at tryCatcher (http://localhost:42435/__cypress/runner/cypress_runner.js:167415:23)\n    at Promise._settlePromiseFromHandler (http://localhost:42435/__cypress/runner/cypress_runner.js:165351:31)\n    at Promise._settlePromise (http://localhost:42435/__cypress/runner/cypress_runner.js:165408:18)\n    at Promise._settlePromiseCtx (http://localhost:42435/__cypress/runner/cypress_runner.js:165445:10)\n    at Async../node_modules/bluebird/js/release/async.js.Async._drainQueue (http://localhost:42435/__cypress/runner/cypress_runner.js:162145:12)\n    at Async../node_modules/bluebird/js/release/async.js.Async._drainQueues (http://localhost:42435/__cypress/runner/cypress_runner.js:162150:10)\n    at Async.drainQueues (http://localhost:42435/__cypress/runner/cypress_runner.js:162024:14)",
                "diff": ""
              },
              "uuid": "330333d5-372a-4577-82bf-cb788762e4d9",
              "parentUUID": "036ff2a9-e5a7-4126-b751-da179e170d58",
              "isHook": false,
              "skipped": false
            }
          ],
          "suites": [],
          "passes": [],
          "failures": [
            "bed1074f-51cc-4ce7-ab0a-30c4bfb573a9",
            "330333d5-372a-4577-82bf-cb788762e4d9"
          ],
          "pending": [],
          "skipped": [],
          "duration": 900,
          "root": false,
          "rootEmpty": false,
          "_timeout": 2000
        }
      ],
      "passes": [],
      "failures": [],
      "pending": [],
      "skipped": [],
      "duration": 0,
      "root": true,
      "rootEmpty": true,
      "_timeout": 2000
    }
  ],
  "meta": {
    "mocha": {
      "version": "7.0.1"
    },
    "mochawesome": {
      "options": {
        "quiet": false,
        "reportFilename": "mochawesome",
        "saveHtml": false,
        "saveJson": true,
        "consoleReporter": "spec",
        "useInlineDiffs": false
      },
      "version": "4.1.0"
    },
    "marge": {
      "options": {
        "id": "default",
        "reportDir": "cypress/reports",
        "overwrite": true,
        "html": false,
        "json": true
      },
      "version": "4.1.0"
    }
  }
}