{
  "stats": {
    "suites": 12,
    "tests": 41,
    "passes": 31,
    "pending": 0,
    "failures": 10,
    "start": "2022-01-31T05:44:01.533Z",
    "end": "2022-01-31T05:45:04.224Z",
    "duration": 62691,
    "testsRegistered": 41,
    "passPercent": 75.60975609756098,
    "pendingPercent": 0,
    "other": 0,
    "hasOther": false,
    "skipped": 0,
    "hasSkipped": false
  },
  "results": [
    {
      "uuid": "519a02db-ad07-4714-93f1-635c3139ab61",
      "title": "",
      "fullFile": "cypress/integration/project.spec.js",
      "file": "cypress/integration/project.spec.js",
      "beforeHooks": [],
      "afterHooks": [],
      "tests": [],
      "suites": [
        {
          "uuid": "f1f55972-9d3c-41a7-b9ee-f8c71e03fd0c",
          "title": "1 - Adicione à página o título \"Paleta de Cores\".",
          "fullFile": "",
          "file": "",
          "beforeHooks": [],
          "afterHooks": [],
          "tests": [
            {
              "title": "Verifica se contém um elemento `h1` com o id `title` com o título correto",
              "fullTitle": "1 - Adicione à página o título \"Paleta de Cores\". Verifica se contém um elemento `h1` com o id `title` com o título correto",
              "timedOut": null,
              "duration": 278,
              "state": "passed",
              "speed": "slow",
              "pass": true,
              "fail": false,
              "pending": false,
              "context": null,
              "code": "cy.get('h1#title').should('contain.text', 'Paleta de Cores');",
              "err": {},
              "uuid": "2227d6bf-6d59-418c-b8ca-2584e3dee08c",
              "parentUUID": "f1f55972-9d3c-41a7-b9ee-f8c71e03fd0c",
              "isHook": false,
              "skipped": false
            }
          ],
          "suites": [],
          "passes": [
            "2227d6bf-6d59-418c-b8ca-2584e3dee08c"
          ],
          "failures": [],
          "pending": [],
          "skipped": [],
          "duration": 278,
          "root": false,
          "rootEmpty": false,
          "_timeout": 2000
        },
        {
          "uuid": "d1860acf-72bb-449b-b78c-bc5f1e1fbdeb",
          "title": "2 - Adicione à página uma paleta de quatro cores distintas.",
          "fullFile": "",
          "file": "",
          "beforeHooks": [],
          "afterHooks": [],
          "tests": [
            {
              "title": "A paleta de cores deve ser um elemento com `id` denominado `color-palette`",
              "fullTitle": "2 - Adicione à página uma paleta de quatro cores distintas. A paleta de cores deve ser um elemento com `id` denominado `color-palette`",
              "timedOut": null,
              "duration": 216,
              "state": "passed",
              "speed": "slow",
              "pass": true,
              "fail": false,
              "pending": false,
              "context": null,
              "code": "cy.get('#color-palette').should('be.visible');\ncy.get('#color-palette').children('.color');",
              "err": {},
              "uuid": "4574c3b1-3677-4610-8dbb-3a47fa203adf",
              "parentUUID": "d1860acf-72bb-449b-b78c-bc5f1e1fbdeb",
              "isHook": false,
              "skipped": false
            },
            {
              "title": "Verifica se cada cor individual da paleta de cores possui a `classe` chamada `color`.",
              "fullTitle": "2 - Adicione à página uma paleta de quatro cores distintas. Verifica se cada cor individual da paleta de cores possui a `classe` chamada `color`.",
              "timedOut": null,
              "duration": 205,
              "state": "passed",
              "speed": "slow",
              "pass": true,
              "fail": false,
              "pending": false,
              "context": null,
              "code": "cy.get('.color').should('have.length', 4).then(function (colors) {\n  for (var i = 0; i < colors.length; i++) {\n    cy.wrap(colors[i]).should('be.visible');\n  }\n});",
              "err": {},
              "uuid": "55427160-6230-4b30-ae28-0d901cd1d0cb",
              "parentUUID": "d1860acf-72bb-449b-b78c-bc5f1e1fbdeb",
              "isHook": false,
              "skipped": false
            },
            {
              "title": "Verifica se a cor de fundo de cada elemento da paleta é a cor que o elemento representa. **A única cor não permitida na paleta é a cor branca.**",
              "fullTitle": "2 - Adicione à página uma paleta de quatro cores distintas. Verifica se a cor de fundo de cada elemento da paleta é a cor que o elemento representa. **A única cor não permitida na paleta é a cor branca.**",
              "timedOut": null,
              "duration": 206,
              "state": "passed",
              "speed": "slow",
              "pass": true,
              "fail": false,
              "pending": false,
              "context": null,
              "code": "cy.get('.color').each(function (color) {\n  cy.wrap(color).should('have.class', 'color').and('not.have.css', 'background-color', WHITE);\n  cy.wrap(color).should('have.css', 'background-color');\n});",
              "err": {},
              "uuid": "b89b5d67-2352-408f-932e-095a1e1ade49",
              "parentUUID": "d1860acf-72bb-449b-b78c-bc5f1e1fbdeb",
              "isHook": false,
              "skipped": false
            },
            {
              "title": "Verifica se cada elemento da paleta de cores tem uma borda preta, sólida e com 1 pixel de largura;",
              "fullTitle": "2 - Adicione à página uma paleta de quatro cores distintas. Verifica se cada elemento da paleta de cores tem uma borda preta, sólida e com 1 pixel de largura;",
              "timedOut": null,
              "duration": 150,
              "state": "passed",
              "speed": "slow",
              "pass": true,
              "fail": false,
              "pending": false,
              "context": null,
              "code": "cy.get('.color').each(function (color) {\n  cy.wrap(color).and('have.css', 'border', \"1px solid \".concat(BLACK)).and('have.class', 'color');\n});",
              "err": {},
              "uuid": "cd8ceecb-0ff2-44e1-8812-5a478e1a7a2f",
              "parentUUID": "d1860acf-72bb-449b-b78c-bc5f1e1fbdeb",
              "isHook": false,
              "skipped": false
            },
            {
              "title": "Verifica se a paleta lista todas as cores disponíveis para utilização, lado a lado.",
              "fullTitle": "2 - Adicione à página uma paleta de quatro cores distintas. Verifica se a paleta lista todas as cores disponíveis para utilização, lado a lado.",
              "timedOut": null,
              "duration": 127,
              "state": "passed",
              "speed": "slow",
              "pass": true,
              "fail": false,
              "pending": false,
              "context": null,
              "code": "cy.get('.color').then(function (colors) {\n  for (var index = 1; index < colors.length; index += 1) {\n    var currentColor = colors[index];\n    var previousColor = colors[index - 1];\n    cy.wrap(currentColor).should('be.onTheRightOf', previousColor).and('be.horizontallyAlignedWith', previousColor);\n  }\n});",
              "err": {},
              "uuid": "765a10c9-0e88-4d93-8cd7-12d5a333f18e",
              "parentUUID": "d1860acf-72bb-449b-b78c-bc5f1e1fbdeb",
              "isHook": false,
              "skipped": false
            },
            {
              "title": "Verifica se a paleta de cores está posicionada abaixo do título 'Paleta de Cores'",
              "fullTitle": "2 - Adicione à página uma paleta de quatro cores distintas. Verifica se a paleta de cores está posicionada abaixo do título 'Paleta de Cores'",
              "timedOut": null,
              "duration": 125,
              "state": "passed",
              "speed": "slow",
              "pass": true,
              "fail": false,
              "pending": false,
              "context": null,
              "code": "cy.get('h1#title').then(function (title) {\n  cy.get('#color-palette').should('be.belowOf', title);\n});",
              "err": {},
              "uuid": "37d3bef0-3847-4af1-ad53-60fe6c218fbd",
              "parentUUID": "d1860acf-72bb-449b-b78c-bc5f1e1fbdeb",
              "isHook": false,
              "skipped": false
            },
            {
              "title": "Verifica se a paleta de cores não contém cores repetidas.",
              "fullTitle": "2 - Adicione à página uma paleta de quatro cores distintas. Verifica se a paleta de cores não contém cores repetidas.",
              "timedOut": null,
              "duration": 122,
              "state": "passed",
              "speed": "slow",
              "pass": true,
              "fail": false,
              "pending": false,
              "context": null,
              "code": "cy.get('.color').then(function (colors) {\n  var allColors = Array.from(colors).map(function (color) {\n    return Cypress.$(color).css('background-color');\n  });\n  cy.log(allColors);\n  var uniqColors = (0, _toConsumableArray2[\"default\"])(new Set(allColors));\n  cy.log(uniqColors);\n  expect(allColors.length).to.eq(uniqColors.length);\n});",
              "err": {},
              "uuid": "fdf5d390-5279-4bc9-ba91-3c3a196ae5c9",
              "parentUUID": "d1860acf-72bb-449b-b78c-bc5f1e1fbdeb",
              "isHook": false,
              "skipped": false
            }
          ],
          "suites": [],
          "passes": [
            "4574c3b1-3677-4610-8dbb-3a47fa203adf",
            "55427160-6230-4b30-ae28-0d901cd1d0cb",
            "b89b5d67-2352-408f-932e-095a1e1ade49",
            "cd8ceecb-0ff2-44e1-8812-5a478e1a7a2f",
            "765a10c9-0e88-4d93-8cd7-12d5a333f18e",
            "37d3bef0-3847-4af1-ad53-60fe6c218fbd",
            "fdf5d390-5279-4bc9-ba91-3c3a196ae5c9"
          ],
          "failures": [],
          "pending": [],
          "skipped": [],
          "duration": 1151,
          "root": false,
          "rootEmpty": false,
          "_timeout": 2000
        },
        {
          "uuid": "957703c2-9a21-45ae-8a34-b3e773fdf9eb",
          "title": "3 - Adicione a cor **preta** como a primeira cor da paleta de cores.",
          "fullFile": "",
          "file": "",
          "beforeHooks": [],
          "afterHooks": [],
          "tests": [
            {
              "title": "Verifica se a primeira cor da paleta é preta",
              "fullTitle": "3 - Adicione a cor **preta** como a primeira cor da paleta de cores. Verifica se a primeira cor da paleta é preta",
              "timedOut": null,
              "duration": 145,
              "state": "passed",
              "speed": "slow",
              "pass": true,
              "fail": false,
              "pending": false,
              "context": null,
              "code": "cy.get('.color').first().should('have.css', 'background-color', BLACK);",
              "err": {},
              "uuid": "543cf578-1fa3-4713-9016-dd3dfaf1c51d",
              "parentUUID": "957703c2-9a21-45ae-8a34-b3e773fdf9eb",
              "isHook": false,
              "skipped": false
            },
            {
              "title": "Verifica se as demais cores podem ser escolhidas livremente.",
              "fullTitle": "3 - Adicione a cor **preta** como a primeira cor da paleta de cores. Verifica se as demais cores podem ser escolhidas livremente.",
              "timedOut": null,
              "duration": 223,
              "state": "passed",
              "speed": "slow",
              "pass": true,
              "fail": false,
              "pending": false,
              "context": null,
              "code": "cy.get('.color').eq(1).should('not.have.css', 'background-color', BLACK);\ncy.get('.color').eq(1).should('not.have.css', 'background-color', WHITE);\ncy.get('.color').eq(1).should('not.have.css', 'background-color', 'rgba(0, 0, 0, 0)');\ncy.get('.color').eq(1).should('have.css', 'background-color');\ncy.get('.color').eq(2).should('not.have.css', 'background-color', BLACK);\ncy.get('.color').eq(2).should('not.have.css', 'background-color', WHITE);\ncy.get('.color').eq(2).should('not.have.css', 'background-color', 'rgba(0, 0, 0, 0)');\ncy.get('.color').eq(2).should('have.css', 'background-color');\ncy.get('.color').eq(3).should('not.have.css', 'background-color', BLACK);\ncy.get('.color').eq(3).should('not.have.css', 'background-color', WHITE);\ncy.get('.color').eq(3).should('not.have.css', 'background-color', 'rgba(0, 0, 0, 0)');\ncy.get('.color').eq(3).should('have.css', 'background-color');",
              "err": {},
              "uuid": "13c87b30-c7c1-43c4-9d62-1cdb3fd68ff4",
              "parentUUID": "957703c2-9a21-45ae-8a34-b3e773fdf9eb",
              "isHook": false,
              "skipped": false
            }
          ],
          "suites": [],
          "passes": [
            "543cf578-1fa3-4713-9016-dd3dfaf1c51d",
            "13c87b30-c7c1-43c4-9d62-1cdb3fd68ff4"
          ],
          "failures": [],
          "pending": [],
          "skipped": [],
          "duration": 368,
          "root": false,
          "rootEmpty": false,
          "_timeout": 2000
        },
        {
          "uuid": "71991d04-2e8b-4791-bf4f-065569b071c7",
          "title": "4 - Adicione à página um quadro de pixels, com 25 pixels.",
          "fullFile": "",
          "file": "",
          "beforeHooks": [],
          "afterHooks": [],
          "tests": [
            {
              "title": "Verifica se o quadro de pixels possui o `id` denominado `pixel-board`",
              "fullTitle": "4 - Adicione à página um quadro de pixels, com 25 pixels. Verifica se o quadro de pixels possui o `id` denominado `pixel-board`",
              "timedOut": null,
              "duration": 128,
              "state": "passed",
              "speed": "slow",
              "pass": true,
              "fail": false,
              "pending": false,
              "context": null,
              "code": "cy.get('#pixel-board').should('be.visible');",
              "err": {},
              "uuid": "7b4586d5-2697-4e09-9a2e-f9bbfda35ca4",
              "parentUUID": "71991d04-2e8b-4791-bf4f-065569b071c7",
              "isHook": false,
              "skipped": false
            },
            {
              "title": "Verifica se cada pixel individual dentro do quadro possui a `classe` denominada `pixel`.",
              "fullTitle": "4 - Adicione à página um quadro de pixels, com 25 pixels. Verifica se cada pixel individual dentro do quadro possui a `classe` denominada `pixel`.",
              "timedOut": null,
              "duration": 165,
              "state": "passed",
              "speed": "slow",
              "pass": true,
              "fail": false,
              "pending": false,
              "context": null,
              "code": "cy.get('.pixel').should('have.length', 25);",
              "err": {},
              "uuid": "2a379387-1627-40d4-a1ce-74da649e98d2",
              "parentUUID": "71991d04-2e8b-4791-bf4f-065569b071c7",
              "isHook": false,
              "skipped": false
            },
            {
              "title": "Verifica se a cor inicial dos pixels dentro do quadro, ao abrir a página, é branca.",
              "fullTitle": "4 - Adicione à página um quadro de pixels, com 25 pixels. Verifica se a cor inicial dos pixels dentro do quadro, ao abrir a página, é branca.",
              "timedOut": null,
              "duration": 215,
              "state": "passed",
              "speed": "slow",
              "pass": true,
              "fail": false,
              "pending": false,
              "context": null,
              "code": "cy.get('.pixel').should('have.length', 25).each(function (pixel) {\n  expect(pixel).to.have.css('background-color', WHITE);\n});",
              "err": {},
              "uuid": "ff0b6fdd-d93b-4536-bae0-292b5544cb9b",
              "parentUUID": "71991d04-2e8b-4791-bf4f-065569b071c7",
              "isHook": false,
              "skipped": false
            },
            {
              "title": "Verifica se o quadro de pixels aparece abaixo da paleta de cores",
              "fullTitle": "4 - Adicione à página um quadro de pixels, com 25 pixels. Verifica se o quadro de pixels aparece abaixo da paleta de cores",
              "timedOut": null,
              "duration": 137,
              "state": "passed",
              "speed": "slow",
              "pass": true,
              "fail": false,
              "pending": false,
              "context": null,
              "code": "cy.get('#color-palette').then(function (palette) {\n  cy.get('#pixel-board').should('be.belowOf', palette);\n});",
              "err": {},
              "uuid": "9cecc34d-a96d-42cb-825f-8e73aee02b23",
              "parentUUID": "71991d04-2e8b-4791-bf4f-065569b071c7",
              "isHook": false,
              "skipped": false
            }
          ],
          "suites": [],
          "passes": [
            "7b4586d5-2697-4e09-9a2e-f9bbfda35ca4",
            "2a379387-1627-40d4-a1ce-74da649e98d2",
            "ff0b6fdd-d93b-4536-bae0-292b5544cb9b",
            "9cecc34d-a96d-42cb-825f-8e73aee02b23"
          ],
          "failures": [],
          "pending": [],
          "skipped": [],
          "duration": 645,
          "root": false,
          "rootEmpty": false,
          "_timeout": 2000
        },
        {
          "uuid": "a6495612-9c3d-4118-a702-efde8a4618be",
          "title": "5 - Faça com que cada elemento do quadro de pixels possua 40 pixels de largura, 40 pixels de altura e seja delimitado por uma borda preta de 1 pixel.",
          "fullFile": "",
          "file": "",
          "beforeHooks": [],
          "afterHooks": [],
          "tests": [
            {
              "title": "Verifica se o quadro de pixels tem altura e comprimento de 5 elementos",
              "fullTitle": "5 - Faça com que cada elemento do quadro de pixels possua 40 pixels de largura, 40 pixels de altura e seja delimitado por uma borda preta de 1 pixel. Verifica se o quadro de pixels tem altura e comprimento de 5 elementos",
              "timedOut": null,
              "duration": 325,
              "state": "passed",
              "speed": "slow",
              "pass": true,
              "fail": false,
              "pending": false,
              "context": null,
              "code": "cy.get('.pixel').should('have.length', 25).each(function (pixel) {\n  expect(pixel).to.have.css('background-color', WHITE);\n}).and(function (pixels) {\n  var rows = chunk(pixels, 5);\n  rows.forEach(function (row) {\n    for (var index = 1; index < row.length; index += 1) {\n      var current = pixels[index];\n      var previous = pixels[index - 1];\n      cy.wrap(current).should('be.onTheRightOf', previous).and('be.horizontallyAlignedWith', previous);\n    }\n  });\n  for (var index = 1; index < 5; index += 1) {\n    expect(pixels[index * 5]).to.be.belowOf(pixels[(index - 1) * 5]);\n  }\n});",
              "err": {},
              "uuid": "6e4a9a82-7971-4395-ba9d-ff4f7bd7cd85",
              "parentUUID": "a6495612-9c3d-4118-a702-efde8a4618be",
              "isHook": false,
              "skipped": false
            },
            {
              "title": "Verifica se 40 pixels é o tamanho total do elemento, incluindo seu conteúdo e excluindo a borda preta, que deve ser criada à parte.",
              "fullTitle": "5 - Faça com que cada elemento do quadro de pixels possua 40 pixels de largura, 40 pixels de altura e seja delimitado por uma borda preta de 1 pixel. Verifica se 40 pixels é o tamanho total do elemento, incluindo seu conteúdo e excluindo a borda preta, que deve ser criada à parte.",
              "timedOut": null,
              "duration": 4309,
              "state": "failed",
              "speed": null,
              "pass": false,
              "fail": true,
              "pending": false,
              "context": null,
              "code": "cy.get('.pixel').each(function (pixel) {\n  cy.wrap(pixel).should('have.css', 'height', '40px').and('have.css', 'width', '40px').and('have.css', 'border', \"1px solid \".concat(BLACK));\n});",
              "err": {
                "message": "CypressError: Timed out retrying: expected '<div.pixel>' to have CSS property 'height' with the value '40px', but the value was '60px'",
                "estack": "CypressError: Timed out retrying: expected '<div.pixel>' to have CSS property 'height' with the value '40px', but the value was '60px'\n    at cypressErr (http://localhost:35527/__cypress/runner/cypress_runner.js:149934:9)\n    at throwErr (http://localhost:35527/__cypress/runner/cypress_runner.js:149867:11)\n    at Object.throwErrByPath (http://localhost:35527/__cypress/runner/cypress_runner.js:149915:3)\n    at retry (http://localhost:35527/__cypress/runner/cypress_runner.js:144197:19)\n    at onFailFn (http://localhost:35527/__cypress/runner/cypress_runner.js:132448:16)\n    at tryCatcher (http://localhost:35527/__cypress/runner/cypress_runner.js:167415:23)\n    at Promise._settlePromiseFromHandler (http://localhost:35527/__cypress/runner/cypress_runner.js:165351:31)\n    at Promise._settlePromise (http://localhost:35527/__cypress/runner/cypress_runner.js:165408:18)\n    at Promise._settlePromise0 (http://localhost:35527/__cypress/runner/cypress_runner.js:165453:10)\n    at Promise._settlePromises (http://localhost:35527/__cypress/runner/cypress_runner.js:165528:18)\n    at Async../node_modules/bluebird/js/release/async.js.Async._drainQueue (http://localhost:35527/__cypress/runner/cypress_runner.js:162140:16)\n    at Async../node_modules/bluebird/js/release/async.js.Async._drainQueues (http://localhost:35527/__cypress/runner/cypress_runner.js:162150:10)\n    at Async.drainQueues (http://localhost:35527/__cypress/runner/cypress_runner.js:162024:14)",
                "diff": null
              },
              "uuid": "5723fad5-c517-4534-8d6b-b85e42043b30",
              "parentUUID": "a6495612-9c3d-4118-a702-efde8a4618be",
              "isHook": false,
              "skipped": false
            }
          ],
          "suites": [],
          "passes": [
            "6e4a9a82-7971-4395-ba9d-ff4f7bd7cd85"
          ],
          "failures": [
            "5723fad5-c517-4534-8d6b-b85e42043b30"
          ],
          "pending": [],
          "skipped": [],
          "duration": 4634,
          "root": false,
          "rootEmpty": false,
          "_timeout": 2000
        },
        {
          "uuid": "41e6885a-d453-419c-9526-2a587e077e9b",
          "title": "6 - Defina a cor preta como cor inicial. Ao carregar a página a cor preta já deve estar selecionada para pintar os pixels",
          "fullFile": "",
          "file": "",
          "beforeHooks": [],
          "afterHooks": [],
          "tests": [
            {
              "title": "Verifica se o elemento da cor preta possui, inicialmente, a `classe` `selected`",
              "fullTitle": "6 - Defina a cor preta como cor inicial. Ao carregar a página a cor preta já deve estar selecionada para pintar os pixels Verifica se o elemento da cor preta possui, inicialmente, a `classe` `selected`",
              "timedOut": null,
              "duration": 211,
              "state": "passed",
              "speed": "slow",
              "pass": true,
              "fail": false,
              "pending": false,
              "context": null,
              "code": "cy.get('.selected').first().should('have.css', 'background-color', BLACK);",
              "err": {},
              "uuid": "9487808c-bcc8-4d47-9f47-966d0a73e23a",
              "parentUUID": "41e6885a-d453-419c-9526-2a587e077e9b",
              "isHook": false,
              "skipped": false
            },
            {
              "title": "Verifica se nenhuma outra cor da paleta tem a `classe` `selected`",
              "fullTitle": "6 - Defina a cor preta como cor inicial. Ao carregar a página a cor preta já deve estar selecionada para pintar os pixels Verifica se nenhuma outra cor da paleta tem a `classe` `selected`",
              "timedOut": null,
              "duration": 131,
              "state": "passed",
              "speed": "slow",
              "pass": true,
              "fail": false,
              "pending": false,
              "context": null,
              "code": "cy.get('.color:not(:first-child)').each(function (color) {\n  cy.wrap(color).should('not.have.class', 'selected');\n});",
              "err": {},
              "uuid": "9c28b329-31ff-4112-949f-ef11fb20c4e9",
              "parentUUID": "41e6885a-d453-419c-9526-2a587e077e9b",
              "isHook": false,
              "skipped": false
            }
          ],
          "suites": [],
          "passes": [
            "9487808c-bcc8-4d47-9f47-966d0a73e23a",
            "9c28b329-31ff-4112-949f-ef11fb20c4e9"
          ],
          "failures": [],
          "pending": [],
          "skipped": [],
          "duration": 342,
          "root": false,
          "rootEmpty": false,
          "_timeout": 2000
        },
        {
          "uuid": "93d16f25-c856-46e2-bd2d-5781b32bf9b3",
          "title": "7 - Clicar em uma das cores da paleta, faz com que ela seja selecionada e utilizada para preencher os pixels no quadro.",
          "fullFile": "",
          "file": "",
          "beforeHooks": [],
          "afterHooks": [],
          "tests": [
            {
              "title": "Verifica se somente uma cor da paleta de cores tem a classe `selected` de cada vez",
              "fullTitle": "7 - Clicar em uma das cores da paleta, faz com que ela seja selecionada e utilizada para preencher os pixels no quadro. Verifica se somente uma cor da paleta de cores tem a classe `selected` de cada vez",
              "timedOut": null,
              "duration": 499,
              "state": "passed",
              "speed": "slow",
              "pass": true,
              "fail": false,
              "pending": false,
              "context": null,
              "code": "cy.get('.color').each(function (selectedColor, selectedColorIndex) {\n  cy.wrap(selectedColor).click();\n  cy.get('.color').each(function (color, colorIndex) {\n    if (colorIndex === selectedColorIndex) {\n      expect(color).to.have[\"class\"]('selected');\n    } else {\n      expect(color).not.to.have[\"class\"]('selected');\n    }\n  });\n});",
              "err": {},
              "uuid": "a21285e6-7bdb-49d3-9257-f6b0c2911824",
              "parentUUID": "93d16f25-c856-46e2-bd2d-5781b32bf9b3",
              "isHook": false,
              "skipped": false
            },
            {
              "title": "Verifica se os pixels dentro do quadro não têm a classe `selected` quando são clicados",
              "fullTitle": "7 - Clicar em uma das cores da paleta, faz com que ela seja selecionada e utilizada para preencher os pixels no quadro. Verifica se os pixels dentro do quadro não têm a classe `selected` quando são clicados",
              "timedOut": null,
              "duration": 8893,
              "state": "passed",
              "speed": "slow",
              "pass": true,
              "fail": false,
              "pending": false,
              "context": null,
              "code": "cy.get('.color').each(function (color) {\n  var backgroundColor = color.css('background-color');\n  cy.wrap(color).click();\n  cy.get('.pixel').each(function (pixel) {\n    cy.wrap(pixel).click().should('not.have.class', 'selected');\n  });\n});",
              "err": {},
              "uuid": "5e261b3e-37eb-4fe6-b95c-1e1891f1004d",
              "parentUUID": "93d16f25-c856-46e2-bd2d-5781b32bf9b3",
              "isHook": false,
              "skipped": false
            }
          ],
          "suites": [],
          "passes": [
            "a21285e6-7bdb-49d3-9257-f6b0c2911824",
            "5e261b3e-37eb-4fe6-b95c-1e1891f1004d"
          ],
          "failures": [],
          "pending": [],
          "skipped": [],
          "duration": 9392,
          "root": false,
          "rootEmpty": false,
          "_timeout": 2000
        },
        {
          "uuid": "e2a9551e-6848-4080-bdfe-14dd2eaef634",
          "title": "8 - Clicar em um pixel dentro do quadro após selecionar uma cor na paleta, faz com que o pixel seja preenchido com a cor selecionada.",
          "fullFile": "",
          "file": "",
          "beforeHooks": [],
          "afterHooks": [],
          "tests": [
            {
              "title": "Verifica se ao carregar a página deve ser possível pintar os pixels de preto",
              "fullTitle": "8 - Clicar em um pixel dentro do quadro após selecionar uma cor na paleta, faz com que o pixel seja preenchido com a cor selecionada. Verifica se ao carregar a página deve ser possível pintar os pixels de preto",
              "timedOut": null,
              "duration": 2227,
              "state": "passed",
              "speed": "slow",
              "pass": true,
              "fail": false,
              "pending": false,
              "context": null,
              "code": "cy.get('.pixel').each(function (pixel) {\n  cy.wrap(pixel).click().should('have.css', 'background-color', BLACK);\n});",
              "err": {},
              "uuid": "6f004c12-a9c9-481d-b9ba-087b2d6da271",
              "parentUUID": "e2a9551e-6848-4080-bdfe-14dd2eaef634",
              "isHook": false,
              "skipped": false
            },
            {
              "title": "Verifica se após selecionar uma outra cor na paleta, é possível pintar os pixels com essa cor",
              "fullTitle": "8 - Clicar em um pixel dentro do quadro após selecionar uma cor na paleta, faz com que o pixel seja preenchido com a cor selecionada. Verifica se após selecionar uma outra cor na paleta, é possível pintar os pixels com essa cor",
              "timedOut": null,
              "duration": 8733,
              "state": "passed",
              "speed": "slow",
              "pass": true,
              "fail": false,
              "pending": false,
              "context": null,
              "code": "cy.get('.color').each(function (color) {\n  var backgroundColor = color.css('background-color');\n  cy.wrap(color).click();\n  cy.get('.pixel').each(function (pixel) {\n    cy.wrap(pixel).click().should('have.css', 'background-color', backgroundColor);\n  });\n});",
              "err": {},
              "uuid": "8736fd93-6d04-4080-9492-2abc5bbd7ee8",
              "parentUUID": "e2a9551e-6848-4080-bdfe-14dd2eaef634",
              "isHook": false,
              "skipped": false
            },
            {
              "title": "Verifica se somente o pixel que foi clicado foi preenchido com a cor selecionada, sem influenciar na cor dos demais pixels.",
              "fullTitle": "8 - Clicar em um pixel dentro do quadro após selecionar uma cor na paleta, faz com que o pixel seja preenchido com a cor selecionada. Verifica se somente o pixel que foi clicado foi preenchido com a cor selecionada, sem influenciar na cor dos demais pixels.",
              "timedOut": null,
              "duration": 1515,
              "state": "passed",
              "speed": "slow",
              "pass": true,
              "fail": false,
              "pending": false,
              "context": null,
              "code": "var colorToPixelIndexMap = {\n  0: 6,\n  1: 8,\n  2: 16,\n  3: 18\n};\ncy.get('.color').each(function (color, index) {\n  cy.wrap(color).click();\n  var backgroundColor = color.css('background-color');\n  var clickedPixelIndex = colorToPixelIndexMap[index];\n  cy.get('.pixel').eq(clickedPixelIndex).click();\n  cy.get('.pixel').eq(clickedPixelIndex - 1).should('not.have.css', 'background-color', backgroundColor);\n  cy.get('.pixel').eq(clickedPixelIndex + 1).should('not.have.css', 'background-color', backgroundColor);\n  cy.get('.pixel').eq(clickedPixelIndex - 5).should('not.have.css', 'background-color', backgroundColor);\n  cy.get('.pixel').eq(clickedPixelIndex + 5).should('not.have.css', 'background-color', backgroundColor);\n  cy.get('.pixel').eq(clickedPixelIndex - 6).should('not.have.css', 'background-color', backgroundColor);\n  cy.get('.pixel').eq(clickedPixelIndex - 4).should('not.have.css', 'background-color', backgroundColor);\n  cy.get('.pixel').eq(clickedPixelIndex + 4).should('not.have.css', 'background-color', backgroundColor);\n  cy.get('.pixel').eq(clickedPixelIndex + 6).should('not.have.css', 'background-color', backgroundColor);\n});",
              "err": {},
              "uuid": "d36f8224-3c08-4827-a950-b7bda3776259",
              "parentUUID": "e2a9551e-6848-4080-bdfe-14dd2eaef634",
              "isHook": false,
              "skipped": false
            }
          ],
          "suites": [],
          "passes": [
            "6f004c12-a9c9-481d-b9ba-087b2d6da271",
            "8736fd93-6d04-4080-9492-2abc5bbd7ee8",
            "d36f8224-3c08-4827-a950-b7bda3776259"
          ],
          "failures": [],
          "pending": [],
          "skipped": [],
          "duration": 12475,
          "root": false,
          "rootEmpty": false,
          "_timeout": 2000
        },
        {
          "uuid": "f56bdd28-9a72-415b-812c-6ad5a360fefa",
          "title": "9 - Crie um botão que, ao ser clicado, limpa o quadro preenchendo a cor de todos seus pixels com branco.",
          "fullFile": "",
          "file": "",
          "beforeHooks": [],
          "afterHooks": [],
          "tests": [
            {
              "title": "Verifica se o botão tem o `id` denominado `clear-board`",
              "fullTitle": "9 - Crie um botão que, ao ser clicado, limpa o quadro preenchendo a cor de todos seus pixels com branco. Verifica se o botão tem o `id` denominado `clear-board`",
              "timedOut": null,
              "duration": 180,
              "state": "passed",
              "speed": "slow",
              "pass": true,
              "fail": false,
              "pending": false,
              "context": null,
              "code": "cy.get('#clear-board').should('be.visible');",
              "err": {},
              "uuid": "3c4eda80-77c4-44fa-93c9-69bad25cc4f4",
              "parentUUID": "f56bdd28-9a72-415b-812c-6ad5a360fefa",
              "isHook": false,
              "skipped": false
            },
            {
              "title": "Verifica se o botão está posicionado entre a paleta de cores e o quadro de pixels",
              "fullTitle": "9 - Crie um botão que, ao ser clicado, limpa o quadro preenchendo a cor de todos seus pixels com branco. Verifica se o botão está posicionado entre a paleta de cores e o quadro de pixels",
              "timedOut": null,
              "duration": 130,
              "state": "passed",
              "speed": "slow",
              "pass": true,
              "fail": false,
              "pending": false,
              "context": null,
              "code": "cy.get('#color-palette').then(function (palette) {\n  cy.get('#clear-board').should('be.belowOf', palette);\n});\ncy.get('#clear-board').then(function (clearBtn) {\n  cy.get('#pixel-board').should('be.belowOf', clearBtn);\n});",
              "err": {},
              "uuid": "4e1a779c-0a6e-46dc-a776-9ada1a6a6aee",
              "parentUUID": "f56bdd28-9a72-415b-812c-6ad5a360fefa",
              "isHook": false,
              "skipped": false
            },
            {
              "title": "Verifica se o texto do botão é 'Limpar'",
              "fullTitle": "9 - Crie um botão que, ao ser clicado, limpa o quadro preenchendo a cor de todos seus pixels com branco. Verifica se o texto do botão é 'Limpar'",
              "timedOut": null,
              "duration": 96,
              "state": "passed",
              "speed": "slow",
              "pass": true,
              "fail": false,
              "pending": false,
              "context": null,
              "code": "cy.get('#clear-board').should('contain.text', 'Limpar');",
              "err": {},
              "uuid": "0f5a9a3a-8dd5-4169-ace8-2d9e530b7b66",
              "parentUUID": "f56bdd28-9a72-415b-812c-6ad5a360fefa",
              "isHook": false,
              "skipped": false
            },
            {
              "title": "Verifica se ao clicar no botão, o quadro de pixels é totalmente preenchido de branco",
              "fullTitle": "9 - Crie um botão que, ao ser clicado, limpa o quadro preenchendo a cor de todos seus pixels com branco. Verifica se ao clicar no botão, o quadro de pixels é totalmente preenchido de branco",
              "timedOut": null,
              "duration": 2408,
              "state": "passed",
              "speed": "slow",
              "pass": true,
              "fail": false,
              "pending": false,
              "context": null,
              "code": "cy.get('.color').eq(1).then(function (color) {\n  var backgroundColor = color.css('background-color');\n  cy.wrap(color).click();\n  cy.get('.pixel').each(function (pixel) {\n    cy.wrap(pixel).click().should('have.css', 'background-color', backgroundColor);\n  });\n});\ncy.get('#clear-board').click();\ncy.get('.pixel').each(function (pixel) {\n  cy.wrap(pixel).should('have.css', 'background-color', WHITE);\n});",
              "err": {},
              "uuid": "244f374d-c21a-4a82-be96-21a56bbb9494",
              "parentUUID": "f56bdd28-9a72-415b-812c-6ad5a360fefa",
              "isHook": false,
              "skipped": false
            }
          ],
          "suites": [],
          "passes": [
            "3c4eda80-77c4-44fa-93c9-69bad25cc4f4",
            "4e1a779c-0a6e-46dc-a776-9ada1a6a6aee",
            "0f5a9a3a-8dd5-4169-ace8-2d9e530b7b66",
            "244f374d-c21a-4a82-be96-21a56bbb9494"
          ],
          "failures": [],
          "pending": [],
          "skipped": [],
          "duration": 2814,
          "root": false,
          "rootEmpty": false,
          "_timeout": 2000
        },
        {
          "uuid": "113d0a1a-d471-4e40-91a4-807c9951e255",
          "title": "10 - Faça o quadro de pixels ter seu tamanho definido pelo usuário.",
          "fullFile": "",
          "file": "",
          "beforeHooks": [],
          "afterHooks": [],
          "tests": [
            {
              "title": "Verifica se existe um input com o id `board-size`",
              "fullTitle": "10 - Faça o quadro de pixels ter seu tamanho definido pelo usuário. Verifica se existe um input com o id `board-size`",
              "timedOut": null,
              "duration": 129,
              "state": "passed",
              "speed": "slow",
              "pass": true,
              "fail": false,
              "pending": false,
              "context": null,
              "code": "cy.get('#board-size').should('be.visible');",
              "err": {},
              "uuid": "33f57b14-5aad-469c-9479-8888032e7db4",
              "parentUUID": "113d0a1a-d471-4e40-91a4-807c9951e255",
              "isHook": false,
              "skipped": false
            },
            {
              "title": "Verifica se existe um botão com o id `generate-board`",
              "fullTitle": "10 - Faça o quadro de pixels ter seu tamanho definido pelo usuário. Verifica se existe um botão com o id `generate-board`",
              "timedOut": null,
              "duration": 105,
              "state": "passed",
              "speed": "slow",
              "pass": true,
              "fail": false,
              "pending": false,
              "context": null,
              "code": "cy.get('#generate-board').should('be.visible');",
              "err": {},
              "uuid": "5100d685-4c89-4f44-bcd7-a5692099fe6c",
              "parentUUID": "113d0a1a-d471-4e40-91a4-807c9951e255",
              "isHook": false,
              "skipped": false
            },
            {
              "title": "Verifica se o input só aceita número maiores que zero. Essa restrição deve ser feita usando os atributos do elemento `input`",
              "fullTitle": "10 - Faça o quadro de pixels ter seu tamanho definido pelo usuário. Verifica se o input só aceita número maiores que zero. Essa restrição deve ser feita usando os atributos do elemento `input`",
              "timedOut": null,
              "duration": 4236,
              "state": "failed",
              "speed": null,
              "pass": false,
              "fail": true,
              "pending": false,
              "context": null,
              "code": "cy.get('#board-size[type=\\'number\\'][min=\\'1\\']');",
              "err": {
                "message": "CypressError: Timed out retrying: Expected to find element: '#board-size[type='number'][min='1']', but never found it.",
                "estack": "CypressError: Timed out retrying: Expected to find element: '#board-size[type='number'][min='1']', but never found it.\n    at cypressErr (http://localhost:35527/__cypress/runner/cypress_runner.js:149934:9)\n    at throwErr (http://localhost:35527/__cypress/runner/cypress_runner.js:149867:11)\n    at Object.throwErrByPath (http://localhost:35527/__cypress/runner/cypress_runner.js:149915:3)\n    at retry (http://localhost:35527/__cypress/runner/cypress_runner.js:144197:19)\n    at onFailFn (http://localhost:35527/__cypress/runner/cypress_runner.js:132448:16)\n    at tryCatcher (http://localhost:35527/__cypress/runner/cypress_runner.js:167415:23)\n    at Promise._settlePromiseFromHandler (http://localhost:35527/__cypress/runner/cypress_runner.js:165351:31)\n    at Promise._settlePromise (http://localhost:35527/__cypress/runner/cypress_runner.js:165408:18)\n    at Promise._settlePromise0 (http://localhost:35527/__cypress/runner/cypress_runner.js:165453:10)\n    at Promise._settlePromises (http://localhost:35527/__cypress/runner/cypress_runner.js:165528:18)\n    at Async../node_modules/bluebird/js/release/async.js.Async._drainQueue (http://localhost:35527/__cypress/runner/cypress_runner.js:162140:16)\n    at Async../node_modules/bluebird/js/release/async.js.Async._drainQueues (http://localhost:35527/__cypress/runner/cypress_runner.js:162150:10)\n    at Async.drainQueues (http://localhost:35527/__cypress/runner/cypress_runner.js:162024:14)",
                "diff": null
              },
              "uuid": "adbfcc4d-0bfb-4754-bffe-5dcdbddb6cea",
              "parentUUID": "113d0a1a-d471-4e40-91a4-807c9951e255",
              "isHook": false,
              "skipped": false
            },
            {
              "title": "Verifica se o botão contém o texto 'VQV'",
              "fullTitle": "10 - Faça o quadro de pixels ter seu tamanho definido pelo usuário. Verifica se o botão contém o texto 'VQV'",
              "timedOut": null,
              "duration": 171,
              "state": "passed",
              "speed": "slow",
              "pass": true,
              "fail": false,
              "pending": false,
              "context": null,
              "code": "cy.get('#generate-board').contains(/vqv/i);",
              "err": {},
              "uuid": "5a432309-d691-4284-9a89-5b8cf686a4e1",
              "parentUUID": "113d0a1a-d471-4e40-91a4-807c9951e255",
              "isHook": false,
              "skipped": false
            },
            {
              "title": "Verifica se o input está posicionado entre a paleta de cores e o quadro de pixels",
              "fullTitle": "10 - Faça o quadro de pixels ter seu tamanho definido pelo usuário. Verifica se o input está posicionado entre a paleta de cores e o quadro de pixels",
              "timedOut": null,
              "duration": 117,
              "state": "passed",
              "speed": "slow",
              "pass": true,
              "fail": false,
              "pending": false,
              "context": null,
              "code": "cy.get('#color-palette').then(function (palette) {\n  cy.get('#board-size').should('be.belowOf', palette);\n});\ncy.get('#board-size').then(function (palette) {\n  cy.get('#pixel-board').should('be.belowOf', palette);\n});",
              "err": {},
              "uuid": "454ebee2-0f2b-4f48-b651-216e9d5f410f",
              "parentUUID": "113d0a1a-d471-4e40-91a4-807c9951e255",
              "isHook": false,
              "skipped": false
            },
            {
              "title": "Verifica se o botão está posicionado ao lado do input",
              "fullTitle": "10 - Faça o quadro de pixels ter seu tamanho definido pelo usuário. Verifica se o botão está posicionado ao lado do input",
              "timedOut": null,
              "duration": 4276,
              "state": "failed",
              "speed": null,
              "pass": false,
              "fail": true,
              "pending": false,
              "context": null,
              "code": "cy.get('#board-size').then(function (board) {\n  cy.get('#generate-board').should('be.onTheRightOf', board);\n});",
              "err": {
                "message": "CypressError: Timed out retrying: expected '<button#generate-board>' to be on the right of { Object (0, length, ...) }",
                "estack": "CypressError: Timed out retrying: expected '<button#generate-board>' to be on the right of { Object (0, length, ...) }\n    at cypressErr (http://localhost:35527/__cypress/runner/cypress_runner.js:149934:9)\n    at throwErr (http://localhost:35527/__cypress/runner/cypress_runner.js:149867:11)\n    at Object.throwErrByPath (http://localhost:35527/__cypress/runner/cypress_runner.js:149915:3)\n    at retry (http://localhost:35527/__cypress/runner/cypress_runner.js:144197:19)\n    at onFailFn (http://localhost:35527/__cypress/runner/cypress_runner.js:132448:16)\n    at tryCatcher (http://localhost:35527/__cypress/runner/cypress_runner.js:167415:23)\n    at Promise._settlePromiseFromHandler (http://localhost:35527/__cypress/runner/cypress_runner.js:165351:31)\n    at Promise._settlePromise (http://localhost:35527/__cypress/runner/cypress_runner.js:165408:18)\n    at Promise._settlePromise0 (http://localhost:35527/__cypress/runner/cypress_runner.js:165453:10)\n    at Promise._settlePromises (http://localhost:35527/__cypress/runner/cypress_runner.js:165528:18)\n    at Async../node_modules/bluebird/js/release/async.js.Async._drainQueue (http://localhost:35527/__cypress/runner/cypress_runner.js:162140:16)\n    at Async../node_modules/bluebird/js/release/async.js.Async._drainQueues (http://localhost:35527/__cypress/runner/cypress_runner.js:162150:10)\n    at Async.drainQueues (http://localhost:35527/__cypress/runner/cypress_runner.js:162024:14)",
                "diff": null
              },
              "uuid": "f00ac113-68bb-47ea-b361-f1913ff69b00",
              "parentUUID": "113d0a1a-d471-4e40-91a4-807c9951e255",
              "isHook": false,
              "skipped": false
            },
            {
              "title": "Verifica se nenhum valor for colocado no input ao clicar no botão, um `alert` é exibido com o texto: 'Board inválido!'",
              "fullTitle": "10 - Faça o quadro de pixels ter seu tamanho definido pelo usuário. Verifica se nenhum valor for colocado no input ao clicar no botão, um `alert` é exibido com o texto: 'Board inválido!'",
              "timedOut": null,
              "duration": 390,
              "state": "failed",
              "speed": null,
              "pass": false,
              "fail": true,
              "pending": false,
              "context": null,
              "code": "var alerted = false;\ncy.on('window:alert', function (msg) {\n  return alerted = msg;\n});\ncy.get('#generate-board').click().then(function () {\n  return expect(alerted).to.match(/Board inválido!/i);\n});",
              "err": {
                "message": "AssertionError: expected false to match /Board inválido!/i",
                "estack": "AssertionError: expected false to match /Board inválido!/i\n    at getRet (http://localhost:35527/__cypress/runner/cypress_runner.js:136585:16)\n    at tryCatcher (http://localhost:35527/__cypress/runner/cypress_runner.js:167415:23)\n    at Function.Promise.attempt.Promise.try (http://localhost:35527/__cypress/runner/cypress_runner.js:164690:29)\n    at Context.thenFn (http://localhost:35527/__cypress/runner/cypress_runner.js:136599:23)\n    at Context.then (http://localhost:35527/__cypress/runner/cypress_runner.js:136971:21)\n    at Context.<anonymous> (http://localhost:35527/__cypress/runner/cypress_runner.js:148875:21)\n    at http://localhost:35527/__cypress/runner/cypress_runner.js:148351:33\n    at tryCatcher (http://localhost:35527/__cypress/runner/cypress_runner.js:167415:23)\n    at Promise._settlePromiseFromHandler (http://localhost:35527/__cypress/runner/cypress_runner.js:165351:31)\n    at Promise._settlePromise (http://localhost:35527/__cypress/runner/cypress_runner.js:165408:18)\n    at Promise._settlePromiseCtx (http://localhost:35527/__cypress/runner/cypress_runner.js:165445:10)\n    at Async../node_modules/bluebird/js/release/async.js.Async._drainQueue (http://localhost:35527/__cypress/runner/cypress_runner.js:162145:12)\n    at Async../node_modules/bluebird/js/release/async.js.Async._drainQueues (http://localhost:35527/__cypress/runner/cypress_runner.js:162150:10)\n    at Async.drainQueues (http://localhost:35527/__cypress/runner/cypress_runner.js:162024:14)",
                "diff": null
              },
              "uuid": "b295aa8c-27e1-4e6e-9e85-4a73b4e9d0f8",
              "parentUUID": "113d0a1a-d471-4e40-91a4-807c9951e255",
              "isHook": false,
              "skipped": false
            },
            {
              "title": "Verifica se ao clicar no botão com um valor preenchido, o tamanho do board muda.",
              "fullTitle": "10 - Faça o quadro de pixels ter seu tamanho definido pelo usuário. Verifica se ao clicar no botão com um valor preenchido, o tamanho do board muda.",
              "timedOut": null,
              "duration": 4630,
              "state": "failed",
              "speed": null,
              "pass": false,
              "fail": true,
              "pending": false,
              "context": null,
              "code": "cy.get('#board-size').clear().type(10);\ncy.get('#generate-board').click();\ncy.get('.pixel').should('have.length', 100);",
              "err": {
                "message": "CypressError: Timed out retrying: Not enough elements found. Found '25', expected '100'.",
                "estack": "CypressError: Timed out retrying: Not enough elements found. Found '25', expected '100'.\n    at cypressErr (http://localhost:35527/__cypress/runner/cypress_runner.js:149934:9)\n    at throwErr (http://localhost:35527/__cypress/runner/cypress_runner.js:149867:11)\n    at Object.throwErrByPath (http://localhost:35527/__cypress/runner/cypress_runner.js:149915:3)\n    at retry (http://localhost:35527/__cypress/runner/cypress_runner.js:144197:19)\n    at onFailFn (http://localhost:35527/__cypress/runner/cypress_runner.js:132448:16)\n    at tryCatcher (http://localhost:35527/__cypress/runner/cypress_runner.js:167415:23)\n    at Promise._settlePromiseFromHandler (http://localhost:35527/__cypress/runner/cypress_runner.js:165351:31)\n    at Promise._settlePromise (http://localhost:35527/__cypress/runner/cypress_runner.js:165408:18)\n    at Promise._settlePromise0 (http://localhost:35527/__cypress/runner/cypress_runner.js:165453:10)\n    at Promise._settlePromises (http://localhost:35527/__cypress/runner/cypress_runner.js:165528:18)\n    at Async../node_modules/bluebird/js/release/async.js.Async._drainQueue (http://localhost:35527/__cypress/runner/cypress_runner.js:162140:16)\n    at Async../node_modules/bluebird/js/release/async.js.Async._drainQueues (http://localhost:35527/__cypress/runner/cypress_runner.js:162150:10)\n    at Async.drainQueues (http://localhost:35527/__cypress/runner/cypress_runner.js:162024:14)",
                "diff": null
              },
              "uuid": "415a6a44-b0fd-4a71-b028-9f3fd1561153",
              "parentUUID": "113d0a1a-d471-4e40-91a4-807c9951e255",
              "isHook": false,
              "skipped": false
            },
            {
              "title": "Verifica se o novo quadro tem todos os pixels preenchidos com a cor branca",
              "fullTitle": "10 - Faça o quadro de pixels ter seu tamanho definido pelo usuário. Verifica se o novo quadro tem todos os pixels preenchidos com a cor branca",
              "timedOut": null,
              "duration": 4693,
              "state": "failed",
              "speed": null,
              "pass": false,
              "fail": true,
              "pending": false,
              "context": null,
              "code": "cy.get('#board-size').clear().type(6);\ncy.get('#generate-board').click();\ncy.get('.pixel').should('have.length', 36).each(function (pixel) {\n  expect(pixel).to.have.css('background-color', WHITE);\n});",
              "err": {
                "message": "CypressError: Timed out retrying: Not enough elements found. Found '25', expected '36'.",
                "estack": "CypressError: Timed out retrying: Not enough elements found. Found '25', expected '36'.\n    at cypressErr (http://localhost:35527/__cypress/runner/cypress_runner.js:149934:9)\n    at throwErr (http://localhost:35527/__cypress/runner/cypress_runner.js:149867:11)\n    at Object.throwErrByPath (http://localhost:35527/__cypress/runner/cypress_runner.js:149915:3)\n    at retry (http://localhost:35527/__cypress/runner/cypress_runner.js:144197:19)\n    at onFailFn (http://localhost:35527/__cypress/runner/cypress_runner.js:132448:16)\n    at tryCatcher (http://localhost:35527/__cypress/runner/cypress_runner.js:167415:23)\n    at Promise._settlePromiseFromHandler (http://localhost:35527/__cypress/runner/cypress_runner.js:165351:31)\n    at Promise._settlePromise (http://localhost:35527/__cypress/runner/cypress_runner.js:165408:18)\n    at Promise._settlePromise0 (http://localhost:35527/__cypress/runner/cypress_runner.js:165453:10)\n    at Promise._settlePromises (http://localhost:35527/__cypress/runner/cypress_runner.js:165528:18)\n    at Async../node_modules/bluebird/js/release/async.js.Async._drainQueue (http://localhost:35527/__cypress/runner/cypress_runner.js:162140:16)\n    at Async../node_modules/bluebird/js/release/async.js.Async._drainQueues (http://localhost:35527/__cypress/runner/cypress_runner.js:162150:10)\n    at Async.drainQueues (http://localhost:35527/__cypress/runner/cypress_runner.js:162024:14)",
                "diff": null
              },
              "uuid": "ae288ea5-a30e-40be-b4aa-4079abddfd24",
              "parentUUID": "113d0a1a-d471-4e40-91a4-807c9951e255",
              "isHook": false,
              "skipped": false
            }
          ],
          "suites": [],
          "passes": [
            "33f57b14-5aad-469c-9479-8888032e7db4",
            "5100d685-4c89-4f44-bcd7-a5692099fe6c",
            "5a432309-d691-4284-9a89-5b8cf686a4e1",
            "454ebee2-0f2b-4f48-b651-216e9d5f410f"
          ],
          "failures": [
            "adbfcc4d-0bfb-4754-bffe-5dcdbddb6cea",
            "f00ac113-68bb-47ea-b361-f1913ff69b00",
            "b295aa8c-27e1-4e6e-9e85-4a73b4e9d0f8",
            "415a6a44-b0fd-4a71-b028-9f3fd1561153",
            "ae288ea5-a30e-40be-b4aa-4079abddfd24"
          ],
          "pending": [],
          "skipped": [],
          "duration": 18747,
          "root": false,
          "rootEmpty": false,
          "_timeout": 2000
        },
        {
          "uuid": "7188ad4e-b723-4b58-babf-4d128c15c01c",
          "title": "11 - Limite o tamanho mínimo e máximo do board.",
          "fullFile": "",
          "file": "",
          "beforeHooks": [],
          "afterHooks": [],
          "tests": [
            {
              "title": "Verifica se a altura máxima do board é 50",
              "fullTitle": "11 - Limite o tamanho mínimo e máximo do board. Verifica se a altura máxima do board é 50",
              "timedOut": null,
              "duration": 4684,
              "state": "failed",
              "speed": null,
              "pass": false,
              "fail": true,
              "pending": false,
              "context": null,
              "code": "cy.get('#board-size').clear().type(50);\ncy.get('#generate-board').click();\ncy.get('.pixel').should('have.length', 2500);",
              "err": {
                "message": "CypressError: Timed out retrying: Not enough elements found. Found '25', expected '2500'.",
                "estack": "CypressError: Timed out retrying: Not enough elements found. Found '25', expected '2500'.\n    at cypressErr (http://localhost:35527/__cypress/runner/cypress_runner.js:149934:9)\n    at throwErr (http://localhost:35527/__cypress/runner/cypress_runner.js:149867:11)\n    at Object.throwErrByPath (http://localhost:35527/__cypress/runner/cypress_runner.js:149915:3)\n    at retry (http://localhost:35527/__cypress/runner/cypress_runner.js:144197:19)\n    at onFailFn (http://localhost:35527/__cypress/runner/cypress_runner.js:132448:16)\n    at tryCatcher (http://localhost:35527/__cypress/runner/cypress_runner.js:167415:23)\n    at Promise._settlePromiseFromHandler (http://localhost:35527/__cypress/runner/cypress_runner.js:165351:31)\n    at Promise._settlePromise (http://localhost:35527/__cypress/runner/cypress_runner.js:165408:18)\n    at Promise._settlePromise0 (http://localhost:35527/__cypress/runner/cypress_runner.js:165453:10)\n    at Promise._settlePromises (http://localhost:35527/__cypress/runner/cypress_runner.js:165528:18)\n    at Async../node_modules/bluebird/js/release/async.js.Async._drainQueue (http://localhost:35527/__cypress/runner/cypress_runner.js:162140:16)\n    at Async../node_modules/bluebird/js/release/async.js.Async._drainQueues (http://localhost:35527/__cypress/runner/cypress_runner.js:162150:10)\n    at Async.drainQueues (http://localhost:35527/__cypress/runner/cypress_runner.js:162024:14)",
                "diff": null
              },
              "uuid": "246db4d5-844a-47ce-8534-591c5867e16c",
              "parentUUID": "7188ad4e-b723-4b58-babf-4d128c15c01c",
              "isHook": false,
              "skipped": false
            },
            {
              "title": "Verifica se a altura do board é 5 quando um valor menor é colocado no input",
              "fullTitle": "11 - Limite o tamanho mínimo e máximo do board. Verifica se a altura do board é 5 quando um valor menor é colocado no input",
              "timedOut": null,
              "duration": 506,
              "state": "passed",
              "speed": "slow",
              "pass": true,
              "fail": false,
              "pending": false,
              "context": null,
              "code": "cy.get('#board-size').clear().type(4);\ncy.get('#generate-board').click();\ncy.get('.pixel').should('have.length', 25);",
              "err": {},
              "uuid": "98bab6b5-1821-421c-a125-5aa52095a638",
              "parentUUID": "7188ad4e-b723-4b58-babf-4d128c15c01c",
              "isHook": false,
              "skipped": false
            },
            {
              "title": "Verifica se a altura do board é 50 quando um valor maior é colocado no input",
              "fullTitle": "11 - Limite o tamanho mínimo e máximo do board. Verifica se a altura do board é 50 quando um valor maior é colocado no input",
              "timedOut": null,
              "duration": 4626,
              "state": "failed",
              "speed": null,
              "pass": false,
              "fail": true,
              "pending": false,
              "context": null,
              "code": "cy.get('#board-size').clear().type(51);\ncy.get('#generate-board').click();\ncy.get('.pixel').should('have.length', 2500);",
              "err": {
                "message": "CypressError: Timed out retrying: Not enough elements found. Found '25', expected '2500'.",
                "estack": "CypressError: Timed out retrying: Not enough elements found. Found '25', expected '2500'.\n    at cypressErr (http://localhost:35527/__cypress/runner/cypress_runner.js:149934:9)\n    at throwErr (http://localhost:35527/__cypress/runner/cypress_runner.js:149867:11)\n    at Object.throwErrByPath (http://localhost:35527/__cypress/runner/cypress_runner.js:149915:3)\n    at retry (http://localhost:35527/__cypress/runner/cypress_runner.js:144197:19)\n    at onFailFn (http://localhost:35527/__cypress/runner/cypress_runner.js:132448:16)\n    at tryCatcher (http://localhost:35527/__cypress/runner/cypress_runner.js:167415:23)\n    at Promise._settlePromiseFromHandler (http://localhost:35527/__cypress/runner/cypress_runner.js:165351:31)\n    at Promise._settlePromise (http://localhost:35527/__cypress/runner/cypress_runner.js:165408:18)\n    at Promise._settlePromise0 (http://localhost:35527/__cypress/runner/cypress_runner.js:165453:10)\n    at Promise._settlePromises (http://localhost:35527/__cypress/runner/cypress_runner.js:165528:18)\n    at Async../node_modules/bluebird/js/release/async.js.Async._drainQueue (http://localhost:35527/__cypress/runner/cypress_runner.js:162140:16)\n    at Async../node_modules/bluebird/js/release/async.js.Async._drainQueues (http://localhost:35527/__cypress/runner/cypress_runner.js:162150:10)\n    at Async.drainQueues (http://localhost:35527/__cypress/runner/cypress_runner.js:162024:14)",
                "diff": null
              },
              "uuid": "65339f73-bd78-485d-a1f7-1e2a23055fef",
              "parentUUID": "7188ad4e-b723-4b58-babf-4d128c15c01c",
              "isHook": false,
              "skipped": false
            }
          ],
          "suites": [],
          "passes": [
            "98bab6b5-1821-421c-a125-5aa52095a638"
          ],
          "failures": [
            "246db4d5-844a-47ce-8534-591c5867e16c",
            "65339f73-bd78-485d-a1f7-1e2a23055fef"
          ],
          "pending": [],
          "skipped": [],
          "duration": 9816,
          "root": false,
          "rootEmpty": false,
          "_timeout": 2000
        },
        {
          "uuid": "f0e24965-7d43-4c03-be79-cd6baf2f8d2b",
          "title": "12 - Faça com que as cores da paleta sejam geradas aleatoriamente ao carregar a página.",
          "fullFile": "",
          "file": "",
          "beforeHooks": [],
          "afterHooks": [],
          "tests": [
            {
              "title": "Verifica se as cores geradas na paleta são diferentes a cada carregamento da página",
              "fullTitle": "12 - Faça com que as cores da paleta sejam geradas aleatoriamente ao carregar a página. Verifica se as cores geradas na paleta são diferentes a cada carregamento da página",
              "timedOut": null,
              "duration": 442,
              "state": "failed",
              "speed": null,
              "pass": false,
              "fail": true,
              "pending": false,
              "context": null,
              "code": "cy.get('.color').then(function (colors) {\n  var currentColors;\n  var previousColors;\n  previousColors = Array.from(colors).map(function (color) {\n    return Cypress.$(color).css('background-color');\n  });\n  for (var i = 0; i < 5; i += 1) {\n    cy.reload();\n    cy.get('.color').then(function (colors) {\n      currentColors = Array.from(colors).map(function (color) {\n        return Cypress.$(color).css('background-color');\n      });\n      expect(currentColors).not.to.deep.equal(previousColors);\n      previousColors = currentColors;\n    });\n  }\n});",
              "err": {
                "message": "AssertionError: expected [ Array(4) ] to not deeply equal [ Array(4) ]",
                "estack": "AssertionError: expected [ Array(4) ] to not deeply equal [ Array(4) ]\n    at getRet (http://localhost:35527/__cypress/runner/cypress_runner.js:136585:16)\n    at tryCatcher (http://localhost:35527/__cypress/runner/cypress_runner.js:167415:23)\n    at Function.Promise.attempt.Promise.try (http://localhost:35527/__cypress/runner/cypress_runner.js:164690:29)\n    at Context.thenFn (http://localhost:35527/__cypress/runner/cypress_runner.js:136599:23)\n    at Context.then (http://localhost:35527/__cypress/runner/cypress_runner.js:136971:21)\n    at Context.<anonymous> (http://localhost:35527/__cypress/runner/cypress_runner.js:148875:21)\n    at http://localhost:35527/__cypress/runner/cypress_runner.js:148351:33\n    at tryCatcher (http://localhost:35527/__cypress/runner/cypress_runner.js:167415:23)\n    at Promise._settlePromiseFromHandler (http://localhost:35527/__cypress/runner/cypress_runner.js:165351:31)\n    at Promise._settlePromise (http://localhost:35527/__cypress/runner/cypress_runner.js:165408:18)\n    at Promise._settlePromiseCtx (http://localhost:35527/__cypress/runner/cypress_runner.js:165445:10)\n    at Async../node_modules/bluebird/js/release/async.js.Async._drainQueue (http://localhost:35527/__cypress/runner/cypress_runner.js:162145:12)\n    at Async../node_modules/bluebird/js/release/async.js.Async._drainQueues (http://localhost:35527/__cypress/runner/cypress_runner.js:162150:10)\n    at Async.drainQueues (http://localhost:35527/__cypress/runner/cypress_runner.js:162024:14)",
                "diff": ""
              },
              "uuid": "cebbeecf-bc3f-41d0-86c1-87c86b36bf5b",
              "parentUUID": "f0e24965-7d43-4c03-be79-cd6baf2f8d2b",
              "isHook": false,
              "skipped": false
            },
            {
              "title": "Verifica se a cor preta ainda está presente e é a primeira na sua paleta de cores",
              "fullTitle": "12 - Faça com que as cores da paleta sejam geradas aleatoriamente ao carregar a página. Verifica se a cor preta ainda está presente e é a primeira na sua paleta de cores",
              "timedOut": null,
              "duration": 445,
              "state": "failed",
              "speed": null,
              "pass": false,
              "fail": true,
              "pending": false,
              "context": null,
              "code": "cy.get('.color').then(function (colors) {\n  var currentColors;\n  var previousColors;\n  previousColors = Array.from(colors).map(function (color) {\n    return Cypress.$(color).css('background-color');\n  });\n  expect(previousColors[0]).to.eq(BLACK);\n  for (var i = 0; i < 5; i += 1) {\n    cy.reload();\n    cy.get('.color').then(function (colors) {\n      currentColors = Array.from(colors).map(function (color) {\n        return Cypress.$(color).css('background-color');\n      });\n      expect(currentColors[0]).to.eq(BLACK);\n      expect(currentColors).not.to.deep.equal(previousColors);\n      previousColors = currentColors;\n    });\n  }\n});",
              "err": {
                "message": "AssertionError: expected [ Array(4) ] to not deeply equal [ Array(4) ]",
                "estack": "AssertionError: expected [ Array(4) ] to not deeply equal [ Array(4) ]\n    at getRet (http://localhost:35527/__cypress/runner/cypress_runner.js:136585:16)\n    at tryCatcher (http://localhost:35527/__cypress/runner/cypress_runner.js:167415:23)\n    at Function.Promise.attempt.Promise.try (http://localhost:35527/__cypress/runner/cypress_runner.js:164690:29)\n    at Context.thenFn (http://localhost:35527/__cypress/runner/cypress_runner.js:136599:23)\n    at Context.then (http://localhost:35527/__cypress/runner/cypress_runner.js:136971:21)\n    at Context.<anonymous> (http://localhost:35527/__cypress/runner/cypress_runner.js:148875:21)\n    at http://localhost:35527/__cypress/runner/cypress_runner.js:148351:33\n    at tryCatcher (http://localhost:35527/__cypress/runner/cypress_runner.js:167415:23)\n    at Promise._settlePromiseFromHandler (http://localhost:35527/__cypress/runner/cypress_runner.js:165351:31)\n    at Promise._settlePromise (http://localhost:35527/__cypress/runner/cypress_runner.js:165408:18)\n    at Promise._settlePromiseCtx (http://localhost:35527/__cypress/runner/cypress_runner.js:165445:10)\n    at Async../node_modules/bluebird/js/release/async.js.Async._drainQueue (http://localhost:35527/__cypress/runner/cypress_runner.js:162145:12)\n    at Async../node_modules/bluebird/js/release/async.js.Async._drainQueues (http://localhost:35527/__cypress/runner/cypress_runner.js:162150:10)\n    at Async.drainQueues (http://localhost:35527/__cypress/runner/cypress_runner.js:162024:14)",
                "diff": ""
              },
              "uuid": "65f69150-7837-4e0a-96f7-243ad620d622",
              "parentUUID": "f0e24965-7d43-4c03-be79-cd6baf2f8d2b",
              "isHook": false,
              "skipped": false
            }
          ],
          "suites": [],
          "passes": [],
          "failures": [
            "cebbeecf-bc3f-41d0-86c1-87c86b36bf5b",
            "65f69150-7837-4e0a-96f7-243ad620d622"
          ],
          "pending": [],
          "skipped": [],
          "duration": 887,
          "root": false,
          "rootEmpty": false,
          "_timeout": 2000
        }
      ],
      "passes": [],
      "failures": [],
      "pending": [],
      "skipped": [],
      "duration": 0,
      "root": true,
      "rootEmpty": true,
      "_timeout": 2000
    }
  ],
  "meta": {
    "mocha": {
      "version": "7.0.1"
    },
    "mochawesome": {
      "options": {
        "quiet": false,
        "reportFilename": "mochawesome",
        "saveHtml": false,
        "saveJson": true,
        "consoleReporter": "spec",
        "useInlineDiffs": false
      },
      "version": "4.1.0"
    },
    "marge": {
      "options": {
        "id": "default",
        "reportDir": "cypress/reports",
        "overwrite": true,
        "html": false,
        "json": true
      },
      "version": "4.1.0"
    }
  }
}