{
  "stats": {
    "suites": 12,
    "tests": 41,
    "passes": 4,
    "pending": 0,
    "failures": 37,
    "start": "2022-01-20T10:07:38.262Z",
    "end": "2022-01-20T10:10:11.994Z",
    "duration": 153732,
    "testsRegistered": 41,
    "passPercent": 9.75609756097561,
    "pendingPercent": 0,
    "other": 0,
    "hasOther": false,
    "skipped": 0,
    "hasSkipped": false
  },
  "results": [
    {
      "uuid": "a5df1fb0-2598-4887-984b-fa8ab6793b4a",
      "title": "",
      "fullFile": "cypress/integration/project.spec.js",
      "file": "cypress/integration/project.spec.js",
      "beforeHooks": [],
      "afterHooks": [],
      "tests": [],
      "suites": [
        {
          "uuid": "57193fca-856a-4650-83b7-60070a24414e",
          "title": "1 - Adicione à página o título \"Paleta de Cores\".",
          "fullFile": "",
          "file": "",
          "beforeHooks": [],
          "afterHooks": [],
          "tests": [
            {
              "title": "Verifica se contém um elemento `h1` com o id `title` com o título correto",
              "fullTitle": "1 - Adicione à página o título \"Paleta de Cores\". Verifica se contém um elemento `h1` com o id `title` com o título correto",
              "timedOut": null,
              "duration": 503,
              "state": "passed",
              "speed": "slow",
              "pass": true,
              "fail": false,
              "pending": false,
              "context": null,
              "code": "cy.get('h1#title').should('contain.text', 'Paleta de Cores');",
              "err": {},
              "uuid": "6147b9b8-9a58-4a88-912f-b4c7f58d1b0f",
              "parentUUID": "57193fca-856a-4650-83b7-60070a24414e",
              "isHook": false,
              "skipped": false
            }
          ],
          "suites": [],
          "passes": [
            "6147b9b8-9a58-4a88-912f-b4c7f58d1b0f"
          ],
          "failures": [],
          "pending": [],
          "skipped": [],
          "duration": 503,
          "root": false,
          "rootEmpty": false,
          "_timeout": 2000
        },
        {
          "uuid": "06b5a5bd-0be1-46fc-b3d3-0cc6fd627179",
          "title": "2 - Adicione à página uma paleta de quatro cores distintas.",
          "fullFile": "",
          "file": "",
          "beforeHooks": [],
          "afterHooks": [],
          "tests": [
            {
              "title": "A paleta de cores deve ser um elemento com `id` denominado `color-palette`",
              "fullTitle": "2 - Adicione à página uma paleta de quatro cores distintas. A paleta de cores deve ser um elemento com `id` denominado `color-palette`",
              "timedOut": null,
              "duration": 4344,
              "state": "failed",
              "speed": null,
              "pass": false,
              "fail": true,
              "pending": false,
              "context": null,
              "code": "cy.get('#color-palette').should('be.visible');\ncy.get('#color-palette').children('.color');",
              "err": {
                "message": "CypressError: Timed out retrying: expected '<div#color-palette>' to be 'visible'\n\nThis element '<div#color-palette>' is not visible because it has an effective width and height of: '1350 x 0' pixels.",
                "estack": "CypressError: Timed out retrying: expected '<div#color-palette>' to be 'visible'\n\nThis element '<div#color-palette>' is not visible because it has an effective width and height of: '1350 x 0' pixels.\n    at cypressErr (http://localhost:39033/__cypress/runner/cypress_runner.js:149934:9)\n    at throwErr (http://localhost:39033/__cypress/runner/cypress_runner.js:149867:11)\n    at Object.throwErrByPath (http://localhost:39033/__cypress/runner/cypress_runner.js:149915:3)\n    at retry (http://localhost:39033/__cypress/runner/cypress_runner.js:144197:19)\n    at onFailFn (http://localhost:39033/__cypress/runner/cypress_runner.js:132448:16)\n    at tryCatcher (http://localhost:39033/__cypress/runner/cypress_runner.js:167415:23)\n    at Promise._settlePromiseFromHandler (http://localhost:39033/__cypress/runner/cypress_runner.js:165351:31)\n    at Promise._settlePromise (http://localhost:39033/__cypress/runner/cypress_runner.js:165408:18)\n    at Promise._settlePromise0 (http://localhost:39033/__cypress/runner/cypress_runner.js:165453:10)\n    at Promise._settlePromises (http://localhost:39033/__cypress/runner/cypress_runner.js:165528:18)\n    at Async../node_modules/bluebird/js/release/async.js.Async._drainQueue (http://localhost:39033/__cypress/runner/cypress_runner.js:162140:16)\n    at Async../node_modules/bluebird/js/release/async.js.Async._drainQueues (http://localhost:39033/__cypress/runner/cypress_runner.js:162150:10)\n    at Async.drainQueues (http://localhost:39033/__cypress/runner/cypress_runner.js:162024:14)",
                "diff": null
              },
              "uuid": "92c0d7e5-0aa5-43e4-915a-ac9c3706d489",
              "parentUUID": "06b5a5bd-0be1-46fc-b3d3-0cc6fd627179",
              "isHook": false,
              "skipped": false
            },
            {
              "title": "Verifica se cada cor individual da paleta de cores possui a `classe` chamada `color`.",
              "fullTitle": "2 - Adicione à página uma paleta de quatro cores distintas. Verifica se cada cor individual da paleta de cores possui a `classe` chamada `color`.",
              "timedOut": null,
              "duration": 4339,
              "state": "failed",
              "speed": null,
              "pass": false,
              "fail": true,
              "pending": false,
              "context": null,
              "code": "cy.get('.color').should('have.length', 4).then(function (colors) {\n  for (var i = 0; i < colors.length; i++) {\n    cy.wrap(colors[i]).should('be.visible');\n  }\n});",
              "err": {
                "message": "CypressError: Timed out retrying: expected '<div.color.first>' to be 'visible'\n\nThis element '<div.color.first>' is not visible because it has an effective width and height of: '1350 x 0' pixels.",
                "estack": "CypressError: Timed out retrying: expected '<div.color.first>' to be 'visible'\n\nThis element '<div.color.first>' is not visible because it has an effective width and height of: '1350 x 0' pixels.\n    at cypressErr (http://localhost:39033/__cypress/runner/cypress_runner.js:149934:9)\n    at throwErr (http://localhost:39033/__cypress/runner/cypress_runner.js:149867:11)\n    at Object.throwErrByPath (http://localhost:39033/__cypress/runner/cypress_runner.js:149915:3)\n    at retry (http://localhost:39033/__cypress/runner/cypress_runner.js:144197:19)\n    at onFailFn (http://localhost:39033/__cypress/runner/cypress_runner.js:132448:16)\n    at tryCatcher (http://localhost:39033/__cypress/runner/cypress_runner.js:167415:23)\n    at Promise._settlePromiseFromHandler (http://localhost:39033/__cypress/runner/cypress_runner.js:165351:31)\n    at Promise._settlePromise (http://localhost:39033/__cypress/runner/cypress_runner.js:165408:18)\n    at Promise._settlePromise0 (http://localhost:39033/__cypress/runner/cypress_runner.js:165453:10)\n    at Promise._settlePromises (http://localhost:39033/__cypress/runner/cypress_runner.js:165528:18)\n    at Async../node_modules/bluebird/js/release/async.js.Async._drainQueue (http://localhost:39033/__cypress/runner/cypress_runner.js:162140:16)\n    at Async../node_modules/bluebird/js/release/async.js.Async._drainQueues (http://localhost:39033/__cypress/runner/cypress_runner.js:162150:10)\n    at Async.drainQueues (http://localhost:39033/__cypress/runner/cypress_runner.js:162024:14)",
                "diff": null
              },
              "uuid": "372921b0-ac6b-4267-a583-c0d1349063dd",
              "parentUUID": "06b5a5bd-0be1-46fc-b3d3-0cc6fd627179",
              "isHook": false,
              "skipped": false
            },
            {
              "title": "Verifica se a cor de fundo de cada elemento da paleta é a cor que o elemento representa. **A única cor não permitida na paleta é a cor branca.**",
              "fullTitle": "2 - Adicione à página uma paleta de quatro cores distintas. Verifica se a cor de fundo de cada elemento da paleta é a cor que o elemento representa. **A única cor não permitida na paleta é a cor branca.**",
              "timedOut": null,
              "duration": 198,
              "state": "passed",
              "speed": "slow",
              "pass": true,
              "fail": false,
              "pending": false,
              "context": null,
              "code": "cy.get('.color').each(function (color) {\n  cy.wrap(color).should('have.class', 'color').and('not.have.css', 'background-color', WHITE);\n  cy.wrap(color).should('have.css', 'background-color');\n});",
              "err": {},
              "uuid": "d7656196-f0e9-4f2b-8886-de4c7fefb6ca",
              "parentUUID": "06b5a5bd-0be1-46fc-b3d3-0cc6fd627179",
              "isHook": false,
              "skipped": false
            },
            {
              "title": "Verifica se cada elemento da paleta de cores tem uma borda preta, sólida e com 1 pixel de largura;",
              "fullTitle": "2 - Adicione à página uma paleta de quatro cores distintas. Verifica se cada elemento da paleta de cores tem uma borda preta, sólida e com 1 pixel de largura;",
              "timedOut": null,
              "duration": 4283,
              "state": "failed",
              "speed": null,
              "pass": false,
              "fail": true,
              "pending": false,
              "context": null,
              "code": "cy.get('.color').each(function (color) {\n  cy.wrap(color).and('have.css', 'border', \"1px solid \".concat(BLACK)).and('have.class', 'color');\n});",
              "err": {
                "message": "CypressError: Timed out retrying: expected '<div.color.first>' to have CSS property 'border' with the value '1px solid rgb(0, 0, 0)', but the value was '0px none rgb(0, 0, 0)'",
                "estack": "CypressError: Timed out retrying: expected '<div.color.first>' to have CSS property 'border' with the value '1px solid rgb(0, 0, 0)', but the value was '0px none rgb(0, 0, 0)'\n    at cypressErr (http://localhost:39033/__cypress/runner/cypress_runner.js:149934:9)\n    at throwErr (http://localhost:39033/__cypress/runner/cypress_runner.js:149867:11)\n    at Object.throwErrByPath (http://localhost:39033/__cypress/runner/cypress_runner.js:149915:3)\n    at retry (http://localhost:39033/__cypress/runner/cypress_runner.js:144197:19)\n    at onFailFn (http://localhost:39033/__cypress/runner/cypress_runner.js:132448:16)\n    at tryCatcher (http://localhost:39033/__cypress/runner/cypress_runner.js:167415:23)\n    at Promise._settlePromiseFromHandler (http://localhost:39033/__cypress/runner/cypress_runner.js:165351:31)\n    at Promise._settlePromise (http://localhost:39033/__cypress/runner/cypress_runner.js:165408:18)\n    at Promise._settlePromise0 (http://localhost:39033/__cypress/runner/cypress_runner.js:165453:10)\n    at Promise._settlePromises (http://localhost:39033/__cypress/runner/cypress_runner.js:165528:18)\n    at Async../node_modules/bluebird/js/release/async.js.Async._drainQueue (http://localhost:39033/__cypress/runner/cypress_runner.js:162140:16)\n    at Async../node_modules/bluebird/js/release/async.js.Async._drainQueues (http://localhost:39033/__cypress/runner/cypress_runner.js:162150:10)\n    at Async.drainQueues (http://localhost:39033/__cypress/runner/cypress_runner.js:162024:14)",
                "diff": null
              },
              "uuid": "b0366cc6-5ac9-4e59-a892-620f54800f88",
              "parentUUID": "06b5a5bd-0be1-46fc-b3d3-0cc6fd627179",
              "isHook": false,
              "skipped": false
            },
            {
              "title": "Verifica se a paleta lista todas as cores disponíveis para utilização, lado a lado.",
              "fullTitle": "2 - Adicione à página uma paleta de quatro cores distintas. Verifica se a paleta lista todas as cores disponíveis para utilização, lado a lado.",
              "timedOut": null,
              "duration": 4340,
              "state": "failed",
              "speed": null,
              "pass": false,
              "fail": true,
              "pending": false,
              "context": null,
              "code": "cy.get('.color').then(function (colors) {\n  for (var index = 1; index < colors.length; index += 1) {\n    var currentColor = colors[index];\n    var previousColor = colors[index - 1];\n    cy.wrap(currentColor).should('be.onTheRightOf', previousColor).and('be.horizontallyAlignedWith', previousColor);\n  }\n});",
              "err": {
                "message": "CypressError: Timed out retrying: expected '<div.color.third>' to be on the right of <div class=\"color second\"></div>",
                "estack": "CypressError: Timed out retrying: expected '<div.color.third>' to be on the right of <div class=\"color second\"></div>\n    at cypressErr (http://localhost:39033/__cypress/runner/cypress_runner.js:149934:9)\n    at throwErr (http://localhost:39033/__cypress/runner/cypress_runner.js:149867:11)\n    at Object.throwErrByPath (http://localhost:39033/__cypress/runner/cypress_runner.js:149915:3)\n    at retry (http://localhost:39033/__cypress/runner/cypress_runner.js:144197:19)\n    at onFailFn (http://localhost:39033/__cypress/runner/cypress_runner.js:132448:16)\n    at tryCatcher (http://localhost:39033/__cypress/runner/cypress_runner.js:167415:23)\n    at Promise._settlePromiseFromHandler (http://localhost:39033/__cypress/runner/cypress_runner.js:165351:31)\n    at Promise._settlePromise (http://localhost:39033/__cypress/runner/cypress_runner.js:165408:18)\n    at Promise._settlePromise0 (http://localhost:39033/__cypress/runner/cypress_runner.js:165453:10)\n    at Promise._settlePromises (http://localhost:39033/__cypress/runner/cypress_runner.js:165528:18)\n    at Async../node_modules/bluebird/js/release/async.js.Async._drainQueue (http://localhost:39033/__cypress/runner/cypress_runner.js:162140:16)\n    at Async../node_modules/bluebird/js/release/async.js.Async._drainQueues (http://localhost:39033/__cypress/runner/cypress_runner.js:162150:10)\n    at Async.drainQueues (http://localhost:39033/__cypress/runner/cypress_runner.js:162024:14)",
                "diff": null
              },
              "uuid": "a50cf78e-a324-4a13-a9ed-d19b6a0e46a2",
              "parentUUID": "06b5a5bd-0be1-46fc-b3d3-0cc6fd627179",
              "isHook": false,
              "skipped": false
            },
            {
              "title": "Verifica se a paleta de cores está posicionada abaixo do título 'Paleta de Cores'",
              "fullTitle": "2 - Adicione à página uma paleta de quatro cores distintas. Verifica se a paleta de cores está posicionada abaixo do título 'Paleta de Cores'",
              "timedOut": null,
              "duration": 299,
              "state": "passed",
              "speed": "slow",
              "pass": true,
              "fail": false,
              "pending": false,
              "context": null,
              "code": "cy.get('h1#title').then(function (title) {\n  cy.get('#color-palette').should('be.belowOf', title);\n});",
              "err": {},
              "uuid": "82c4de57-66da-44e0-9e44-50da21f32bbf",
              "parentUUID": "06b5a5bd-0be1-46fc-b3d3-0cc6fd627179",
              "isHook": false,
              "skipped": false
            },
            {
              "title": "Verifica se a paleta de cores não contém cores repetidas.",
              "fullTitle": "2 - Adicione à página uma paleta de quatro cores distintas. Verifica se a paleta de cores não contém cores repetidas.",
              "timedOut": null,
              "duration": 255,
              "state": "failed",
              "speed": null,
              "pass": false,
              "fail": true,
              "pending": false,
              "context": null,
              "code": "cy.get('.color').then(function (colors) {\n  var allColors = Array.from(colors).map(function (color) {\n    return Cypress.$(color).css('background-color');\n  });\n  cy.log(allColors);\n  var uniqColors = (0, _toConsumableArray2[\"default\"])(new Set(allColors));\n  cy.log(uniqColors);\n  expect(allColors.length).to.eq(uniqColors.length);\n});",
              "err": {
                "message": "AssertionError: expected 3 to equal 1",
                "estack": "AssertionError: expected 3 to equal 1\n    at getRet (http://localhost:39033/__cypress/runner/cypress_runner.js:136585:16)\n    at tryCatcher (http://localhost:39033/__cypress/runner/cypress_runner.js:167415:23)\n    at Function.Promise.attempt.Promise.try (http://localhost:39033/__cypress/runner/cypress_runner.js:164690:29)\n    at Context.thenFn (http://localhost:39033/__cypress/runner/cypress_runner.js:136599:23)\n    at Context.then (http://localhost:39033/__cypress/runner/cypress_runner.js:136971:21)\n    at Context.<anonymous> (http://localhost:39033/__cypress/runner/cypress_runner.js:148875:21)\n    at http://localhost:39033/__cypress/runner/cypress_runner.js:148351:33\n    at tryCatcher (http://localhost:39033/__cypress/runner/cypress_runner.js:167415:23)\n    at Promise._settlePromiseFromHandler (http://localhost:39033/__cypress/runner/cypress_runner.js:165351:31)\n    at Promise._settlePromise (http://localhost:39033/__cypress/runner/cypress_runner.js:165408:18)\n    at Promise._settlePromiseCtx (http://localhost:39033/__cypress/runner/cypress_runner.js:165445:10)\n    at Async../node_modules/bluebird/js/release/async.js.Async._drainQueue (http://localhost:39033/__cypress/runner/cypress_runner.js:162145:12)\n    at Async../node_modules/bluebird/js/release/async.js.Async._drainQueues (http://localhost:39033/__cypress/runner/cypress_runner.js:162150:10)\n    at Async.drainQueues (http://localhost:39033/__cypress/runner/cypress_runner.js:162024:14)",
                "diff": "- 3\n+ 1\n"
              },
              "uuid": "064dcc83-a712-4785-bea6-38622325fe5d",
              "parentUUID": "06b5a5bd-0be1-46fc-b3d3-0cc6fd627179",
              "isHook": false,
              "skipped": false
            }
          ],
          "suites": [],
          "passes": [
            "d7656196-f0e9-4f2b-8886-de4c7fefb6ca",
            "82c4de57-66da-44e0-9e44-50da21f32bbf"
          ],
          "failures": [
            "92c0d7e5-0aa5-43e4-915a-ac9c3706d489",
            "372921b0-ac6b-4267-a583-c0d1349063dd",
            "b0366cc6-5ac9-4e59-a892-620f54800f88",
            "a50cf78e-a324-4a13-a9ed-d19b6a0e46a2",
            "064dcc83-a712-4785-bea6-38622325fe5d"
          ],
          "pending": [],
          "skipped": [],
          "duration": 18058,
          "root": false,
          "rootEmpty": false,
          "_timeout": 2000
        },
        {
          "uuid": "9a183bf2-9220-46ad-889e-4bc35bdea361",
          "title": "3 - Adicione a cor **preta** como a primeira cor da paleta de cores.",
          "fullFile": "",
          "file": "",
          "beforeHooks": [],
          "afterHooks": [],
          "tests": [
            {
              "title": "Verifica se a primeira cor da paleta é preta",
              "fullTitle": "3 - Adicione a cor **preta** como a primeira cor da paleta de cores. Verifica se a primeira cor da paleta é preta",
              "timedOut": null,
              "duration": 4306,
              "state": "failed",
              "speed": null,
              "pass": false,
              "fail": true,
              "pending": false,
              "context": null,
              "code": "cy.get('.color').first().should('have.css', 'background-color', BLACK);",
              "err": {
                "message": "CypressError: Timed out retrying: expected '<div.color.second>' to have CSS property 'background-color' with the value 'rgb(0, 0, 0)', but the value was 'rgba(0, 0, 0, 0)'",
                "estack": "CypressError: Timed out retrying: expected '<div.color.second>' to have CSS property 'background-color' with the value 'rgb(0, 0, 0)', but the value was 'rgba(0, 0, 0, 0)'\n    at cypressErr (http://localhost:39033/__cypress/runner/cypress_runner.js:149934:9)\n    at throwErr (http://localhost:39033/__cypress/runner/cypress_runner.js:149867:11)\n    at Object.throwErrByPath (http://localhost:39033/__cypress/runner/cypress_runner.js:149915:3)\n    at retry (http://localhost:39033/__cypress/runner/cypress_runner.js:144197:19)\n    at onFailFn (http://localhost:39033/__cypress/runner/cypress_runner.js:132448:16)\n    at tryCatcher (http://localhost:39033/__cypress/runner/cypress_runner.js:167415:23)\n    at Promise._settlePromiseFromHandler (http://localhost:39033/__cypress/runner/cypress_runner.js:165351:31)\n    at Promise._settlePromise (http://localhost:39033/__cypress/runner/cypress_runner.js:165408:18)\n    at Promise._settlePromise0 (http://localhost:39033/__cypress/runner/cypress_runner.js:165453:10)\n    at Promise._settlePromises (http://localhost:39033/__cypress/runner/cypress_runner.js:165528:18)\n    at Async../node_modules/bluebird/js/release/async.js.Async._drainQueue (http://localhost:39033/__cypress/runner/cypress_runner.js:162140:16)\n    at Async../node_modules/bluebird/js/release/async.js.Async._drainQueues (http://localhost:39033/__cypress/runner/cypress_runner.js:162150:10)\n    at Async.drainQueues (http://localhost:39033/__cypress/runner/cypress_runner.js:162024:14)",
                "diff": null
              },
              "uuid": "5ccfe174-b2b8-4358-b864-e378ba0bbef4",
              "parentUUID": "9a183bf2-9220-46ad-889e-4bc35bdea361",
              "isHook": false,
              "skipped": false
            },
            {
              "title": "Verifica se as demais cores podem ser escolhidas livremente.",
              "fullTitle": "3 - Adicione a cor **preta** como a primeira cor da paleta de cores. Verifica se as demais cores podem ser escolhidas livremente.",
              "timedOut": null,
              "duration": 4351,
              "state": "failed",
              "speed": null,
              "pass": false,
              "fail": true,
              "pending": false,
              "context": null,
              "code": "cy.get('.color').eq(1).should('not.have.css', 'background-color', BLACK);\ncy.get('.color').eq(1).should('not.have.css', 'background-color', WHITE);\ncy.get('.color').eq(1).should('not.have.css', 'background-color', 'rgba(0, 0, 0, 0)');\ncy.get('.color').eq(1).should('have.css', 'background-color');\ncy.get('.color').eq(2).should('not.have.css', 'background-color', BLACK);\ncy.get('.color').eq(2).should('not.have.css', 'background-color', WHITE);\ncy.get('.color').eq(2).should('not.have.css', 'background-color', 'rgba(0, 0, 0, 0)');\ncy.get('.color').eq(2).should('have.css', 'background-color');\ncy.get('.color').eq(3).should('not.have.css', 'background-color', BLACK);\ncy.get('.color').eq(3).should('not.have.css', 'background-color', WHITE);\ncy.get('.color').eq(3).should('not.have.css', 'background-color', 'rgba(0, 0, 0, 0)');\ncy.get('.color').eq(3).should('have.css', 'background-color');",
              "err": {
                "message": "CypressError: Timed out retrying: expected '<div.color.third>' not to have CSS property 'background-color' with the value 'rgba(0, 0, 0, 0)', but the value was 'rgba(0, 0, 0, 0)'",
                "estack": "CypressError: Timed out retrying: expected '<div.color.third>' not to have CSS property 'background-color' with the value 'rgba(0, 0, 0, 0)', but the value was 'rgba(0, 0, 0, 0)'\n    at cypressErr (http://localhost:39033/__cypress/runner/cypress_runner.js:149934:9)\n    at throwErr (http://localhost:39033/__cypress/runner/cypress_runner.js:149867:11)\n    at Object.throwErrByPath (http://localhost:39033/__cypress/runner/cypress_runner.js:149915:3)\n    at retry (http://localhost:39033/__cypress/runner/cypress_runner.js:144197:19)\n    at onFailFn (http://localhost:39033/__cypress/runner/cypress_runner.js:132448:16)\n    at tryCatcher (http://localhost:39033/__cypress/runner/cypress_runner.js:167415:23)\n    at Promise._settlePromiseFromHandler (http://localhost:39033/__cypress/runner/cypress_runner.js:165351:31)\n    at Promise._settlePromise (http://localhost:39033/__cypress/runner/cypress_runner.js:165408:18)\n    at Promise._settlePromise0 (http://localhost:39033/__cypress/runner/cypress_runner.js:165453:10)\n    at Promise._settlePromises (http://localhost:39033/__cypress/runner/cypress_runner.js:165528:18)\n    at Async../node_modules/bluebird/js/release/async.js.Async._drainQueue (http://localhost:39033/__cypress/runner/cypress_runner.js:162140:16)\n    at Async../node_modules/bluebird/js/release/async.js.Async._drainQueues (http://localhost:39033/__cypress/runner/cypress_runner.js:162150:10)\n    at Async.drainQueues (http://localhost:39033/__cypress/runner/cypress_runner.js:162024:14)",
                "diff": null
              },
              "uuid": "c121b5cf-0f2b-4c14-ae0e-15545316d6cd",
              "parentUUID": "9a183bf2-9220-46ad-889e-4bc35bdea361",
              "isHook": false,
              "skipped": false
            }
          ],
          "suites": [],
          "passes": [],
          "failures": [
            "5ccfe174-b2b8-4358-b864-e378ba0bbef4",
            "c121b5cf-0f2b-4c14-ae0e-15545316d6cd"
          ],
          "pending": [],
          "skipped": [],
          "duration": 8657,
          "root": false,
          "rootEmpty": false,
          "_timeout": 2000
        },
        {
          "uuid": "4a8c5159-1b4e-459b-956f-ab9add0cf279",
          "title": "4 - Adicione à página um quadro de pixels, com 25 pixels.",
          "fullFile": "",
          "file": "",
          "beforeHooks": [],
          "afterHooks": [],
          "tests": [
            {
              "title": "Verifica se o quadro de pixels possui o `id` denominado `pixel-board`",
              "fullTitle": "4 - Adicione à página um quadro de pixels, com 25 pixels. Verifica se o quadro de pixels possui o `id` denominado `pixel-board`",
              "timedOut": null,
              "duration": 4374,
              "state": "failed",
              "speed": null,
              "pass": false,
              "fail": true,
              "pending": false,
              "context": null,
              "code": "cy.get('#pixel-board').should('be.visible');",
              "err": {
                "message": "CypressError: Timed out retrying: Expected to find element: '#pixel-board', but never found it.",
                "estack": "CypressError: Timed out retrying: Expected to find element: '#pixel-board', but never found it.\n    at cypressErr (http://localhost:39033/__cypress/runner/cypress_runner.js:149934:9)\n    at throwErr (http://localhost:39033/__cypress/runner/cypress_runner.js:149867:11)\n    at Object.throwErrByPath (http://localhost:39033/__cypress/runner/cypress_runner.js:149915:3)\n    at retry (http://localhost:39033/__cypress/runner/cypress_runner.js:144197:19)\n    at onFailFn (http://localhost:39033/__cypress/runner/cypress_runner.js:132448:16)\n    at tryCatcher (http://localhost:39033/__cypress/runner/cypress_runner.js:167415:23)\n    at Promise._settlePromiseFromHandler (http://localhost:39033/__cypress/runner/cypress_runner.js:165351:31)\n    at Promise._settlePromise (http://localhost:39033/__cypress/runner/cypress_runner.js:165408:18)\n    at Promise._settlePromise0 (http://localhost:39033/__cypress/runner/cypress_runner.js:165453:10)\n    at Promise._settlePromises (http://localhost:39033/__cypress/runner/cypress_runner.js:165528:18)\n    at Async../node_modules/bluebird/js/release/async.js.Async._drainQueue (http://localhost:39033/__cypress/runner/cypress_runner.js:162140:16)\n    at Async../node_modules/bluebird/js/release/async.js.Async._drainQueues (http://localhost:39033/__cypress/runner/cypress_runner.js:162150:10)\n    at Async.drainQueues (http://localhost:39033/__cypress/runner/cypress_runner.js:162024:14)",
                "diff": null
              },
              "uuid": "c96ebb59-8556-451c-9ede-4bad6751b281",
              "parentUUID": "4a8c5159-1b4e-459b-956f-ab9add0cf279",
              "isHook": false,
              "skipped": false
            },
            {
              "title": "Verifica se cada pixel individual dentro do quadro possui a `classe` denominada `pixel`.",
              "fullTitle": "4 - Adicione à página um quadro de pixels, com 25 pixels. Verifica se cada pixel individual dentro do quadro possui a `classe` denominada `pixel`.",
              "timedOut": null,
              "duration": 4358,
              "state": "failed",
              "speed": null,
              "pass": false,
              "fail": true,
              "pending": false,
              "context": null,
              "code": "cy.get('.pixel').should('have.length', 25);",
              "err": {
                "message": "CypressError: Timed out retrying: Expected to find element: '.pixel', but never found it.",
                "estack": "CypressError: Timed out retrying: Expected to find element: '.pixel', but never found it.\n    at cypressErr (http://localhost:39033/__cypress/runner/cypress_runner.js:149934:9)\n    at throwErr (http://localhost:39033/__cypress/runner/cypress_runner.js:149867:11)\n    at Object.throwErrByPath (http://localhost:39033/__cypress/runner/cypress_runner.js:149915:3)\n    at retry (http://localhost:39033/__cypress/runner/cypress_runner.js:144197:19)\n    at onFailFn (http://localhost:39033/__cypress/runner/cypress_runner.js:132448:16)\n    at tryCatcher (http://localhost:39033/__cypress/runner/cypress_runner.js:167415:23)\n    at Promise._settlePromiseFromHandler (http://localhost:39033/__cypress/runner/cypress_runner.js:165351:31)\n    at Promise._settlePromise (http://localhost:39033/__cypress/runner/cypress_runner.js:165408:18)\n    at Promise._settlePromise0 (http://localhost:39033/__cypress/runner/cypress_runner.js:165453:10)\n    at Promise._settlePromises (http://localhost:39033/__cypress/runner/cypress_runner.js:165528:18)\n    at Async../node_modules/bluebird/js/release/async.js.Async._drainQueue (http://localhost:39033/__cypress/runner/cypress_runner.js:162140:16)\n    at Async../node_modules/bluebird/js/release/async.js.Async._drainQueues (http://localhost:39033/__cypress/runner/cypress_runner.js:162150:10)\n    at Async.drainQueues (http://localhost:39033/__cypress/runner/cypress_runner.js:162024:14)",
                "diff": null
              },
              "uuid": "0f14c2de-973c-444e-864c-1c0881ce31bf",
              "parentUUID": "4a8c5159-1b4e-459b-956f-ab9add0cf279",
              "isHook": false,
              "skipped": false
            },
            {
              "title": "Verifica se a cor inicial dos pixels dentro do quadro, ao abrir a página, é branca.",
              "fullTitle": "4 - Adicione à página um quadro de pixels, com 25 pixels. Verifica se a cor inicial dos pixels dentro do quadro, ao abrir a página, é branca.",
              "timedOut": null,
              "duration": 4389,
              "state": "failed",
              "speed": null,
              "pass": false,
              "fail": true,
              "pending": false,
              "context": null,
              "code": "cy.get('.pixel').should('have.length', 25).each(function (pixel) {\n  expect(pixel).to.have.css('background-color', WHITE);\n});",
              "err": {
                "message": "CypressError: Timed out retrying: Expected to find element: '.pixel', but never found it.",
                "estack": "CypressError: Timed out retrying: Expected to find element: '.pixel', but never found it.\n    at cypressErr (http://localhost:39033/__cypress/runner/cypress_runner.js:149934:9)\n    at throwErr (http://localhost:39033/__cypress/runner/cypress_runner.js:149867:11)\n    at Object.throwErrByPath (http://localhost:39033/__cypress/runner/cypress_runner.js:149915:3)\n    at retry (http://localhost:39033/__cypress/runner/cypress_runner.js:144197:19)\n    at onFailFn (http://localhost:39033/__cypress/runner/cypress_runner.js:132448:16)\n    at tryCatcher (http://localhost:39033/__cypress/runner/cypress_runner.js:167415:23)\n    at Promise._settlePromiseFromHandler (http://localhost:39033/__cypress/runner/cypress_runner.js:165351:31)\n    at Promise._settlePromise (http://localhost:39033/__cypress/runner/cypress_runner.js:165408:18)\n    at Promise._settlePromise0 (http://localhost:39033/__cypress/runner/cypress_runner.js:165453:10)\n    at Promise._settlePromises (http://localhost:39033/__cypress/runner/cypress_runner.js:165528:18)\n    at Async../node_modules/bluebird/js/release/async.js.Async._drainQueue (http://localhost:39033/__cypress/runner/cypress_runner.js:162140:16)\n    at Async../node_modules/bluebird/js/release/async.js.Async._drainQueues (http://localhost:39033/__cypress/runner/cypress_runner.js:162150:10)\n    at Async.drainQueues (http://localhost:39033/__cypress/runner/cypress_runner.js:162024:14)",
                "diff": null
              },
              "uuid": "629bf5d2-bf86-4f86-80e5-aa6cf36955a1",
              "parentUUID": "4a8c5159-1b4e-459b-956f-ab9add0cf279",
              "isHook": false,
              "skipped": false
            },
            {
              "title": "Verifica se o quadro de pixels aparece abaixo da paleta de cores",
              "fullTitle": "4 - Adicione à página um quadro de pixels, com 25 pixels. Verifica se o quadro de pixels aparece abaixo da paleta de cores",
              "timedOut": null,
              "duration": 4374,
              "state": "failed",
              "speed": null,
              "pass": false,
              "fail": true,
              "pending": false,
              "context": null,
              "code": "cy.get('#color-palette').then(function (palette) {\n  cy.get('#pixel-board').should('be.belowOf', palette);\n});",
              "err": {
                "message": "CypressError: Timed out retrying: Expected to find element: '#pixel-board', but never found it.",
                "estack": "CypressError: Timed out retrying: Expected to find element: '#pixel-board', but never found it.\n    at cypressErr (http://localhost:39033/__cypress/runner/cypress_runner.js:149934:9)\n    at throwErr (http://localhost:39033/__cypress/runner/cypress_runner.js:149867:11)\n    at Object.throwErrByPath (http://localhost:39033/__cypress/runner/cypress_runner.js:149915:3)\n    at retry (http://localhost:39033/__cypress/runner/cypress_runner.js:144197:19)\n    at onFailFn (http://localhost:39033/__cypress/runner/cypress_runner.js:132448:16)\n    at tryCatcher (http://localhost:39033/__cypress/runner/cypress_runner.js:167415:23)\n    at Promise._settlePromiseFromHandler (http://localhost:39033/__cypress/runner/cypress_runner.js:165351:31)\n    at Promise._settlePromise (http://localhost:39033/__cypress/runner/cypress_runner.js:165408:18)\n    at Promise._settlePromise0 (http://localhost:39033/__cypress/runner/cypress_runner.js:165453:10)\n    at Promise._settlePromises (http://localhost:39033/__cypress/runner/cypress_runner.js:165528:18)\n    at Async../node_modules/bluebird/js/release/async.js.Async._drainQueue (http://localhost:39033/__cypress/runner/cypress_runner.js:162140:16)\n    at Async../node_modules/bluebird/js/release/async.js.Async._drainQueues (http://localhost:39033/__cypress/runner/cypress_runner.js:162150:10)\n    at Async.drainQueues (http://localhost:39033/__cypress/runner/cypress_runner.js:162024:14)",
                "diff": null
              },
              "uuid": "eb412ff3-4bcc-496f-8620-9700c090139b",
              "parentUUID": "4a8c5159-1b4e-459b-956f-ab9add0cf279",
              "isHook": false,
              "skipped": false
            }
          ],
          "suites": [],
          "passes": [],
          "failures": [
            "c96ebb59-8556-451c-9ede-4bad6751b281",
            "0f14c2de-973c-444e-864c-1c0881ce31bf",
            "629bf5d2-bf86-4f86-80e5-aa6cf36955a1",
            "eb412ff3-4bcc-496f-8620-9700c090139b"
          ],
          "pending": [],
          "skipped": [],
          "duration": 17495,
          "root": false,
          "rootEmpty": false,
          "_timeout": 2000
        },
        {
          "uuid": "f1fb4405-3afa-4c8b-8284-702727e80032",
          "title": "5 - Faça com que cada elemento do quadro de pixels possua 40 pixels de largura, 40 pixels de altura e seja delimitado por uma borda preta de 1 pixel.",
          "fullFile": "",
          "file": "",
          "beforeHooks": [],
          "afterHooks": [],
          "tests": [
            {
              "title": "Verifica se o quadro de pixels tem altura e comprimento de 5 elementos",
              "fullTitle": "5 - Faça com que cada elemento do quadro de pixels possua 40 pixels de largura, 40 pixels de altura e seja delimitado por uma borda preta de 1 pixel. Verifica se o quadro de pixels tem altura e comprimento de 5 elementos",
              "timedOut": null,
              "duration": 4412,
              "state": "failed",
              "speed": null,
              "pass": false,
              "fail": true,
              "pending": false,
              "context": null,
              "code": "cy.get('.pixel').should('have.length', 25).each(function (pixel) {\n  expect(pixel).to.have.css('background-color', WHITE);\n}).and(function (pixels) {\n  var rows = chunk(pixels, 5);\n  rows.forEach(function (row) {\n    for (var index = 1; index < row.length; index += 1) {\n      var current = pixels[index];\n      var previous = pixels[index - 1];\n      cy.wrap(current).should('be.onTheRightOf', previous).and('be.horizontallyAlignedWith', previous);\n    }\n  });\n  for (var index = 1; index < 5; index += 1) {\n    expect(pixels[index * 5]).to.be.belowOf(pixels[(index - 1) * 5]);\n  }\n});",
              "err": {
                "message": "CypressError: Timed out retrying: Expected to find element: '.pixel', but never found it.",
                "estack": "CypressError: Timed out retrying: Expected to find element: '.pixel', but never found it.\n    at cypressErr (http://localhost:39033/__cypress/runner/cypress_runner.js:149934:9)\n    at throwErr (http://localhost:39033/__cypress/runner/cypress_runner.js:149867:11)\n    at Object.throwErrByPath (http://localhost:39033/__cypress/runner/cypress_runner.js:149915:3)\n    at retry (http://localhost:39033/__cypress/runner/cypress_runner.js:144197:19)\n    at onFailFn (http://localhost:39033/__cypress/runner/cypress_runner.js:132448:16)\n    at tryCatcher (http://localhost:39033/__cypress/runner/cypress_runner.js:167415:23)\n    at Promise._settlePromiseFromHandler (http://localhost:39033/__cypress/runner/cypress_runner.js:165351:31)\n    at Promise._settlePromise (http://localhost:39033/__cypress/runner/cypress_runner.js:165408:18)\n    at Promise._settlePromise0 (http://localhost:39033/__cypress/runner/cypress_runner.js:165453:10)\n    at Promise._settlePromises (http://localhost:39033/__cypress/runner/cypress_runner.js:165528:18)\n    at Async../node_modules/bluebird/js/release/async.js.Async._drainQueue (http://localhost:39033/__cypress/runner/cypress_runner.js:162140:16)\n    at Async../node_modules/bluebird/js/release/async.js.Async._drainQueues (http://localhost:39033/__cypress/runner/cypress_runner.js:162150:10)\n    at Async.drainQueues (http://localhost:39033/__cypress/runner/cypress_runner.js:162024:14)",
                "diff": null
              },
              "uuid": "b3a33261-e758-461e-bc1b-ec2bd743df94",
              "parentUUID": "f1fb4405-3afa-4c8b-8284-702727e80032",
              "isHook": false,
              "skipped": false
            },
            {
              "title": "Verifica se 40 pixels é o tamanho total do elemento, incluindo seu conteúdo e excluindo a borda preta, que deve ser criada à parte.",
              "fullTitle": "5 - Faça com que cada elemento do quadro de pixels possua 40 pixels de largura, 40 pixels de altura e seja delimitado por uma borda preta de 1 pixel. Verifica se 40 pixels é o tamanho total do elemento, incluindo seu conteúdo e excluindo a borda preta, que deve ser criada à parte.",
              "timedOut": null,
              "duration": 4381,
              "state": "failed",
              "speed": null,
              "pass": false,
              "fail": true,
              "pending": false,
              "context": null,
              "code": "cy.get('.pixel').each(function (pixel) {\n  cy.wrap(pixel).should('have.css', 'height', '40px').and('have.css', 'width', '40px').and('have.css', 'border', \"1px solid \".concat(BLACK));\n});",
              "err": {
                "message": "CypressError: Timed out retrying: Expected to find element: '.pixel', but never found it.",
                "estack": "CypressError: Timed out retrying: Expected to find element: '.pixel', but never found it.\n    at cypressErr (http://localhost:39033/__cypress/runner/cypress_runner.js:149934:9)\n    at throwErr (http://localhost:39033/__cypress/runner/cypress_runner.js:149867:11)\n    at Object.throwErrByPath (http://localhost:39033/__cypress/runner/cypress_runner.js:149915:3)\n    at retry (http://localhost:39033/__cypress/runner/cypress_runner.js:144197:19)\n    at onFailFn (http://localhost:39033/__cypress/runner/cypress_runner.js:132448:16)\n    at tryCatcher (http://localhost:39033/__cypress/runner/cypress_runner.js:167415:23)\n    at Promise._settlePromiseFromHandler (http://localhost:39033/__cypress/runner/cypress_runner.js:165351:31)\n    at Promise._settlePromise (http://localhost:39033/__cypress/runner/cypress_runner.js:165408:18)\n    at Promise._settlePromise0 (http://localhost:39033/__cypress/runner/cypress_runner.js:165453:10)\n    at Promise._settlePromises (http://localhost:39033/__cypress/runner/cypress_runner.js:165528:18)\n    at Async../node_modules/bluebird/js/release/async.js.Async._drainQueue (http://localhost:39033/__cypress/runner/cypress_runner.js:162140:16)\n    at Async../node_modules/bluebird/js/release/async.js.Async._drainQueues (http://localhost:39033/__cypress/runner/cypress_runner.js:162150:10)\n    at Async.drainQueues (http://localhost:39033/__cypress/runner/cypress_runner.js:162024:14)",
                "diff": null
              },
              "uuid": "5e056cc3-35d0-4039-8b45-57cd6173104b",
              "parentUUID": "f1fb4405-3afa-4c8b-8284-702727e80032",
              "isHook": false,
              "skipped": false
            }
          ],
          "suites": [],
          "passes": [],
          "failures": [
            "b3a33261-e758-461e-bc1b-ec2bd743df94",
            "5e056cc3-35d0-4039-8b45-57cd6173104b"
          ],
          "pending": [],
          "skipped": [],
          "duration": 8793,
          "root": false,
          "rootEmpty": false,
          "_timeout": 2000
        },
        {
          "uuid": "1c576bed-59b9-4edd-9158-e01f68a91229",
          "title": "6 - Defina a cor preta como cor inicial. Ao carregar a página a cor preta já deve estar selecionada para pintar os pixels",
          "fullFile": "",
          "file": "",
          "beforeHooks": [],
          "afterHooks": [],
          "tests": [
            {
              "title": "Verifica se o elemento da cor preta possui, inicialmente, a `classe` `selected`",
              "fullTitle": "6 - Defina a cor preta como cor inicial. Ao carregar a página a cor preta já deve estar selecionada para pintar os pixels Verifica se o elemento da cor preta possui, inicialmente, a `classe` `selected`",
              "timedOut": null,
              "duration": 4388,
              "state": "failed",
              "speed": null,
              "pass": false,
              "fail": true,
              "pending": false,
              "context": null,
              "code": "cy.get('.selected').first().should('have.css', 'background-color', BLACK);",
              "err": {
                "message": "CypressError: Timed out retrying: Expected to find element: '.selected', but never found it.",
                "estack": "CypressError: Timed out retrying: Expected to find element: '.selected', but never found it.\n    at cypressErr (http://localhost:39033/__cypress/runner/cypress_runner.js:149934:9)\n    at throwErr (http://localhost:39033/__cypress/runner/cypress_runner.js:149867:11)\n    at Object.throwErrByPath (http://localhost:39033/__cypress/runner/cypress_runner.js:149915:3)\n    at retry (http://localhost:39033/__cypress/runner/cypress_runner.js:144197:19)\n    at onFailFn (http://localhost:39033/__cypress/runner/cypress_runner.js:132448:16)\n    at tryCatcher (http://localhost:39033/__cypress/runner/cypress_runner.js:167415:23)\n    at Promise._settlePromiseFromHandler (http://localhost:39033/__cypress/runner/cypress_runner.js:165351:31)\n    at Promise._settlePromise (http://localhost:39033/__cypress/runner/cypress_runner.js:165408:18)\n    at Promise._settlePromise0 (http://localhost:39033/__cypress/runner/cypress_runner.js:165453:10)\n    at Promise._settlePromises (http://localhost:39033/__cypress/runner/cypress_runner.js:165528:18)\n    at Async../node_modules/bluebird/js/release/async.js.Async._drainQueue (http://localhost:39033/__cypress/runner/cypress_runner.js:162140:16)\n    at Async../node_modules/bluebird/js/release/async.js.Async._drainQueues (http://localhost:39033/__cypress/runner/cypress_runner.js:162150:10)\n    at Async.drainQueues (http://localhost:39033/__cypress/runner/cypress_runner.js:162024:14)",
                "diff": null
              },
              "uuid": "e1ec41cd-18ac-415c-ac19-f945dae32142",
              "parentUUID": "1c576bed-59b9-4edd-9158-e01f68a91229",
              "isHook": false,
              "skipped": false
            },
            {
              "title": "Verifica se nenhuma outra cor da paleta tem a `classe` `selected`",
              "fullTitle": "6 - Defina a cor preta como cor inicial. Ao carregar a página a cor preta já deve estar selecionada para pintar os pixels Verifica se nenhuma outra cor da paleta tem a `classe` `selected`",
              "timedOut": null,
              "duration": 189,
              "state": "passed",
              "speed": "slow",
              "pass": true,
              "fail": false,
              "pending": false,
              "context": null,
              "code": "cy.get('.color:not(:first-child)').each(function (color) {\n  cy.wrap(color).should('not.have.class', 'selected');\n});",
              "err": {},
              "uuid": "d88df043-0604-411d-82ff-cf38abbc8d11",
              "parentUUID": "1c576bed-59b9-4edd-9158-e01f68a91229",
              "isHook": false,
              "skipped": false
            }
          ],
          "suites": [],
          "passes": [
            "d88df043-0604-411d-82ff-cf38abbc8d11"
          ],
          "failures": [
            "e1ec41cd-18ac-415c-ac19-f945dae32142"
          ],
          "pending": [],
          "skipped": [],
          "duration": 4577,
          "root": false,
          "rootEmpty": false,
          "_timeout": 2000
        },
        {
          "uuid": "90919c3c-36de-4d8a-9bb9-d6559e745c95",
          "title": "7 - Clicar em uma das cores da paleta, faz com que ela seja selecionada e utilizada para preencher os pixels no quadro.",
          "fullFile": "",
          "file": "",
          "beforeHooks": [],
          "afterHooks": [],
          "tests": [
            {
              "title": "Verifica se somente uma cor da paleta de cores tem a classe `selected` de cada vez",
              "fullTitle": "7 - Clicar em uma das cores da paleta, faz com que ela seja selecionada e utilizada para preencher os pixels no quadro. Verifica se somente uma cor da paleta de cores tem a classe `selected` de cada vez",
              "timedOut": null,
              "duration": 4354,
              "state": "failed",
              "speed": null,
              "pass": false,
              "fail": true,
              "pending": false,
              "context": null,
              "code": "cy.get('.color').each(function (selectedColor, selectedColorIndex) {\n  cy.wrap(selectedColor).click();\n  cy.get('.color').each(function (color, colorIndex) {\n    if (colorIndex === selectedColorIndex) {\n      expect(color).to.have[\"class\"]('selected');\n    } else {\n      expect(color).not.to.have[\"class\"]('selected');\n    }\n  });\n});",
              "err": {
                "message": "CypressError: Timed out retrying: cy.click() failed because this element is not visible:\n\n<div class=\"blue color\"></div>\n\nThis element '<div.blue.color>' is not visible because it has an effective width and height of: '1350 x 0' pixels.\n\nFix this problem, or use {force: true} to disable error checking.\n\nhttps://on.cypress.io/element-cannot-be-interacted-with",
                "estack": "CypressError: Timed out retrying: cy.click() failed because this element is not visible:\n\n<div class=\"blue color\"></div>\n\nThis element '<div.blue.color>' is not visible because it has an effective width and height of: '1350 x 0' pixels.\n\nFix this problem, or use {force: true} to disable error checking.\n\nhttps://on.cypress.io/element-cannot-be-interacted-with\n    at cypressErr (http://localhost:39033/__cypress/runner/cypress_runner.js:149934:9)\n    at throwErr (http://localhost:39033/__cypress/runner/cypress_runner.js:149867:11)\n    at Object.throwErrByPath (http://localhost:39033/__cypress/runner/cypress_runner.js:149915:3)\n    at Object.retry (http://localhost:39033/__cypress/runner/cypress_runner.js:144197:19)\n    at retryActionability (http://localhost:39033/__cypress/runner/cypress_runner.js:132052:19)\n    at tryCatcher (http://localhost:39033/__cypress/runner/cypress_runner.js:167415:23)\n    at Function.Promise.attempt.Promise.try (http://localhost:39033/__cypress/runner/cypress_runner.js:164690:29)\n    at tryFn (http://localhost:39033/__cypress/runner/cypress_runner.js:144661:21)\n    at whenStable (http://localhost:39033/__cypress/runner/cypress_runner.js:144696:12)\n    at http://localhost:39033/__cypress/runner/cypress_runner.js:144240:16\n    at tryCatcher (http://localhost:39033/__cypress/runner/cypress_runner.js:167415:23)\n    at Promise._settlePromiseFromHandler (http://localhost:39033/__cypress/runner/cypress_runner.js:165351:31)\n    at Promise._settlePromise (http://localhost:39033/__cypress/runner/cypress_runner.js:165408:18)\n    at Promise._settlePromise0 (http://localhost:39033/__cypress/runner/cypress_runner.js:165453:10)\n    at Promise._settlePromises (http://localhost:39033/__cypress/runner/cypress_runner.js:165532:18)\n    at Promise._fulfill (http://localhost:39033/__cypress/runner/cypress_runner.js:165477:18)",
                "diff": null
              },
              "uuid": "0457a1cf-8302-4b8b-83e2-cb3c32a9198d",
              "parentUUID": "90919c3c-36de-4d8a-9bb9-d6559e745c95",
              "isHook": false,
              "skipped": false
            },
            {
              "title": "Verifica se os pixels dentro do quadro não têm a classe `selected` quando são clicados",
              "fullTitle": "7 - Clicar em uma das cores da paleta, faz com que ela seja selecionada e utilizada para preencher os pixels no quadro. Verifica se os pixels dentro do quadro não têm a classe `selected` quando são clicados",
              "timedOut": null,
              "duration": 4453,
              "state": "failed",
              "speed": null,
              "pass": false,
              "fail": true,
              "pending": false,
              "context": null,
              "code": "cy.get('.color').each(function (color) {\n  var backgroundColor = color.css('background-color');\n  cy.wrap(color).click();\n  cy.get('.pixel').each(function (pixel) {\n    cy.wrap(pixel).click().should('not.have.class', 'selected');\n  });\n});",
              "err": {
                "message": "CypressError: Timed out retrying: cy.click() failed because this element is not visible:\n\n<div class=\"green color\"></div>\n\nThis element '<div.green.color>' is not visible because it has an effective width and height of: '1350 x 0' pixels.\n\nFix this problem, or use {force: true} to disable error checking.\n\nhttps://on.cypress.io/element-cannot-be-interacted-with",
                "estack": "CypressError: Timed out retrying: cy.click() failed because this element is not visible:\n\n<div class=\"green color\"></div>\n\nThis element '<div.green.color>' is not visible because it has an effective width and height of: '1350 x 0' pixels.\n\nFix this problem, or use {force: true} to disable error checking.\n\nhttps://on.cypress.io/element-cannot-be-interacted-with\n    at cypressErr (http://localhost:39033/__cypress/runner/cypress_runner.js:149934:9)\n    at throwErr (http://localhost:39033/__cypress/runner/cypress_runner.js:149867:11)\n    at Object.throwErrByPath (http://localhost:39033/__cypress/runner/cypress_runner.js:149915:3)\n    at Object.retry (http://localhost:39033/__cypress/runner/cypress_runner.js:144197:19)\n    at retryActionability (http://localhost:39033/__cypress/runner/cypress_runner.js:132052:19)\n    at tryCatcher (http://localhost:39033/__cypress/runner/cypress_runner.js:167415:23)\n    at Function.Promise.attempt.Promise.try (http://localhost:39033/__cypress/runner/cypress_runner.js:164690:29)\n    at tryFn (http://localhost:39033/__cypress/runner/cypress_runner.js:144661:21)\n    at whenStable (http://localhost:39033/__cypress/runner/cypress_runner.js:144696:12)\n    at http://localhost:39033/__cypress/runner/cypress_runner.js:144240:16\n    at tryCatcher (http://localhost:39033/__cypress/runner/cypress_runner.js:167415:23)\n    at Promise._settlePromiseFromHandler (http://localhost:39033/__cypress/runner/cypress_runner.js:165351:31)\n    at Promise._settlePromise (http://localhost:39033/__cypress/runner/cypress_runner.js:165408:18)\n    at Promise._settlePromise0 (http://localhost:39033/__cypress/runner/cypress_runner.js:165453:10)\n    at Promise._settlePromises (http://localhost:39033/__cypress/runner/cypress_runner.js:165532:18)\n    at Promise._fulfill (http://localhost:39033/__cypress/runner/cypress_runner.js:165477:18)",
                "diff": null
              },
              "uuid": "16a614f3-69c1-4ff7-9cca-b6214496b979",
              "parentUUID": "90919c3c-36de-4d8a-9bb9-d6559e745c95",
              "isHook": false,
              "skipped": false
            }
          ],
          "suites": [],
          "passes": [],
          "failures": [
            "0457a1cf-8302-4b8b-83e2-cb3c32a9198d",
            "16a614f3-69c1-4ff7-9cca-b6214496b979"
          ],
          "pending": [],
          "skipped": [],
          "duration": 8807,
          "root": false,
          "rootEmpty": false,
          "_timeout": 2000
        },
        {
          "uuid": "63e0f2bb-aa6c-4281-8e21-21fa223766fd",
          "title": "8 - Clicar em um pixel dentro do quadro após selecionar uma cor na paleta, faz com que o pixel seja preenchido com a cor selecionada.",
          "fullFile": "",
          "file": "",
          "beforeHooks": [],
          "afterHooks": [],
          "tests": [
            {
              "title": "Verifica se ao carregar a página deve ser possível pintar os pixels de preto",
              "fullTitle": "8 - Clicar em um pixel dentro do quadro após selecionar uma cor na paleta, faz com que o pixel seja preenchido com a cor selecionada. Verifica se ao carregar a página deve ser possível pintar os pixels de preto",
              "timedOut": null,
              "duration": 4401,
              "state": "failed",
              "speed": null,
              "pass": false,
              "fail": true,
              "pending": false,
              "context": null,
              "code": "cy.get('.pixel').each(function (pixel) {\n  cy.wrap(pixel).click().should('have.css', 'background-color', BLACK);\n});",
              "err": {
                "message": "CypressError: Timed out retrying: Expected to find element: '.pixel', but never found it.",
                "estack": "CypressError: Timed out retrying: Expected to find element: '.pixel', but never found it.\n    at cypressErr (http://localhost:39033/__cypress/runner/cypress_runner.js:149934:9)\n    at throwErr (http://localhost:39033/__cypress/runner/cypress_runner.js:149867:11)\n    at Object.throwErrByPath (http://localhost:39033/__cypress/runner/cypress_runner.js:149915:3)\n    at retry (http://localhost:39033/__cypress/runner/cypress_runner.js:144197:19)\n    at onFailFn (http://localhost:39033/__cypress/runner/cypress_runner.js:132448:16)\n    at tryCatcher (http://localhost:39033/__cypress/runner/cypress_runner.js:167415:23)\n    at Promise._settlePromiseFromHandler (http://localhost:39033/__cypress/runner/cypress_runner.js:165351:31)\n    at Promise._settlePromise (http://localhost:39033/__cypress/runner/cypress_runner.js:165408:18)\n    at Promise._settlePromise0 (http://localhost:39033/__cypress/runner/cypress_runner.js:165453:10)\n    at Promise._settlePromises (http://localhost:39033/__cypress/runner/cypress_runner.js:165528:18)\n    at Async../node_modules/bluebird/js/release/async.js.Async._drainQueue (http://localhost:39033/__cypress/runner/cypress_runner.js:162140:16)\n    at Async../node_modules/bluebird/js/release/async.js.Async._drainQueues (http://localhost:39033/__cypress/runner/cypress_runner.js:162150:10)\n    at Async.drainQueues (http://localhost:39033/__cypress/runner/cypress_runner.js:162024:14)",
                "diff": null
              },
              "uuid": "359a0b97-4ec6-45db-97a6-281259da917d",
              "parentUUID": "63e0f2bb-aa6c-4281-8e21-21fa223766fd",
              "isHook": false,
              "skipped": false
            },
            {
              "title": "Verifica se após selecionar uma outra cor na paleta, é possível pintar os pixels com essa cor",
              "fullTitle": "8 - Clicar em um pixel dentro do quadro após selecionar uma cor na paleta, faz com que o pixel seja preenchido com a cor selecionada. Verifica se após selecionar uma outra cor na paleta, é possível pintar os pixels com essa cor",
              "timedOut": null,
              "duration": 4525,
              "state": "failed",
              "speed": null,
              "pass": false,
              "fail": true,
              "pending": false,
              "context": null,
              "code": "cy.get('.color').each(function (color) {\n  var backgroundColor = color.css('background-color');\n  cy.wrap(color).click();\n  cy.get('.pixel').each(function (pixel) {\n    cy.wrap(pixel).click().should('have.css', 'background-color', backgroundColor);\n  });\n});",
              "err": {
                "message": "CypressError: Timed out retrying: cy.click() failed because this element is not visible:\n\n<div class=\"black color\"></div>\n\nThis element '<div.black.color>' is not visible because it has an effective width and height of: '1350 x 0' pixels.\n\nFix this problem, or use {force: true} to disable error checking.\n\nhttps://on.cypress.io/element-cannot-be-interacted-with",
                "estack": "CypressError: Timed out retrying: cy.click() failed because this element is not visible:\n\n<div class=\"black color\"></div>\n\nThis element '<div.black.color>' is not visible because it has an effective width and height of: '1350 x 0' pixels.\n\nFix this problem, or use {force: true} to disable error checking.\n\nhttps://on.cypress.io/element-cannot-be-interacted-with\n    at cypressErr (http://localhost:39033/__cypress/runner/cypress_runner.js:149934:9)\n    at throwErr (http://localhost:39033/__cypress/runner/cypress_runner.js:149867:11)\n    at Object.throwErrByPath (http://localhost:39033/__cypress/runner/cypress_runner.js:149915:3)\n    at Object.retry (http://localhost:39033/__cypress/runner/cypress_runner.js:144197:19)\n    at retryActionability (http://localhost:39033/__cypress/runner/cypress_runner.js:132052:19)\n    at tryCatcher (http://localhost:39033/__cypress/runner/cypress_runner.js:167415:23)\n    at Function.Promise.attempt.Promise.try (http://localhost:39033/__cypress/runner/cypress_runner.js:164690:29)\n    at tryFn (http://localhost:39033/__cypress/runner/cypress_runner.js:144661:21)\n    at whenStable (http://localhost:39033/__cypress/runner/cypress_runner.js:144696:12)\n    at http://localhost:39033/__cypress/runner/cypress_runner.js:144240:16\n    at tryCatcher (http://localhost:39033/__cypress/runner/cypress_runner.js:167415:23)\n    at Promise._settlePromiseFromHandler (http://localhost:39033/__cypress/runner/cypress_runner.js:165351:31)\n    at Promise._settlePromise (http://localhost:39033/__cypress/runner/cypress_runner.js:165408:18)\n    at Promise._settlePromise0 (http://localhost:39033/__cypress/runner/cypress_runner.js:165453:10)\n    at Promise._settlePromises (http://localhost:39033/__cypress/runner/cypress_runner.js:165532:18)\n    at Promise._fulfill (http://localhost:39033/__cypress/runner/cypress_runner.js:165477:18)",
                "diff": null
              },
              "uuid": "05551a8d-1c5d-4657-b34a-7922d5b5f386",
              "parentUUID": "63e0f2bb-aa6c-4281-8e21-21fa223766fd",
              "isHook": false,
              "skipped": false
            },
            {
              "title": "Verifica se somente o pixel que foi clicado foi preenchido com a cor selecionada, sem influenciar na cor dos demais pixels.",
              "fullTitle": "8 - Clicar em um pixel dentro do quadro após selecionar uma cor na paleta, faz com que o pixel seja preenchido com a cor selecionada. Verifica se somente o pixel que foi clicado foi preenchido com a cor selecionada, sem influenciar na cor dos demais pixels.",
              "timedOut": null,
              "duration": 4509,
              "state": "failed",
              "speed": null,
              "pass": false,
              "fail": true,
              "pending": false,
              "context": null,
              "code": "var colorToPixelIndexMap = {\n  0: 6,\n  1: 8,\n  2: 16,\n  3: 18\n};\ncy.get('.color').each(function (color, index) {\n  cy.wrap(color).click();\n  var backgroundColor = color.css('background-color');\n  var clickedPixelIndex = colorToPixelIndexMap[index];\n  cy.get('.pixel').eq(clickedPixelIndex).click();\n  cy.get('.pixel').eq(clickedPixelIndex - 1).should('not.have.css', 'background-color', backgroundColor);\n  cy.get('.pixel').eq(clickedPixelIndex + 1).should('not.have.css', 'background-color', backgroundColor);\n  cy.get('.pixel').eq(clickedPixelIndex - 5).should('not.have.css', 'background-color', backgroundColor);\n  cy.get('.pixel').eq(clickedPixelIndex + 5).should('not.have.css', 'background-color', backgroundColor);\n  cy.get('.pixel').eq(clickedPixelIndex - 6).should('not.have.css', 'background-color', backgroundColor);\n  cy.get('.pixel').eq(clickedPixelIndex - 4).should('not.have.css', 'background-color', backgroundColor);\n  cy.get('.pixel').eq(clickedPixelIndex + 4).should('not.have.css', 'background-color', backgroundColor);\n  cy.get('.pixel').eq(clickedPixelIndex + 6).should('not.have.css', 'background-color', backgroundColor);\n});",
              "err": {
                "message": "CypressError: Timed out retrying: Expected to find element: '.pixel', but never found it.",
                "estack": "CypressError: Timed out retrying: Expected to find element: '.pixel', but never found it.\n    at cypressErr (http://localhost:39033/__cypress/runner/cypress_runner.js:149934:9)\n    at throwErr (http://localhost:39033/__cypress/runner/cypress_runner.js:149867:11)\n    at Object.throwErrByPath (http://localhost:39033/__cypress/runner/cypress_runner.js:149915:3)\n    at retry (http://localhost:39033/__cypress/runner/cypress_runner.js:144197:19)\n    at onFailFn (http://localhost:39033/__cypress/runner/cypress_runner.js:132448:16)\n    at tryCatcher (http://localhost:39033/__cypress/runner/cypress_runner.js:167415:23)\n    at Promise._settlePromiseFromHandler (http://localhost:39033/__cypress/runner/cypress_runner.js:165351:31)\n    at Promise._settlePromise (http://localhost:39033/__cypress/runner/cypress_runner.js:165408:18)\n    at Promise._settlePromise0 (http://localhost:39033/__cypress/runner/cypress_runner.js:165453:10)\n    at Promise._settlePromises (http://localhost:39033/__cypress/runner/cypress_runner.js:165528:18)\n    at Async../node_modules/bluebird/js/release/async.js.Async._drainQueue (http://localhost:39033/__cypress/runner/cypress_runner.js:162140:16)\n    at Async../node_modules/bluebird/js/release/async.js.Async._drainQueues (http://localhost:39033/__cypress/runner/cypress_runner.js:162150:10)\n    at Async.drainQueues (http://localhost:39033/__cypress/runner/cypress_runner.js:162024:14)",
                "diff": null
              },
              "uuid": "1c7de7c3-d15e-4837-a17b-6cc8cd92f36e",
              "parentUUID": "63e0f2bb-aa6c-4281-8e21-21fa223766fd",
              "isHook": false,
              "skipped": false
            }
          ],
          "suites": [],
          "passes": [],
          "failures": [
            "359a0b97-4ec6-45db-97a6-281259da917d",
            "05551a8d-1c5d-4657-b34a-7922d5b5f386",
            "1c7de7c3-d15e-4837-a17b-6cc8cd92f36e"
          ],
          "pending": [],
          "skipped": [],
          "duration": 13435,
          "root": false,
          "rootEmpty": false,
          "_timeout": 2000
        },
        {
          "uuid": "02db5548-1e83-4da0-8acd-9f1e0201af30",
          "title": "9 - Crie um botão que, ao ser clicado, limpa o quadro preenchendo a cor de todos seus pixels com branco.",
          "fullFile": "",
          "file": "",
          "beforeHooks": [],
          "afterHooks": [],
          "tests": [
            {
              "title": "Verifica se o botão tem o `id` denominado `clear-board`",
              "fullTitle": "9 - Crie um botão que, ao ser clicado, limpa o quadro preenchendo a cor de todos seus pixels com branco. Verifica se o botão tem o `id` denominado `clear-board`",
              "timedOut": null,
              "duration": 4475,
              "state": "failed",
              "speed": null,
              "pass": false,
              "fail": true,
              "pending": false,
              "context": null,
              "code": "cy.get('#clear-board').should('be.visible');",
              "err": {
                "message": "CypressError: Timed out retrying: Expected to find element: '#clear-board', but never found it.",
                "estack": "CypressError: Timed out retrying: Expected to find element: '#clear-board', but never found it.\n    at cypressErr (http://localhost:39033/__cypress/runner/cypress_runner.js:149934:9)\n    at throwErr (http://localhost:39033/__cypress/runner/cypress_runner.js:149867:11)\n    at Object.throwErrByPath (http://localhost:39033/__cypress/runner/cypress_runner.js:149915:3)\n    at retry (http://localhost:39033/__cypress/runner/cypress_runner.js:144197:19)\n    at onFailFn (http://localhost:39033/__cypress/runner/cypress_runner.js:132448:16)\n    at tryCatcher (http://localhost:39033/__cypress/runner/cypress_runner.js:167415:23)\n    at Promise._settlePromiseFromHandler (http://localhost:39033/__cypress/runner/cypress_runner.js:165351:31)\n    at Promise._settlePromise (http://localhost:39033/__cypress/runner/cypress_runner.js:165408:18)\n    at Promise._settlePromise0 (http://localhost:39033/__cypress/runner/cypress_runner.js:165453:10)\n    at Promise._settlePromises (http://localhost:39033/__cypress/runner/cypress_runner.js:165528:18)\n    at Async../node_modules/bluebird/js/release/async.js.Async._drainQueue (http://localhost:39033/__cypress/runner/cypress_runner.js:162140:16)\n    at Async../node_modules/bluebird/js/release/async.js.Async._drainQueues (http://localhost:39033/__cypress/runner/cypress_runner.js:162150:10)\n    at Async.drainQueues (http://localhost:39033/__cypress/runner/cypress_runner.js:162024:14)",
                "diff": null
              },
              "uuid": "8d5f0817-c7aa-46d7-925b-5e786165054e",
              "parentUUID": "02db5548-1e83-4da0-8acd-9f1e0201af30",
              "isHook": false,
              "skipped": false
            },
            {
              "title": "Verifica se o botão está posicionado entre a paleta de cores e o quadro de pixels",
              "fullTitle": "9 - Crie um botão que, ao ser clicado, limpa o quadro preenchendo a cor de todos seus pixels com branco. Verifica se o botão está posicionado entre a paleta de cores e o quadro de pixels",
              "timedOut": null,
              "duration": 4365,
              "state": "failed",
              "speed": null,
              "pass": false,
              "fail": true,
              "pending": false,
              "context": null,
              "code": "cy.get('#color-palette').then(function (palette) {\n  cy.get('#clear-board').should('be.belowOf', palette);\n});\ncy.get('#clear-board').then(function (clearBtn) {\n  cy.get('#pixel-board').should('be.belowOf', clearBtn);\n});",
              "err": {
                "message": "CypressError: Timed out retrying: Expected to find element: '#clear-board', but never found it.",
                "estack": "CypressError: Timed out retrying: Expected to find element: '#clear-board', but never found it.\n    at cypressErr (http://localhost:39033/__cypress/runner/cypress_runner.js:149934:9)\n    at throwErr (http://localhost:39033/__cypress/runner/cypress_runner.js:149867:11)\n    at Object.throwErrByPath (http://localhost:39033/__cypress/runner/cypress_runner.js:149915:3)\n    at retry (http://localhost:39033/__cypress/runner/cypress_runner.js:144197:19)\n    at onFailFn (http://localhost:39033/__cypress/runner/cypress_runner.js:132448:16)\n    at tryCatcher (http://localhost:39033/__cypress/runner/cypress_runner.js:167415:23)\n    at Promise._settlePromiseFromHandler (http://localhost:39033/__cypress/runner/cypress_runner.js:165351:31)\n    at Promise._settlePromise (http://localhost:39033/__cypress/runner/cypress_runner.js:165408:18)\n    at Promise._settlePromise0 (http://localhost:39033/__cypress/runner/cypress_runner.js:165453:10)\n    at Promise._settlePromises (http://localhost:39033/__cypress/runner/cypress_runner.js:165528:18)\n    at Async../node_modules/bluebird/js/release/async.js.Async._drainQueue (http://localhost:39033/__cypress/runner/cypress_runner.js:162140:16)\n    at Async../node_modules/bluebird/js/release/async.js.Async._drainQueues (http://localhost:39033/__cypress/runner/cypress_runner.js:162150:10)\n    at Async.drainQueues (http://localhost:39033/__cypress/runner/cypress_runner.js:162024:14)",
                "diff": null
              },
              "uuid": "1009437f-23d4-4ea4-a5af-4a08f430ff4a",
              "parentUUID": "02db5548-1e83-4da0-8acd-9f1e0201af30",
              "isHook": false,
              "skipped": false
            },
            {
              "title": "Verifica se o texto do botão é 'Limpar'",
              "fullTitle": "9 - Crie um botão que, ao ser clicado, limpa o quadro preenchendo a cor de todos seus pixels com branco. Verifica se o texto do botão é 'Limpar'",
              "timedOut": null,
              "duration": 4395,
              "state": "failed",
              "speed": null,
              "pass": false,
              "fail": true,
              "pending": false,
              "context": null,
              "code": "cy.get('#clear-board').should('contain.text', 'Limpar');",
              "err": {
                "message": "CypressError: Timed out retrying: Expected to find element: '#clear-board', but never found it.",
                "estack": "CypressError: Timed out retrying: Expected to find element: '#clear-board', but never found it.\n    at cypressErr (http://localhost:39033/__cypress/runner/cypress_runner.js:149934:9)\n    at throwErr (http://localhost:39033/__cypress/runner/cypress_runner.js:149867:11)\n    at Object.throwErrByPath (http://localhost:39033/__cypress/runner/cypress_runner.js:149915:3)\n    at retry (http://localhost:39033/__cypress/runner/cypress_runner.js:144197:19)\n    at onFailFn (http://localhost:39033/__cypress/runner/cypress_runner.js:132448:16)\n    at tryCatcher (http://localhost:39033/__cypress/runner/cypress_runner.js:167415:23)\n    at Promise._settlePromiseFromHandler (http://localhost:39033/__cypress/runner/cypress_runner.js:165351:31)\n    at Promise._settlePromise (http://localhost:39033/__cypress/runner/cypress_runner.js:165408:18)\n    at Promise._settlePromise0 (http://localhost:39033/__cypress/runner/cypress_runner.js:165453:10)\n    at Promise._settlePromises (http://localhost:39033/__cypress/runner/cypress_runner.js:165528:18)\n    at Async../node_modules/bluebird/js/release/async.js.Async._drainQueue (http://localhost:39033/__cypress/runner/cypress_runner.js:162140:16)\n    at Async../node_modules/bluebird/js/release/async.js.Async._drainQueues (http://localhost:39033/__cypress/runner/cypress_runner.js:162150:10)\n    at Async.drainQueues (http://localhost:39033/__cypress/runner/cypress_runner.js:162024:14)",
                "diff": null
              },
              "uuid": "7dc9cef1-dfd3-4428-bba9-9bdfeba42976",
              "parentUUID": "02db5548-1e83-4da0-8acd-9f1e0201af30",
              "isHook": false,
              "skipped": false
            },
            {
              "title": "Verifica se ao clicar no botão, o quadro de pixels é totalmente preenchido de branco",
              "fullTitle": "9 - Crie um botão que, ao ser clicado, limpa o quadro preenchendo a cor de todos seus pixels com branco. Verifica se ao clicar no botão, o quadro de pixels é totalmente preenchido de branco",
              "timedOut": null,
              "duration": 4496,
              "state": "failed",
              "speed": null,
              "pass": false,
              "fail": true,
              "pending": false,
              "context": null,
              "code": "cy.get('.color').eq(1).then(function (color) {\n  var backgroundColor = color.css('background-color');\n  cy.wrap(color).click();\n  cy.get('.pixel').each(function (pixel) {\n    cy.wrap(pixel).click().should('have.css', 'background-color', backgroundColor);\n  });\n});\ncy.get('#clear-board').click();\ncy.get('.pixel').each(function (pixel) {\n  cy.wrap(pixel).should('have.css', 'background-color', WHITE);\n});",
              "err": {
                "message": "CypressError: Timed out retrying: Expected to find element: '.pixel', but never found it.",
                "estack": "CypressError: Timed out retrying: Expected to find element: '.pixel', but never found it.\n    at cypressErr (http://localhost:39033/__cypress/runner/cypress_runner.js:149934:9)\n    at throwErr (http://localhost:39033/__cypress/runner/cypress_runner.js:149867:11)\n    at Object.throwErrByPath (http://localhost:39033/__cypress/runner/cypress_runner.js:149915:3)\n    at retry (http://localhost:39033/__cypress/runner/cypress_runner.js:144197:19)\n    at onFailFn (http://localhost:39033/__cypress/runner/cypress_runner.js:132448:16)\n    at tryCatcher (http://localhost:39033/__cypress/runner/cypress_runner.js:167415:23)\n    at Promise._settlePromiseFromHandler (http://localhost:39033/__cypress/runner/cypress_runner.js:165351:31)\n    at Promise._settlePromise (http://localhost:39033/__cypress/runner/cypress_runner.js:165408:18)\n    at Promise._settlePromise0 (http://localhost:39033/__cypress/runner/cypress_runner.js:165453:10)\n    at Promise._settlePromises (http://localhost:39033/__cypress/runner/cypress_runner.js:165528:18)\n    at Async../node_modules/bluebird/js/release/async.js.Async._drainQueue (http://localhost:39033/__cypress/runner/cypress_runner.js:162140:16)\n    at Async../node_modules/bluebird/js/release/async.js.Async._drainQueues (http://localhost:39033/__cypress/runner/cypress_runner.js:162150:10)\n    at Async.drainQueues (http://localhost:39033/__cypress/runner/cypress_runner.js:162024:14)",
                "diff": null
              },
              "uuid": "7240f194-b4c8-4af4-b40e-e13754b77db8",
              "parentUUID": "02db5548-1e83-4da0-8acd-9f1e0201af30",
              "isHook": false,
              "skipped": false
            }
          ],
          "suites": [],
          "passes": [],
          "failures": [
            "8d5f0817-c7aa-46d7-925b-5e786165054e",
            "1009437f-23d4-4ea4-a5af-4a08f430ff4a",
            "7dc9cef1-dfd3-4428-bba9-9bdfeba42976",
            "7240f194-b4c8-4af4-b40e-e13754b77db8"
          ],
          "pending": [],
          "skipped": [],
          "duration": 17731,
          "root": false,
          "rootEmpty": false,
          "_timeout": 2000
        },
        {
          "uuid": "6e039324-0656-4443-8faf-0a11f03ee7fe",
          "title": "10 - Faça o quadro de pixels ter seu tamanho definido pelo usuário.",
          "fullFile": "",
          "file": "",
          "beforeHooks": [],
          "afterHooks": [],
          "tests": [
            {
              "title": "Verifica se existe um input com o id `board-size`",
              "fullTitle": "10 - Faça o quadro de pixels ter seu tamanho definido pelo usuário. Verifica se existe um input com o id `board-size`",
              "timedOut": null,
              "duration": 4437,
              "state": "failed",
              "speed": null,
              "pass": false,
              "fail": true,
              "pending": false,
              "context": null,
              "code": "cy.get('#board-size').should('be.visible');",
              "err": {
                "message": "CypressError: Timed out retrying: Expected to find element: '#board-size', but never found it.",
                "estack": "CypressError: Timed out retrying: Expected to find element: '#board-size', but never found it.\n    at cypressErr (http://localhost:39033/__cypress/runner/cypress_runner.js:149934:9)\n    at throwErr (http://localhost:39033/__cypress/runner/cypress_runner.js:149867:11)\n    at Object.throwErrByPath (http://localhost:39033/__cypress/runner/cypress_runner.js:149915:3)\n    at retry (http://localhost:39033/__cypress/runner/cypress_runner.js:144197:19)\n    at onFailFn (http://localhost:39033/__cypress/runner/cypress_runner.js:132448:16)\n    at tryCatcher (http://localhost:39033/__cypress/runner/cypress_runner.js:167415:23)\n    at Promise._settlePromiseFromHandler (http://localhost:39033/__cypress/runner/cypress_runner.js:165351:31)\n    at Promise._settlePromise (http://localhost:39033/__cypress/runner/cypress_runner.js:165408:18)\n    at Promise._settlePromise0 (http://localhost:39033/__cypress/runner/cypress_runner.js:165453:10)\n    at Promise._settlePromises (http://localhost:39033/__cypress/runner/cypress_runner.js:165528:18)\n    at Async../node_modules/bluebird/js/release/async.js.Async._drainQueue (http://localhost:39033/__cypress/runner/cypress_runner.js:162140:16)\n    at Async../node_modules/bluebird/js/release/async.js.Async._drainQueues (http://localhost:39033/__cypress/runner/cypress_runner.js:162150:10)\n    at Async.drainQueues (http://localhost:39033/__cypress/runner/cypress_runner.js:162024:14)",
                "diff": null
              },
              "uuid": "1638f3f6-3f5d-4632-a246-ae431edca888",
              "parentUUID": "6e039324-0656-4443-8faf-0a11f03ee7fe",
              "isHook": false,
              "skipped": false
            },
            {
              "title": "Verifica se existe um botão com o id `generate-board`",
              "fullTitle": "10 - Faça o quadro de pixels ter seu tamanho definido pelo usuário. Verifica se existe um botão com o id `generate-board`",
              "timedOut": null,
              "duration": 4468,
              "state": "failed",
              "speed": null,
              "pass": false,
[...]
                "diff": null
              },
              "uuid": "ce0ce776-cc19-450a-9a48-2cacd66e65bd",
              "parentUUID": "6e039324-0656-4443-8faf-0a11f03ee7fe",
              "isHook": false,
              "skipped": false
            },
            {
              "title": "Verifica se o novo quadro tem todos os pixels preenchidos com a cor branca",
              "fullTitle": "10 - Faça o quadro de pixels ter seu tamanho definido pelo usuário. Verifica se o novo quadro tem todos os pixels preenchidos com a cor branca",
              "timedOut": null,
              "duration": 4418,
              "state": "failed",
              "speed": null,
              "pass": false,
              "fail": true,
              "pending": false,
              "context": null,
              "code": "cy.get('#board-size').clear().type(6);\ncy.get('#generate-board').click();\ncy.get('.pixel').should('have.length', 36).each(function (pixel) {\n  expect(pixel).to.have.css('background-color', WHITE);\n});",
              "err": {
                "message": "CypressError: Timed out retrying: Expected to find element: '#board-size', but never found it.",
                "estack": "CypressError: Timed out retrying: Expected to find element: '#board-size', but never found it.\n    at cypressErr (http://localhost:39033/__cypress/runner/cypress_runner.js:149934:9)\n    at throwErr (http://localhost:39033/__cypress/runner/cypress_runner.js:149867:11)\n    at Object.throwErrByPath (http://localhost:39033/__cypress/runner/cypress_runner.js:149915:3)\n    at retry (http://localhost:39033/__cypress/runner/cypress_runner.js:144197:19)\n    at onFailFn (http://localhost:39033/__cypress/runner/cypress_runner.js:132448:16)\n    at tryCatcher (http://localhost:39033/__cypress/runner/cypress_runner.js:167415:23)\n    at Promise._settlePromiseFromHandler (http://localhost:39033/__cypress/runner/cypress_runner.js:165351:31)\n    at Promise._settlePromise (http://localhost:39033/__cypress/runner/cypress_runner.js:165408:18)\n    at Promise._settlePromise0 (http://localhost:39033/__cypress/runner/cypress_runner.js:165453:10)\n    at Promise._settlePromises (http://localhost:39033/__cypress/runner/cypress_runner.js:165528:18)\n    at Async../node_modules/bluebird/js/release/async.js.Async._drainQueue (http://localhost:39033/__cypress/runner/cypress_runner.js:162140:16)\n    at Async../node_modules/bluebird/js/release/async.js.Async._drainQueues (http://localhost:39033/__cypress/runner/cypress_runner.js:162150:10)\n    at Async.drainQueues (http://localhost:39033/__cypress/runner/cypress_runner.js:162024:14)",
                "diff": null
              },
              "uuid": "56c89e5a-2719-47a4-a2c0-6f2d7dc84d1a",
              "parentUUID": "6e039324-0656-4443-8faf-0a11f03ee7fe",
              "isHook": false,
              "skipped": false
            }
          ],
          "suites": [],
          "passes": [],
          "failures": [
            "1638f3f6-3f5d-4632-a246-ae431edca888",
            "b2a1d485-9b11-40fc-bf51-c6a28ad978dd",
            "09fb9d67-0e35-45db-92d0-b1d90f2a3d49",
            "8041b511-f3c4-4dac-8414-b7a05615055c",
            "46ebe72e-9f5d-4b80-bfd3-f0432885b816",
            "eeeb915e-a198-4795-97ce-46ad704b9b16",
            "136bd547-a5fe-4996-a0bd-5d98a194754b",
            "ce0ce776-cc19-450a-9a48-2cacd66e65bd",
            "56c89e5a-2719-47a4-a2c0-6f2d7dc84d1a"
          ],
          "pending": [],
          "skipped": [],
          "duration": 39862,
          "root": false,
          "rootEmpty": false,
          "_timeout": 2000
        },
        {
          "uuid": "3b8f8bd5-3569-4977-be91-38b188611b28",
          "title": "11 - Limite o tamanho mínimo e máximo do board.",
          "fullFile": "",
          "file": "",
          "beforeHooks": [],
          "afterHooks": [],
          "tests": [
            {
              "title": "Verifica se a altura máxima do board é 50",
              "fullTitle": "11 - Limite o tamanho mínimo e máximo do board. Verifica se a altura máxima do board é 50",
              "timedOut": null,
              "duration": 4445,
              "state": "failed",
              "speed": null,
              "pass": false,
              "fail": true,
              "pending": false,
              "context": null,
              "code": "cy.get('#board-size').clear().type(50);\ncy.get('#generate-board').click();\ncy.get('.pixel').should('have.length', 2500);",
              "err": {
                "message": "CypressError: Timed out retrying: Expected to find element: '#board-size', but never found it.",
                "estack": "CypressError: Timed out retrying: Expected to find element: '#board-size', but never found it.\n    at cypressErr (http://localhost:39033/__cypress/runner/cypress_runner.js:149934:9)\n    at throwErr (http://localhost:39033/__cypress/runner/cypress_runner.js:149867:11)\n    at Object.throwErrByPath (http://localhost:39033/__cypress/runner/cypress_runner.js:149915:3)\n    at retry (http://localhost:39033/__cypress/runner/cypress_runner.js:144197:19)\n    at onFailFn (http://localhost:39033/__cypress/runner/cypress_runner.js:132448:16)\n    at tryCatcher (http://localhost:39033/__cypress/runner/cypress_runner.js:167415:23)\n    at Promise._settlePromiseFromHandler (http://localhost:39033/__cypress/runner/cypress_runner.js:165351:31)\n    at Promise._settlePromise (http://localhost:39033/__cypress/runner/cypress_runner.js:165408:18)\n    at Promise._settlePromise0 (http://localhost:39033/__cypress/runner/cypress_runner.js:165453:10)\n    at Promise._settlePromises (http://localhost:39033/__cypress/runner/cypress_runner.js:165528:18)\n    at Async../node_modules/bluebird/js/release/async.js.Async._drainQueue (http://localhost:39033/__cypress/runner/cypress_runner.js:162140:16)\n    at Async../node_modules/bluebird/js/release/async.js.Async._drainQueues (http://localhost:39033/__cypress/runner/cypress_runner.js:162150:10)\n    at Async.drainQueues (http://localhost:39033/__cypress/runner/cypress_runner.js:162024:14)",
                "diff": null
              },
              "uuid": "90d16ac4-fe1d-490b-9985-6dd33197dfff",
              "parentUUID": "3b8f8bd5-3569-4977-be91-38b188611b28",
              "isHook": false,
              "skipped": false
            },
            {
              "title": "Verifica se a altura do board é 5 quando um valor menor é colocado no input",
              "fullTitle": "11 - Limite o tamanho mínimo e máximo do board. Verifica se a altura do board é 5 quando um valor menor é colocado no input",
              "timedOut": null,
              "duration": 4427,
              "state": "failed",
              "speed": null,
              "pass": false,
              "fail": true,
              "pending": false,
              "context": null,
              "code": "cy.get('#board-size').clear().type(4);\ncy.get('#generate-board').click();\ncy.get('.pixel').should('have.length', 25);",
              "err": {
                "message": "CypressError: Timed out retrying: Expected to find element: '#board-size', but never found it.",
                "estack": "CypressError: Timed out retrying: Expected to find element: '#board-size', but never found it.\n    at cypressErr (http://localhost:39033/__cypress/runner/cypress_runner.js:149934:9)\n    at throwErr (http://localhost:39033/__cypress/runner/cypress_runner.js:149867:11)\n    at Object.throwErrByPath (http://localhost:39033/__cypress/runner/cypress_runner.js:149915:3)\n    at retry (http://localhost:39033/__cypress/runner/cypress_runner.js:144197:19)\n    at onFailFn (http://localhost:39033/__cypress/runner/cypress_runner.js:132448:16)\n    at tryCatcher (http://localhost:39033/__cypress/runner/cypress_runner.js:167415:23)\n    at Promise._settlePromiseFromHandler (http://localhost:39033/__cypress/runner/cypress_runner.js:165351:31)\n    at Promise._settlePromise (http://localhost:39033/__cypress/runner/cypress_runner.js:165408:18)\n    at Promise._settlePromise0 (http://localhost:39033/__cypress/runner/cypress_runner.js:165453:10)\n    at Promise._settlePromises (http://localhost:39033/__cypress/runner/cypress_runner.js:165528:18)\n    at Async../node_modules/bluebird/js/release/async.js.Async._drainQueue (http://localhost:39033/__cypress/runner/cypress_runner.js:162140:16)\n    at Async../node_modules/bluebird/js/release/async.js.Async._drainQueues (http://localhost:39033/__cypress/runner/cypress_runner.js:162150:10)\n    at Async.drainQueues (http://localhost:39033/__cypress/runner/cypress_runner.js:162024:14)",
                "diff": null
              },
              "uuid": "58421461-158f-4f6b-a12f-9dab44e6dbec",
              "parentUUID": "3b8f8bd5-3569-4977-be91-38b188611b28",
              "isHook": false,
              "skipped": false
            },
            {
              "title": "Verifica se a altura do board é 50 quando um valor maior é colocado no input",
              "fullTitle": "11 - Limite o tamanho mínimo e máximo do board. Verifica se a altura do board é 50 quando um valor maior é colocado no input",
              "timedOut": null,
              "duration": 4438,
              "state": "failed",
              "speed": null,
              "pass": false,
              "fail": true,
              "pending": false,
              "context": null,
              "code": "cy.get('#board-size').clear().type(51);\ncy.get('#generate-board').click();\ncy.get('.pixel').should('have.length', 2500);",
              "err": {
                "message": "CypressError: Timed out retrying: Expected to find element: '#board-size', but never found it.",
                "estack": "CypressError: Timed out retrying: Expected to find element: '#board-size', but never found it.\n    at cypressErr (http://localhost:39033/__cypress/runner/cypress_runner.js:149934:9)\n    at throwErr (http://localhost:39033/__cypress/runner/cypress_runner.js:149867:11)\n    at Object.throwErrByPath (http://localhost:39033/__cypress/runner/cypress_runner.js:149915:3)\n    at retry (http://localhost:39033/__cypress/runner/cypress_runner.js:144197:19)\n    at onFailFn (http://localhost:39033/__cypress/runner/cypress_runner.js:132448:16)\n    at tryCatcher (http://localhost:39033/__cypress/runner/cypress_runner.js:167415:23)\n    at Promise._settlePromiseFromHandler (http://localhost:39033/__cypress/runner/cypress_runner.js:165351:31)\n    at Promise._settlePromise (http://localhost:39033/__cypress/runner/cypress_runner.js:165408:18)\n    at Promise._settlePromise0 (http://localhost:39033/__cypress/runner/cypress_runner.js:165453:10)\n    at Promise._settlePromises (http://localhost:39033/__cypress/runner/cypress_runner.js:165528:18)\n    at Async../node_modules/bluebird/js/release/async.js.Async._drainQueue (http://localhost:39033/__cypress/runner/cypress_runner.js:162140:16)\n    at Async../node_modules/bluebird/js/release/async.js.Async._drainQueues (http://localhost:39033/__cypress/runner/cypress_runner.js:162150:10)\n    at Async.drainQueues (http://localhost:39033/__cypress/runner/cypress_runner.js:162024:14)",
                "diff": null
              },
              "uuid": "96e38ca5-0c0a-4d66-9d78-8ca79b6bc80c",
              "parentUUID": "3b8f8bd5-3569-4977-be91-38b188611b28",
              "isHook": false,
              "skipped": false
            }
          ],
          "suites": [],
          "passes": [],
          "failures": [
            "90d16ac4-fe1d-490b-9985-6dd33197dfff",
            "58421461-158f-4f6b-a12f-9dab44e6dbec",
            "96e38ca5-0c0a-4d66-9d78-8ca79b6bc80c"
          ],
          "pending": [],
          "skipped": [],
          "duration": 13310,
          "root": false,
          "rootEmpty": false,
          "_timeout": 2000
        },
        {
          "uuid": "3a6b4251-ef01-427f-a77e-08f671a5726d",
          "title": "12 - Faça com que as cores da paleta sejam geradas aleatoriamente ao carregar a página.",
          "fullFile": "",
          "file": "",
          "beforeHooks": [],
          "afterHooks": [],
          "tests": [
            {
              "title": "Verifica se as cores geradas na paleta são diferentes a cada carregamento da página",
              "fullTitle": "12 - Faça com que as cores da paleta sejam geradas aleatoriamente ao carregar a página. Verifica se as cores geradas na paleta são diferentes a cada carregamento da página",
              "timedOut": null,
              "duration": 597,
              "state": "failed",
              "speed": null,
              "pass": false,
              "fail": true,
              "pending": false,
              "context": null,
              "code": "cy.get('.color').then(function (colors) {\n  var currentColors;\n  var previousColors;\n  previousColors = Array.from(colors).map(function (color) {\n    return Cypress.$(color).css('background-color');\n  });\n  for (var i = 0; i < 5; i += 1) {\n    cy.reload();\n    cy.get('.color').then(function (colors) {\n      currentColors = Array.from(colors).map(function (color) {\n        return Cypress.$(color).css('background-color');\n      });\n      expect(currentColors).not.to.deep.equal(previousColors);\n      previousColors = currentColors;\n    });\n  }\n});",
              "err": {
                "message": "AssertionError: expected [ Array(4) ] to not deeply equal [ Array(4) ]",
                "estack": "AssertionError: expected [ Array(4) ] to not deeply equal [ Array(4) ]\n    at getRet (http://localhost:39033/__cypress/runner/cypress_runner.js:136585:16)\n    at tryCatcher (http://localhost:39033/__cypress/runner/cypress_runner.js:167415:23)\n    at Function.Promise.attempt.Promise.try (http://localhost:39033/__cypress/runner/cypress_runner.js:164690:29)\n    at Context.thenFn (http://localhost:39033/__cypress/runner/cypress_runner.js:136599:23)\n    at Context.then (http://localhost:39033/__cypress/runner/cypress_runner.js:136971:21)\n    at Context.<anonymous> (http://localhost:39033/__cypress/runner/cypress_runner.js:148875:21)\n    at http://localhost:39033/__cypress/runner/cypress_runner.js:148351:33\n    at tryCatcher (http://localhost:39033/__cypress/runner/cypress_runner.js:167415:23)\n    at Promise._settlePromiseFromHandler (http://localhost:39033/__cypress/runner/cypress_runner.js:165351:31)\n    at Promise._settlePromise (http://localhost:39033/__cypress/runner/cypress_runner.js:165408:18)\n    at Promise._settlePromiseCtx (http://localhost:39033/__cypress/runner/cypress_runner.js:165445:10)\n    at Async../node_modules/bluebird/js/release/async.js.Async._drainQueue (http://localhost:39033/__cypress/runner/cypress_runner.js:162145:12)\n    at Async../node_modules/bluebird/js/release/async.js.Async._drainQueues (http://localhost:39033/__cypress/runner/cypress_runner.js:162150:10)\n    at Async.drainQueues (http://localhost:39033/__cypress/runner/cypress_runner.js:162024:14)",
                "diff": ""
              },
              "uuid": "8610a570-41eb-44d9-a6d1-ea310263806a",
              "parentUUID": "3a6b4251-ef01-427f-a77e-08f671a5726d",
              "isHook": false,
              "skipped": false
            },
            {
              "title": "Verifica se a cor preta ainda está presente e é a primeira na sua paleta de cores",
              "fullTitle": "12 - Faça com que as cores da paleta sejam geradas aleatoriamente ao carregar a página. Verifica se a cor preta ainda está presente e é a primeira na sua paleta de cores",
              "timedOut": null,
              "duration": 448,
              "state": "failed",
              "speed": null,
              "pass": false,
              "fail": true,
              "pending": false,
              "context": null,
              "code": "cy.get('.color').then(function (colors) {\n  var currentColors;\n  var previousColors;\n  previousColors = Array.from(colors).map(function (color) {\n    return Cypress.$(color).css('background-color');\n  });\n  expect(previousColors[0]).to.eq(BLACK);\n  for (var i = 0; i < 5; i += 1) {\n    cy.reload();\n    cy.get('.color').then(function (colors) {\n      currentColors = Array.from(colors).map(function (color) {\n        return Cypress.$(color).css('background-color');\n      });\n      expect(currentColors[0]).to.eq(BLACK);\n      expect(currentColors).not.to.deep.equal(previousColors);\n      previousColors = currentColors;\n    });\n  }\n});",
              "err": {
                "message": "AssertionError: expected 'rgba(0, 0, 0, 0)' to equal 'rgb(0, 0, 0)'",
                "estack": "AssertionError: expected 'rgba(0, 0, 0, 0)' to equal 'rgb(0, 0, 0)'\n    at getRet (http://localhost:39033/__cypress/runner/cypress_runner.js:136585:16)\n    at tryCatcher (http://localhost:39033/__cypress/runner/cypress_runner.js:167415:23)\n    at Function.Promise.attempt.Promise.try (http://localhost:39033/__cypress/runner/cypress_runner.js:164690:29)\n    at Context.thenFn (http://localhost:39033/__cypress/runner/cypress_runner.js:136599:23)\n    at Context.then (http://localhost:39033/__cypress/runner/cypress_runner.js:136971:21)\n    at Context.<anonymous> (http://localhost:39033/__cypress/runner/cypress_runner.js:148875:21)\n    at http://localhost:39033/__cypress/runner/cypress_runner.js:148351:33\n    at tryCatcher (http://localhost:39033/__cypress/runner/cypress_runner.js:167415:23)\n    at Promise._settlePromiseFromHandler (http://localhost:39033/__cypress/runner/cypress_runner.js:165351:31)\n    at Promise._settlePromise (http://localhost:39033/__cypress/runner/cypress_runner.js:165408:18)\n    at Promise._settlePromiseCtx (http://localhost:39033/__cypress/runner/cypress_runner.js:165445:10)\n    at Async../node_modules/bluebird/js/release/async.js.Async._drainQueue (http://localhost:39033/__cypress/runner/cypress_runner.js:162145:12)\n    at Async../node_modules/bluebird/js/release/async.js.Async._drainQueues (http://localhost:39033/__cypress/runner/cypress_runner.js:162150:10)\n    at Async.drainQueues (http://localhost:39033/__cypress/runner/cypress_runner.js:162024:14)",
                "diff": "- 'rgba(0, 0, 0, 0)'\n+ 'rgb(0, 0, 0)'\n"
              },
              "uuid": "e6f1bd1c-f161-4720-8027-cdbefb949722",
              "parentUUID": "3a6b4251-ef01-427f-a77e-08f671a5726d",
              "isHook": false,
              "skipped": false
            }
          ],
          "suites": [],
          "passes": [],
          "failures": [
            "8610a570-41eb-44d9-a6d1-ea310263806a",
            "e6f1bd1c-f161-4720-8027-cdbefb949722"
          ],
          "pending": [],
          "skipped": [],
          "duration": 1045,
          "root": false,
          "rootEmpty": false,
          "_timeout": 2000
        }
      ],
      "passes": [],
      "failures": [],
      "pending": [],
      "skipped": [],
      "duration": 0,
      "root": true,
      "rootEmpty": true,
      "_timeout": 2000
    }
  ],
  "meta": {
    "mocha": {
      "version": "7.0.1"
    },
    "mochawesome": {
      "options": {
        "quiet": false,
        "reportFilename": "mochawesome",
        "saveHtml": false,
        "saveJson": true,
        "consoleReporter": "spec",
        "useInlineDiffs": false
      },
      "version": "4.1.0"
    },
    "marge": {
      "options": {
        "id": "default",
        "reportDir": "cypress/reports",
        "overwrite": true,
        "html": false,
        "json": true
      },
      "version": "4.1.0"
    }
  }
}